                       :-) GROMACS - gmx mdrun, 2023 (-:

Copyright 1991-2023 The GROMACS Authors.
GROMACS is free software; you can redistribute it and/or modify it
under the terms of the GNU Lesser General Public License
as published by the Free Software Foundation; either version 2.1
of the License, or (at your option) any later version.

                         Current GROMACS contributors:
       Mark Abraham           Andrey Alekseenko           Cathrine Bergh      
      Christian Blau            Eliane Briand             Mahesh Doijade      
    Stefan Fleischmann           Vytas Gapsys              Gaurav Garg        
      Sergey Gorelov         Gilles Gouaillardet            Alan Gray         
     M. Eric Irrgang         Farzaneh Jalalypour            Joe Jordan        
    Christoph Junghans        Prashanth Kanduri          Sebastian Keller     
     Carsten Kutzner           Justin A. Lemkul          Magnus Lundborg      
       Pascal Merz              Vedran Miletic            Dmitry Morozov      
       Szilard Pall             Roland Schulz             Michael Shirts      
     Alexey Shvetsov            Balint Soproni         David van der Spoel    
      Philip Turner             Carsten Uphoff           Alessandra Villa     
 Sebastian Wingbermuehle        Artem Zhmurov       

                         Previous GROMACS contributors:
        Emile Apol             Rossen Apostolov           James Barnett       
  Herman J.C. Berendsen          Par Bjelkmar           Viacheslav Bolnykh    
        Kevin Boyd            Aldert van Buuren          Carlo Camilloni      
     Rudi van Drunen            Anton Feenstra           Oliver Fleetwood     
     Gerrit Groenhof            Bert de Groot             Anca Hamuraru       
    Vincent Hindriksen          Victor Holanda           Aleksei Iupinov      
   Dimitrios Karkoulis           Peter Kasson             Sebastian Kehl      
        Jiri Kraus               Per Larsson              Viveca Lindahl      
      Erik Marklund           Pieter Meulenhoff           Teemu Murtola       
       Sander Pronk             Alfons Sijbers            Peter Tieleman      
       Jon Vincent             Teemu Virolainen         Christian Wennberg    
       Maarten Wolf       

                  Coordinated by the GROMACS project leaders:
                    Paul Bauer, Berk Hess, and Erik Lindahl

GROMACS:      gmx mdrun, version 2023
Executable:   /usr/local/gromacs/bin/gmx
Data prefix:  /usr/local/gromacs
Working dir:  /home/mirjr/Documents/github/bioinfo/gmx/1dem
Process ID:   5094
Command line:
  gmx mdrun -v -deffnm nvt

GROMACS version:    2023
Precision:          mixed
Memory model:       64 bit
MPI library:        thread_mpi
OpenMP support:     enabled (GMX_OPENMP_MAX_THREADS = 128)
GPU support:        CUDA
NB cluster size:    8
SIMD instructions:  AVX2_256
CPU FFT library:    fftw-3.3.8-sse2-avx-avx2-avx2_128
GPU FFT library:    cuFFT
Multi-GPU FFT:      none
RDTSCP usage:       enabled
TNG support:        enabled
Hwloc support:      disabled
Tracing support:    disabled
C compiler:         /usr/bin/cc GNU 11.3.0
C compiler flags:   -fexcess-precision=fast -funroll-all-loops -mavx2 -mfma -Wno-missing-field-initializers -O3 -DNDEBUG
C++ compiler:       /usr/bin/c++ GNU 11.3.0
C++ compiler flags: -fexcess-precision=fast -funroll-all-loops -mavx2 -mfma -Wno-missing-field-initializers -Wno-cast-function-type-strict -fopenmp -O3 -DNDEBUG
BLAS library:       
LAPACK library:     
CUDA compiler:      /usr/local/cuda/bin/nvcc nvcc: NVIDIA (R) Cuda compiler driver;Copyright (c) 2005-2023 NVIDIA Corporation;Built on Tue_Feb__7_19:32:13_PST_2023;Cuda compilation tools, release 12.1, V12.1.66;Build cuda_12.1.r12.1/compiler.32415258_0
CUDA compiler flags:-std=c++17;--generate-code=arch=compute_50,code=sm_50;--generate-code=arch=compute_52,code=sm_52;--generate-code=arch=compute_60,code=sm_60;--generate-code=arch=compute_61,code=sm_61;--generate-code=arch=compute_70,code=sm_70;--generate-code=arch=compute_75,code=sm_75;--generate-code=arch=compute_80,code=sm_80;--generate-code=arch=compute_86,code=sm_86;--generate-code=arch=compute_89,code=sm_89;--generate-code=arch=compute_90,code=sm_90;-Wno-deprecated-gpu-targets;--generate-code=arch=compute_53,code=sm_53;--generate-code=arch=compute_80,code=sm_80;-use_fast_math;-Xptxas;-warn-double-usage;-Xptxas;-Werror;-D_FORCE_INLINES;-fexcess-precision=fast -funroll-all-loops -mavx2 -mfma -Wno-missing-field-initializers -Wno-cast-function-type-strict -fopenmp -O3 -DNDEBUG
CUDA driver:        12.10
CUDA runtime:       12.10


Running on 1 node with total 2 cores, 4 processing units, 1 compatible GPU
Hardware detected on host dev:
  CPU info:
    Vendor: Intel
    Brand:  Intel(R) Core(TM) i3-10110U CPU @ 2.10GHz
    Family: 6   Model: 142   Stepping: 12
    Features: aes apic avx avx2 clfsh cmov cx8 cx16 f16c fma htt intel lahf mmx msr nonstop_tsc pcid pclmuldq pdcm pdpe1gb popcnt pse rdrnd rdtscp sse2 sse3 sse4.1 sse4.2 ssse3 tdt x2apic
  Hardware topology: Basic
    Packages, cores, and logical processors:
    [indices refer to OS logical processors]
      Package  0: [   0   2] [   1   3]
    CPU limit set by OS: -1   Recommended max number of threads: 4
  GPU info:
    Number of GPUs detected: 1
    #0: NVIDIA NVIDIA GeForce MX230, compute cap.: 6.1, ECC:  no, stat: compatible


++++ PLEASE READ AND CITE THE FOLLOWING REFERENCE ++++
M. J. Abraham, T. Murtola, R. Schulz, S. Páll, J. C. Smith, B. Hess, E.
Lindahl
GROMACS: High performance molecular simulations through multi-level
parallelism from laptops to supercomputers
SoftwareX 1 (2015) pp. 19-25
-------- -------- --- Thank You --- -------- --------


++++ PLEASE READ AND CITE THE FOLLOWING REFERENCE ++++
S. Páll, M. J. Abraham, C. Kutzner, B. Hess, E. Lindahl
Tackling Exascale Software Challenges in Molecular Dynamics Simulations with
GROMACS
In S. Markidis & E. Laure (Eds.), Solving Software Challenges for Exascale 8759 (2015) pp. 3-27
-------- -------- --- Thank You --- -------- --------


++++ PLEASE READ AND CITE THE FOLLOWING REFERENCE ++++
S. Pronk, S. Páll, R. Schulz, P. Larsson, P. Bjelkmar, R. Apostolov, M. R.
Shirts, J. C. Smith, P. M. Kasson, D. van der Spoel, B. Hess, and E. Lindahl
GROMACS 4.5: a high-throughput and highly parallel open source molecular
simulation toolkit
Bioinformatics 29 (2013) pp. 845-54
-------- -------- --- Thank You --- -------- --------


++++ PLEASE READ AND CITE THE FOLLOWING REFERENCE ++++
B. Hess and C. Kutzner and D. van der Spoel and E. Lindahl
GROMACS 4: Algorithms for highly efficient, load-balanced, and scalable
molecular simulation
J. Chem. Theory Comput. 4 (2008) pp. 435-447
-------- -------- --- Thank You --- -------- --------


++++ PLEASE READ AND CITE THE FOLLOWING REFERENCE ++++
D. van der Spoel, E. Lindahl, B. Hess, G. Groenhof, A. E. Mark and H. J. C.
Berendsen
GROMACS: Fast, Flexible and Free
J. Comp. Chem. 26 (2005) pp. 1701-1719
-------- -------- --- Thank You --- -------- --------


++++ PLEASE READ AND CITE THE FOLLOWING REFERENCE ++++
E. Lindahl and B. Hess and D. van der Spoel
GROMACS 3.0: A package for molecular simulation and trajectory analysis
J. Mol. Mod. 7 (2001) pp. 306-317
-------- -------- --- Thank You --- -------- --------


++++ PLEASE READ AND CITE THE FOLLOWING REFERENCE ++++
H. J. C. Berendsen, D. van der Spoel and R. van Drunen
GROMACS: A message-passing parallel molecular dynamics implementation
Comp. Phys. Comm. 91 (1995) pp. 43-56
-------- -------- --- Thank You --- -------- --------


++++ PLEASE CITE THE DOI FOR THIS VERSION OF GROMACS ++++
https://doi.org/10.5281/zenodo.7588619
-------- -------- --- Thank You --- -------- --------

Input Parameters:
   integrator                     = md
   tinit                          = 0
   dt                             = 0.002
   nsteps                         = 50000
   init-step                      = 0
   simulation-part                = 1
   mts                            = false
   comm-mode                      = Linear
   nstcomm                        = 100
   bd-fric                        = 0
   ld-seed                        = 2138040285
   emtol                          = 10
   emstep                         = 0.01
   niter                          = 20
   fcstep                         = 0
   nstcgsteep                     = 1000
   nbfgscorr                      = 10
   rtpi                           = 0.05
   nstxout                        = 500
   nstvout                        = 500
   nstfout                        = 0
   nstlog                         = 500
   nstcalcenergy                  = 100
   nstenergy                      = 500
   nstxout-compressed             = 0
   compressed-x-precision         = 1000
   cutoff-scheme                  = Verlet
   nstlist                        = 10
   pbc                            = xyz
   periodic-molecules             = false
   verlet-buffer-tolerance        = 0.005
   rlist                          = 1
   coulombtype                    = PME
   coulomb-modifier               = Potential-shift
   rcoulomb-switch                = 0
   rcoulomb                       = 1
   epsilon-r                      = 1
   epsilon-rf                     = inf
   vdw-type                       = Cut-off
   vdw-modifier                   = Potential-shift
   rvdw-switch                    = 0
   rvdw                           = 1
   DispCorr                       = EnerPres
   table-extension                = 1
   fourierspacing                 = 0.16
   fourier-nx                     = 40
   fourier-ny                     = 40
   fourier-nz                     = 40
   pme-order                      = 4
   ewald-rtol                     = 1e-05
   ewald-rtol-lj                  = 0.001
   lj-pme-comb-rule               = Geometric
   ewald-geometry                 = 3d
   epsilon-surface                = 0
   ensemble-temperature-setting   = constant
   ensemble-temperature           = 300
   tcoupl                         = V-rescale
   nsttcouple                     = 10
   nh-chain-length                = 0
   print-nose-hoover-chain-variables = false
   pcoupl                         = No
   pcoupltype                     = Isotropic
   nstpcouple                     = -1
   tau-p                          = 1
   compressibility (3x3):
      compressibility[    0]={ 0.00000e+00,  0.00000e+00,  0.00000e+00}
      compressibility[    1]={ 0.00000e+00,  0.00000e+00,  0.00000e+00}
      compressibility[    2]={ 0.00000e+00,  0.00000e+00,  0.00000e+00}
   ref-p (3x3):
      ref-p[    0]={ 0.00000e+00,  0.00000e+00,  0.00000e+00}
      ref-p[    1]={ 0.00000e+00,  0.00000e+00,  0.00000e+00}
      ref-p[    2]={ 0.00000e+00,  0.00000e+00,  0.00000e+00}
   refcoord-scaling               = No
   posres-com (3):
      posres-com[0]= 0.00000e+00
      posres-com[1]= 0.00000e+00
      posres-com[2]= 0.00000e+00
   posres-comB (3):
      posres-comB[0]= 0.00000e+00
      posres-comB[1]= 0.00000e+00
      posres-comB[2]= 0.00000e+00
   QMMM                           = false
qm-opts:
   ngQM                           = 0
   constraint-algorithm           = Lincs
   continuation                   = false
   Shake-SOR                      = false
   shake-tol                      = 0.0001
   lincs-order                    = 4
   lincs-iter                     = 1
   lincs-warnangle                = 30
   nwall                          = 0
   wall-type                      = 9-3
   wall-r-linpot                  = -1
   wall-atomtype[0]               = -1
   wall-atomtype[1]               = -1
   wall-density[0]                = 0
   wall-density[1]                = 0
   wall-ewald-zfac                = 3
   pull                           = false
   awh                            = false
   rotation                       = false
   interactiveMD                  = false
   disre                          = No
   disre-weighting                = Conservative
   disre-mixed                    = false
   dr-fc                          = 1000
   dr-tau                         = 0
   nstdisreout                    = 100
   orire-fc                       = 0
   orire-tau                      = 0
   nstorireout                    = 100
   free-energy                    = no
   cos-acceleration               = 0
   deform (3x3):
      deform[    0]={ 0.00000e+00,  0.00000e+00,  0.00000e+00}
      deform[    1]={ 0.00000e+00,  0.00000e+00,  0.00000e+00}
      deform[    2]={ 0.00000e+00,  0.00000e+00,  0.00000e+00}
   simulated-tempering            = false
   swapcoords                     = no
   userint1                       = 0
   userint2                       = 0
   userint3                       = 0
   userint4                       = 0
   userreal1                      = 0
   userreal2                      = 0
   userreal3                      = 0
   userreal4                      = 0
   applied-forces:
     electric-field:
       x:
         E0                       = 0
         omega                    = 0
         t0                       = 0
         sigma                    = 0
       y:
         E0                       = 0
         omega                    = 0
         t0                       = 0
         sigma                    = 0
       z:
         E0                       = 0
         omega                    = 0
         t0                       = 0
         sigma                    = 0
     density-guided-simulation:
       active                     = false
       group                      = protein
       similarity-measure         = inner-product
       atom-spreading-weight      = unity
       force-constant             = 1e+09
       gaussian-transform-spreading-width = 0.2
       gaussian-transform-spreading-range-in-multiples-of-width = 4
       reference-density-filename = reference.mrc
       nst                        = 1
       normalize-densities        = true
       adaptive-force-scaling     = false
       adaptive-force-scaling-time-constant = 4
       shift-vector               = 
       transformation-matrix      = 
     qmmm-cp2k:
       active                     = false
       qmgroup                    = System
       qmmethod                   = PBE
       qmfilenames                = 
       qmcharge                   = 0
       qmmultiplicity             = 1
grpopts:
   nrdf:     2503.78     32388.2
   ref-t:         300         300
   tau-t:         0.1         0.1
annealing:          No          No
annealing-npoints:           0           0
   acc:	           0           0           0
   nfreeze:           N           N           N
   energygrp-flags[  0]: 0

Changing nstlist from 10 to 100, rlist from 1 to 1.165

When checking whether update groups are usable:
  Domain decomposition is not active, so there is no need for update groups
1 GPU selected for this run.
Mapping of GPU IDs to the 2 GPU tasks in the 1 rank on this node:
  PP:0,PME:0
PP tasks will do (non-perturbed) short-ranged interactions on the GPU
PP task will update and constrain coordinates on the GPU
PME tasks will do all aspects on the GPU
Using 1 MPI thread
Using 4 OpenMP threads 

System total charge: 0.000
Will do PME sum in reciprocal space for electrostatic interactions.

++++ PLEASE READ AND CITE THE FOLLOWING REFERENCE ++++
U. Essmann, L. Perera, M. L. Berkowitz, T. Darden, H. Lee and L. G. Pedersen 
A smooth particle mesh Ewald method
J. Chem. Phys. 103 (1995) pp. 8577-8592
-------- -------- --- Thank You --- -------- --------

Using a Gaussian width (1/beta) of 0.320163 nm for Ewald
Potential shift: LJ r^-12: -1.000e+00 r^-6: -1.000e+00, Ewald -1.000e-05
Initialized non-bonded Coulomb Ewald tables, spacing: 9.33e-04 size: 1073

Generated table with 1082 data points for 1-4 COUL.
Tabscale = 500 points/nm
Generated table with 1082 data points for 1-4 LJ6.
Tabscale = 500 points/nm
Generated table with 1082 data points for 1-4 LJ12.
Tabscale = 500 points/nm
Long Range LJ corr.: <C6> 3.2203e-04


Using GPU 8x8 nonbonded short-range kernels

Using a dual 8x8 pair-list setup updated with dynamic, rolling pruning:
  outer list: updated every 100 steps, buffer 0.165 nm, rlist 1.165 nm
  inner list: updated every  10 steps, buffer 0.001 nm, rlist 1.001 nm
At tolerance 0.005 kJ/mol/ps per atom, equivalent classical 1x1 list would be:
  outer list: updated every 100 steps, buffer 0.318 nm, rlist 1.318 nm
  inner list: updated every  10 steps, buffer 0.042 nm, rlist 1.042 nm

Using Lorentz-Berthelot Lennard-Jones combination rule
Removing pbc first time

Pinning threads with an auto-selected logical cpu stride of 1

Initializing LINear Constraint Solver

++++ PLEASE READ AND CITE THE FOLLOWING REFERENCE ++++
B. Hess and H. Bekker and H. J. C. Berendsen and J. G. E. M. Fraaije
LINCS: A Linear Constraint Solver for molecular simulations
J. Comp. Chem. 18 (1997) pp. 1463-1472
-------- -------- --- Thank You --- -------- --------

The number of constraints is 502

++++ PLEASE READ AND CITE THE FOLLOWING REFERENCE ++++
S. Miyamoto and P. A. Kollman
SETTLE: An Analytical Version of the SHAKE and RATTLE Algorithms for Rigid
Water Models
J. Comp. Chem. 13 (1992) pp. 952-962
-------- -------- --- Thank You --- -------- --------


++++ PLEASE READ AND CITE THE FOLLOWING REFERENCE ++++
G. Bussi, D. Donadio and M. Parrinello
Canonical sampling through velocity rescaling
J. Chem. Phys. 126 (2007) pp. 014101
-------- -------- --- Thank You --- -------- --------

There are: 17176 Atoms

Updating coordinates and applying constraints on the GPU.

Constraining the starting coordinates (step 0)

Constraining the coordinates at t0-dt (step 0)
Center of mass motion removal mode is Linear
We have the following groups for center of mass motion removal:
  0:  rest
RMS relative constraint deviation after constraining: 2.86e-06
Initial temperature: 299.475 K

Started mdrun on rank 0 Fri Apr  7 05:38:38 2023

           Step           Time
              0        0.00000

   Energies (kJ/mol)
           Bond          Angle    Proper Dih. Per. Imp. Dih.          LJ-14
    1.45027e+01    1.46728e+03    2.45809e+03    1.12020e+02    9.96430e+02
     Coulomb-14        LJ (SR)  Disper. corr.   Coulomb (SR)   Coul. recip.
    6.43687e+03    5.68114e+04   -2.26536e+03   -3.69721e+05    1.34456e+03
 Position Rest.      Potential    Kinetic En.   Total Energy  Conserved En.
    2.27897e-04   -3.02345e+05    4.39298e+04   -2.58415e+05   -2.58415e+05
    Temperature Pres. DC (bar) Pressure (bar)   Constr. rmsd
    3.02851e+02   -2.14659e+02   -2.99871e+02    2.86110e-06

           Step           Time
            500        1.00000

   Energies (kJ/mol)
           Bond          Angle    Proper Dih. Per. Imp. Dih.          LJ-14
    8.15554e+02    2.06592e+03    2.56577e+03    1.07469e+02    9.24449e+02
     Coulomb-14        LJ (SR)  Disper. corr.   Coulomb (SR)   Coul. recip.
    6.07858e+03    5.02187e+04   -2.26536e+03   -3.42927e+05    1.66036e+03
 Position Rest.      Potential    Kinetic En.   Total Energy  Conserved En.
    2.52213e+02   -2.80504e+05    4.27020e+04   -2.37802e+05   -2.58265e+05
    Temperature Pres. DC (bar) Pressure (bar)   Constr. rmsd
    2.94387e+02   -2.14659e+02   -5.19765e+02    2.86110e-06

           Step           Time
           1000        2.00000

   Energies (kJ/mol)
           Bond          Angle    Proper Dih. Per. Imp. Dih.          LJ-14
    8.09357e+02    2.12042e+03    2.50459e+03    1.29332e+02    9.34717e+02
     Coulomb-14        LJ (SR)  Disper. corr.   Coulomb (SR)   Coul. recip.
    6.02112e+03    4.86733e+04   -2.26536e+03   -3.38567e+05    1.80595e+03
 Position Rest.      Potential    Kinetic En.   Total Energy  Conserved En.
    2.49678e+02   -2.77584e+05    4.33592e+04   -2.34225e+05   -2.58286e+05
    Temperature Pres. DC (bar) Pressure (bar)   Constr. rmsd
    2.98917e+02   -2.14659e+02   -8.22585e+02    2.86110e-06

           Step           Time
           1500        3.00000

   Energies (kJ/mol)
           Bond          Angle    Proper Dih. Per. Imp. Dih.          LJ-14
    8.13011e+02    2.08858e+03    2.58605e+03    1.26094e+02    9.16610e+02
     Coulomb-14        LJ (SR)  Disper. corr.   Coulomb (SR)   Coul. recip.
    6.11784e+03    4.72037e+04   -2.26536e+03   -3.36215e+05    1.70314e+03
 Position Rest.      Potential    Kinetic En.   Total Energy  Conserved En.
    2.39474e+02   -2.76686e+05    4.28113e+04   -2.33875e+05   -2.58277e+05
    Temperature Pres. DC (bar) Pressure (bar)   Constr. rmsd
    2.95140e+02   -2.14659e+02   -7.40638e+02    2.86110e-06

step 1800: timed with pme grid 40 40 40, coulomb cutoff 1.000: 760.7 M-cycles
step 2000: timed with pme grid 32 32 32, coulomb cutoff 1.227: 1046.8 M-cycles
           Step           Time
           2000        4.00000

   Energies (kJ/mol)
           Bond          Angle    Proper Dih. Per. Imp. Dih.          LJ-14
    7.85194e+02    2.17815e+03    2.58243e+03    1.26670e+02    8.70277e+02
     Coulomb-14        LJ (SR)  Disper. corr.   Coulomb (SR)   Coul. recip.
    6.03933e+03    4.63390e+04   -2.26536e+03   -3.33871e+05    1.31494e+03
 Position Rest.      Potential    Kinetic En.   Total Energy  Conserved En.
    2.52445e+02   -2.75648e+05    4.34770e+04   -2.32171e+05   -2.58277e+05
    Temperature Pres. DC (bar) Pressure (bar)   Constr. rmsd
    2.99729e+02   -2.14659e+02   -1.24040e+03    2.86110e-06

step 2200: timed with pme grid 36 36 36, coulomb cutoff 1.091: 874.2 M-cycles
step 2400: timed with pme grid 40 40 40, coulomb cutoff 1.000: 767.8 M-cycles
              optimal pme grid 40 40 40, coulomb cutoff 1.000
           Step           Time
           2500        5.00000

   Energies (kJ/mol)
           Bond          Angle    Proper Dih. Per. Imp. Dih.          LJ-14
    8.43446e+02    2.11648e+03    2.64781e+03    1.29770e+02    9.19361e+02
     Coulomb-14        LJ (SR)  Disper. corr.   Coulomb (SR)   Coul. recip.
    6.05611e+03    4.76997e+04   -2.26536e+03   -3.35834e+05    1.81059e+03
 Position Rest.      Potential    Kinetic En.   Total Energy  Conserved En.
    2.40459e+02   -2.75635e+05    4.31358e+04   -2.32499e+05   -2.58304e+05
    Temperature Pres. DC (bar) Pressure (bar)   Constr. rmsd
    2.97378e+02   -2.14659e+02   -4.43323e+02    2.86110e-06

           Step           Time
           3000        6.00000

   Energies (kJ/mol)
           Bond          Angle    Proper Dih. Per. Imp. Dih.          LJ-14
    8.09378e+02    2.14238e+03    2.52717e+03    1.42167e+02    9.60287e+02
     Coulomb-14        LJ (SR)  Disper. corr.   Coulomb (SR)   Coul. recip.
    5.96556e+03    4.79269e+04   -2.26536e+03   -3.36662e+05    1.73752e+03
 Position Rest.      Potential    Kinetic En.   Total Energy  Conserved En.
    2.60671e+02   -2.76455e+05    4.37972e+04   -2.32658e+05   -2.58296e+05
    Temperature Pres. DC (bar) Pressure (bar)   Constr. rmsd
    3.01937e+02   -2.14659e+02   -5.21402e+02    2.86110e-06

           Step           Time
           3500        7.00000

   Energies (kJ/mol)
           Bond          Angle    Proper Dih. Per. Imp. Dih.          LJ-14
    7.66487e+02    2.23792e+03    2.59087e+03    1.37556e+02    9.39627e+02
     Coulomb-14        LJ (SR)  Disper. corr.   Coulomb (SR)   Coul. recip.
    6.07182e+03    4.67351e+04   -2.26536e+03   -3.34149e+05    1.74604e+03
 Position Rest.      Potential    Kinetic En.   Total Energy  Conserved En.
    2.92362e+02   -2.74896e+05    4.36678e+04   -2.31228e+05   -2.58295e+05
    Temperature Pres. DC (bar) Pressure (bar)   Constr. rmsd
    3.01045e+02   -2.14659e+02    1.61918e+01    2.86110e-06

           Step           Time
           4000        8.00000

   Energies (kJ/mol)
           Bond          Angle    Proper Dih. Per. Imp. Dih.          LJ-14
    8.39348e+02    2.19799e+03    2.56068e+03    1.29320e+02    9.00196e+02
     Coulomb-14        LJ (SR)  Disper. corr.   Coulomb (SR)   Coul. recip.
    6.15517e+03    4.75392e+04   -2.26536e+03   -3.34778e+05    1.76415e+03
 Position Rest.      Potential    Kinetic En.   Total Energy  Conserved En.
    2.84437e+02   -2.74673e+05    4.38631e+04   -2.30810e+05   -2.58305e+05
    Temperature Pres. DC (bar) Pressure (bar)   Constr. rmsd
    3.02391e+02   -2.14659e+02   -8.89369e+02    2.86110e-06

           Step           Time
           4500        9.00000

   Energies (kJ/mol)
           Bond          Angle    Proper Dih. Per. Imp. Dih.          LJ-14
    7.18873e+02    2.09119e+03    2.55661e+03    1.29080e+02    9.19599e+02
     Coulomb-14        LJ (SR)  Disper. corr.   Coulomb (SR)   Coul. recip.
    6.20096e+03    4.76299e+04   -2.26536e+03   -3.36300e+05    1.82629e+03
 Position Rest.      Potential    Kinetic En.   Total Energy  Conserved En.
    2.83652e+02   -2.76209e+05    4.33039e+04   -2.32905e+05   -2.58294e+05
    Temperature Pres. DC (bar) Pressure (bar)   Constr. rmsd
    2.98536e+02   -2.14659e+02   -1.89215e+02    2.86110e-06

           Step           Time
           5000       10.00000

   Energies (kJ/mol)
           Bond          Angle    Proper Dih. Per. Imp. Dih.          LJ-14
    7.65411e+02    2.14038e+03    2.58728e+03    1.45515e+02    9.11936e+02
     Coulomb-14        LJ (SR)  Disper. corr.   Coulomb (SR)   Coul. recip.
    6.13919e+03    4.71459e+04   -2.26536e+03   -3.35140e+05    1.73656e+03
 Position Rest.      Potential    Kinetic En.   Total Energy  Conserved En.
    2.87786e+02   -2.75545e+05    4.36616e+04   -2.31884e+05   -2.58315e+05
    Temperature Pres. DC (bar) Pressure (bar)   Constr. rmsd
    3.01002e+02   -2.14659e+02   -9.30782e+02    2.86110e-06

           Step           Time
           5500       11.00000

   Energies (kJ/mol)
           Bond          Angle    Proper Dih. Per. Imp. Dih.          LJ-14
    8.69723e+02    2.18707e+03    2.56684e+03    1.41100e+02    9.12437e+02
     Coulomb-14        LJ (SR)  Disper. corr.   Coulomb (SR)   Coul. recip.
    6.06109e+03    4.62190e+04   -2.26536e+03   -3.34083e+05    1.66977e+03
 Position Rest.      Potential    Kinetic En.   Total Energy  Conserved En.
    2.86465e+02   -2.75435e+05    4.34943e+04   -2.31941e+05   -2.58303e+05
    Temperature Pres. DC (bar) Pressure (bar)   Constr. rmsd
    2.99849e+02   -2.14659e+02   -9.88335e+02    2.86110e-06

           Step           Time
           6000       12.00000

   Energies (kJ/mol)
           Bond          Angle    Proper Dih. Per. Imp. Dih.          LJ-14
    8.70436e+02    1.97857e+03    2.59572e+03    1.40913e+02    9.66845e+02
     Coulomb-14        LJ (SR)  Disper. corr.   Coulomb (SR)   Coul. recip.
    6.15694e+03    4.64280e+04   -2.26536e+03   -3.34319e+05    1.78203e+03
 Position Rest.      Potential    Kinetic En.   Total Energy  Conserved En.
    2.76477e+02   -2.75389e+05    4.31511e+04   -2.32238e+05   -2.58314e+05
    Temperature Pres. DC (bar) Pressure (bar)   Constr. rmsd
    2.97483e+02   -2.14659e+02   -8.16266e+02    2.86110e-06

           Step           Time
           6500       13.00000

   Energies (kJ/mol)
           Bond          Angle    Proper Dih. Per. Imp. Dih.          LJ-14
    8.09199e+02    2.14006e+03    2.57678e+03    1.10726e+02    9.19401e+02
     Coulomb-14        LJ (SR)  Disper. corr.   Coulomb (SR)   Coul. recip.
    6.09125e+03    4.66679e+04   -2.26536e+03   -3.34932e+05    1.76945e+03
 Position Rest.      Potential    Kinetic En.   Total Energy  Conserved En.
    3.02442e+02   -2.75811e+05    4.32452e+04   -2.32565e+05   -2.58316e+05
    Temperature Pres. DC (bar) Pressure (bar)   Constr. rmsd
    2.98132e+02   -2.14659e+02   -4.85260e+02    2.86110e-06

           Step           Time
           7000       14.00000

   Energies (kJ/mol)
           Bond          Angle    Proper Dih. Per. Imp. Dih.          LJ-14
    8.70444e+02    2.07572e+03    2.58750e+03    1.31135e+02    9.00774e+02
     Coulomb-14        LJ (SR)  Disper. corr.   Coulomb (SR)   Coul. recip.
    6.05775e+03    4.73603e+04   -2.26536e+03   -3.35202e+05    1.76718e+03
 Position Rest.      Potential    Kinetic En.   Total Energy  Conserved En.
    2.93922e+02   -2.75422e+05    4.31745e+04   -2.32248e+05   -2.58319e+05
    Temperature Pres. DC (bar) Pressure (bar)   Constr. rmsd
    2.97644e+02   -2.14659e+02   -1.07767e+03    2.86110e-06

           Step           Time
           7500       15.00000

   Energies (kJ/mol)
           Bond          Angle    Proper Dih. Per. Imp. Dih.          LJ-14
    8.68535e+02    2.02269e+03    2.56926e+03    1.08917e+02    9.39299e+02
     Coulomb-14        LJ (SR)  Disper. corr.   Coulomb (SR)   Coul. recip.
    6.07564e+03    4.70403e+04   -2.26536e+03   -3.35132e+05    1.71198e+03
 Position Rest.      Potential    Kinetic En.   Total Energy  Conserved En.
    2.85843e+02   -2.75775e+05    4.30580e+04   -2.32717e+05   -2.58316e+05
    Temperature Pres. DC (bar) Pressure (bar)   Constr. rmsd
    2.96841e+02   -2.14659e+02   -8.84614e+02    2.86110e-06

           Step           Time
           8000       16.00000

   Energies (kJ/mol)
           Bond          Angle    Proper Dih. Per. Imp. Dih.          LJ-14
    7.95398e+02    2.11328e+03    2.59220e+03    1.19561e+02    9.36110e+02
     Coulomb-14        LJ (SR)  Disper. corr.   Coulomb (SR)   Coul. recip.
    6.06677e+03    4.73753e+04   -2.26536e+03   -3.35545e+05    1.75505e+03
 Position Rest.      Potential    Kinetic En.   Total Energy  Conserved En.
    2.74129e+02   -2.75783e+05    4.35324e+04   -2.32250e+05   -2.58324e+05
    Temperature Pres. DC (bar) Pressure (bar)   Constr. rmsd
    3.00112e+02   -2.14659e+02   -5.61336e+02    2.86110e-06

           Step           Time
           8500       17.00000

   Energies (kJ/mol)
           Bond          Angle    Proper Dih. Per. Imp. Dih.          LJ-14
    8.77637e+02    2.12129e+03    2.57599e+03    1.06733e+02    9.67256e+02
     Coulomb-14        LJ (SR)  Disper. corr.   Coulomb (SR)   Coul. recip.
    6.01244e+03    4.77503e+04   -2.26536e+03   -3.35635e+05    1.77211e+03
 Position Rest.      Potential    Kinetic En.   Total Energy  Conserved En.
    2.77177e+02   -2.75440e+05    4.33453e+04   -2.32094e+05   -2.58308e+05
    Temperature Pres. DC (bar) Pressure (bar)   Constr. rmsd
    2.98821e+02   -2.14659e+02   -7.71492e+02    2.86110e-06

           Step           Time
           9000       18.00000

   Energies (kJ/mol)
           Bond          Angle    Proper Dih. Per. Imp. Dih.          LJ-14
    7.78486e+02    2.08710e+03    2.55459e+03    1.44460e+02    9.14301e+02
     Coulomb-14        LJ (SR)  Disper. corr.   Coulomb (SR)   Coul. recip.
    6.07668e+03    4.78199e+04   -2.26536e+03   -3.36834e+05    1.70926e+03
 Position Rest.      Potential    Kinetic En.   Total Energy  Conserved En.
    2.76287e+02   -2.76739e+05    4.43897e+04   -2.32349e+05   -2.58331e+05
    Temperature Pres. DC (bar) Pressure (bar)   Constr. rmsd
    3.06022e+02   -2.14659e+02   -6.51435e+02    2.86110e-06

           Step           Time
           9500       19.00000

   Energies (kJ/mol)
           Bond          Angle    Proper Dih. Per. Imp. Dih.          LJ-14
    7.20300e+02    2.13727e+03    2.50055e+03    1.29249e+02    9.08745e+02
     Coulomb-14        LJ (SR)  Disper. corr.   Coulomb (SR)   Coul. recip.
    6.02295e+03    4.68496e+04   -2.26536e+03   -3.35359e+05    1.78011e+03
 Position Rest.      Potential    Kinetic En.   Total Energy  Conserved En.
    2.41682e+02   -2.76334e+05    4.33505e+04   -2.32983e+05   -2.58334e+05
    Temperature Pres. DC (bar) Pressure (bar)   Constr. rmsd
    2.98858e+02   -2.14659e+02   -1.39221e+03    2.86110e-06

           Step           Time
          10000       20.00000

   Energies (kJ/mol)
           Bond          Angle    Proper Dih. Per. Imp. Dih.          LJ-14
    7.89287e+02    2.08274e+03    2.51851e+03    1.18347e+02    9.43684e+02
     Coulomb-14        LJ (SR)  Disper. corr.   Coulomb (SR)   Coul. recip.
    6.13639e+03    4.70765e+04   -2.26536e+03   -3.35377e+05    1.75666e+03
 Position Rest.      Potential    Kinetic En.   Total Energy  Conserved En.
    2.68269e+02   -2.75952e+05    4.35375e+04   -2.32414e+05   -2.58329e+05
    Temperature Pres. DC (bar) Pressure (bar)   Constr. rmsd
    3.00147e+02   -2.14659e+02   -7.53222e+02    2.86110e-06

           Step           Time
          10500       21.00000

   Energies (kJ/mol)
           Bond          Angle    Proper Dih. Per. Imp. Dih.          LJ-14
    7.68367e+02    2.18666e+03    2.51244e+03    1.20133e+02    9.60592e+02
     Coulomb-14        LJ (SR)  Disper. corr.   Coulomb (SR)   Coul. recip.
    6.19638e+03    4.69498e+04   -2.26536e+03   -3.34541e+05    1.79762e+03
 Position Rest.      Potential    Kinetic En.   Total Energy  Conserved En.
    2.41445e+02   -2.75073e+05    4.34092e+04   -2.31664e+05   -2.58335e+05
    Temperature Pres. DC (bar) Pressure (bar)   Constr. rmsd
    2.99262e+02   -2.14659e+02   -3.75795e+02    2.86110e-06

           Step           Time
          11000       22.00000

   Energies (kJ/mol)
           Bond          Angle    Proper Dih. Per. Imp. Dih.          LJ-14
    7.65471e+02    2.02350e+03    2.62021e+03    1.35816e+02    9.14879e+02
     Coulomb-14        LJ (SR)  Disper. corr.   Coulomb (SR)   Coul. recip.
    6.06613e+03    4.79385e+04   -2.26536e+03   -3.36138e+05    1.78139e+03
 Position Rest.      Potential    Kinetic En.   Total Energy  Conserved En.
    2.76013e+02   -2.75881e+05    4.34859e+04   -2.32395e+05   -2.58342e+05
    Temperature Pres. DC (bar) Pressure (bar)   Constr. rmsd
    2.99791e+02   -2.14659e+02   -5.79497e+02    2.86110e-06

           Step           Time
          11500       23.00000

   Energies (kJ/mol)
           Bond          Angle    Proper Dih. Per. Imp. Dih.          LJ-14
    7.84631e+02    1.94223e+03    2.51020e+03    1.21678e+02    8.90174e+02
     Coulomb-14        LJ (SR)  Disper. corr.   Coulomb (SR)   Coul. recip.
    6.09998e+03    4.79500e+04   -2.26536e+03   -3.36219e+05    1.72148e+03
 Position Rest.      Potential    Kinetic En.   Total Energy  Conserved En.
    2.86344e+02   -2.76178e+05    4.28888e+04   -2.33289e+05   -2.58344e+05
    Temperature Pres. DC (bar) Pressure (bar)   Constr. rmsd
    2.95675e+02   -2.14659e+02   -4.36731e+02    2.86110e-06

           Step           Time
          12000       24.00000

   Energies (kJ/mol)
           Bond          Angle    Proper Dih. Per. Imp. Dih.          LJ-14
    9.03018e+02    2.05217e+03    2.60194e+03    1.30672e+02    9.39101e+02
     Coulomb-14        LJ (SR)  Disper. corr.   Coulomb (SR)   Coul. recip.
    5.95634e+03    4.70054e+04   -2.26536e+03   -3.34241e+05    1.70763e+03
 Position Rest.      Potential    Kinetic En.   Total Energy  Conserved En.
    3.02251e+02   -2.74908e+05    4.31527e+04   -2.31755e+05   -2.58335e+05
    Temperature Pres. DC (bar) Pressure (bar)   Constr. rmsd
    2.97494e+02   -2.14659e+02   -2.87851e+02    2.86110e-06

           Step           Time
          12500       25.00000

   Energies (kJ/mol)
           Bond          Angle    Proper Dih. Per. Imp. Dih.          LJ-14
    8.15756e+02    2.05888e+03    2.59913e+03    1.29908e+02    9.39252e+02
     Coulomb-14        LJ (SR)  Disper. corr.   Coulomb (SR)   Coul. recip.
    6.18347e+03    4.66621e+04   -2.26536e+03   -3.33571e+05    1.76969e+03
 Position Rest.      Potential    Kinetic En.   Total Energy  Conserved En.
    2.82061e+02   -2.74396e+05    4.38215e+04   -2.30575e+05   -2.58352e+05
    Temperature Pres. DC (bar) Pressure (bar)   Constr. rmsd
    3.02104e+02   -2.14659e+02   -9.95924e+02    2.86110e-06

           Step           Time
          13000       26.00000

   Energies (kJ/mol)
           Bond          Angle    Proper Dih. Per. Imp. Dih.          LJ-14
    8.95634e+02    2.07109e+03    2.58480e+03    1.28139e+02    9.21499e+02
     Coulomb-14        LJ (SR)  Disper. corr.   Coulomb (SR)   Coul. recip.
    6.05355e+03    4.68495e+04   -2.26536e+03   -3.35096e+05    1.67666e+03
 Position Rest.      Potential    Kinetic En.   Total Energy  Conserved En.
    2.94022e+02   -2.75887e+05    4.36392e+04   -2.32247e+05   -2.58349e+05
    Temperature Pres. DC (bar) Pressure (bar)   Constr. rmsd
    3.00848e+02   -2.14659e+02   -2.71969e+02    2.86110e-06

           Step           Time
          13500       27.00000

   Energies (kJ/mol)
           Bond          Angle    Proper Dih. Per. Imp. Dih.          LJ-14
    7.76587e+02    2.01132e+03    2.59064e+03    1.23347e+02    9.30626e+02
     Coulomb-14        LJ (SR)  Disper. corr.   Coulomb (SR)   Coul. recip.
    5.98740e+03    4.67062e+04   -2.26536e+03   -3.34678e+05    1.78922e+03
 Position Rest.      Potential    Kinetic En.   Total Energy  Conserved En.
    2.87049e+02   -2.75741e+05    4.35363e+04   -2.32205e+05   -2.58370e+05
    Temperature Pres. DC (bar) Pressure (bar)   Constr. rmsd
    3.00138e+02   -2.14659e+02   -9.10229e+02    2.86110e-06

           Step           Time
          14000       28.00000

   Energies (kJ/mol)
           Bond          Angle    Proper Dih. Per. Imp. Dih.          LJ-14
    8.81066e+02    2.05474e+03    2.52132e+03    1.28817e+02    9.28089e+02
     Coulomb-14        LJ (SR)  Disper. corr.   Coulomb (SR)   Coul. recip.
    6.00741e+03    4.78000e+04   -2.26536e+03   -3.35709e+05    1.76649e+03
 Position Rest.      Potential    Kinetic En.   Total Energy  Conserved En.
    2.82160e+02   -2.75604e+05    4.35395e+04   -2.32065e+05   -2.58360e+05
    Temperature Pres. DC (bar) Pressure (bar)   Constr. rmsd
    3.00160e+02   -2.14659e+02   -2.51419e+02    2.86110e-06

           Step           Time
          14500       29.00000

   Energies (kJ/mol)
           Bond          Angle    Proper Dih. Per. Imp. Dih.          LJ-14
    8.00304e+02    2.11674e+03    2.56335e+03    1.48531e+02    9.62645e+02
     Coulomb-14        LJ (SR)  Disper. corr.   Coulomb (SR)   Coul. recip.
    6.15748e+03    4.74600e+04   -2.26536e+03   -3.35597e+05    1.73042e+03
 Position Rest.      Potential    Kinetic En.   Total Energy  Conserved En.
    3.47571e+02   -2.75575e+05    4.32725e+04   -2.32303e+05   -2.58344e+05
    Temperature Pres. DC (bar) Pressure (bar)   Constr. rmsd
    2.98320e+02   -2.14659e+02    1.94812e+02    2.86110e-06

           Step           Time
          15000       30.00000

   Energies (kJ/mol)
           Bond          Angle    Proper Dih. Per. Imp. Dih.          LJ-14
    7.84465e+02    2.15281e+03    2.59405e+03    1.46782e+02    9.31135e+02
     Coulomb-14        LJ (SR)  Disper. corr.   Coulomb (SR)   Coul. recip.
    5.94352e+03    4.72853e+04   -2.26536e+03   -3.35753e+05    1.72171e+03
 Position Rest.      Potential    Kinetic En.   Total Energy  Conserved En.
    3.17803e+02   -2.76141e+05    4.38421e+04   -2.32299e+05   -2.58353e+05
    Temperature Pres. DC (bar) Pressure (bar)   Constr. rmsd
    3.02247e+02   -2.14659e+02   -5.58498e+02    2.86110e-06

           Step           Time
          15500       31.00000

   Energies (kJ/mol)
           Bond          Angle    Proper Dih. Per. Imp. Dih.          LJ-14
    8.09958e+02    2.20944e+03    2.62563e+03    1.36748e+02    8.77424e+02
     Coulomb-14        LJ (SR)  Disper. corr.   Coulomb (SR)   Coul. recip.
    5.91924e+03    4.76259e+04   -2.26536e+03   -3.36011e+05    1.78128e+03
 Position Rest.      Potential    Kinetic En.   Total Energy  Conserved En.
    2.97754e+02   -2.75993e+05    4.33411e+04   -2.32652e+05   -2.58368e+05
    Temperature Pres. DC (bar) Pressure (bar)   Constr. rmsd
    2.98792e+02   -2.14659e+02   -4.97222e+02    2.86110e-06

           Step           Time
          16000       32.00000

   Energies (kJ/mol)
           Bond          Angle    Proper Dih. Per. Imp. Dih.          LJ-14
    7.48375e+02    2.22337e+03    2.55966e+03    1.31254e+02    9.29605e+02
     Coulomb-14        LJ (SR)  Disper. corr.   Coulomb (SR)   Coul. recip.
    6.03946e+03    4.76960e+04   -2.26536e+03   -3.35646e+05    1.85310e+03
 Position Rest.      Potential    Kinetic En.   Total Energy  Conserved En.
    2.99300e+02   -2.75431e+05    4.37737e+04   -2.31658e+05   -2.58360e+05
    Temperature Pres. DC (bar) Pressure (bar)   Constr. rmsd
    3.01775e+02   -2.14659e+02   -9.90384e+02    2.86110e-06

           Step           Time
          16500       33.00000

   Energies (kJ/mol)
           Bond          Angle    Proper Dih. Per. Imp. Dih.          LJ-14
    7.95038e+02    2.08234e+03    2.60286e+03    1.15021e+02    9.32787e+02
     Coulomb-14        LJ (SR)  Disper. corr.   Coulomb (SR)   Coul. recip.
    6.06302e+03    4.73015e+04   -2.26536e+03   -3.35231e+05    1.76750e+03
 Position Rest.      Potential    Kinetic En.   Total Energy  Conserved En.
    2.82781e+02   -2.75553e+05    4.44773e+04   -2.31076e+05   -2.58387e+05
    Temperature Pres. DC (bar) Pressure (bar)   Constr. rmsd
    3.06625e+02   -2.14659e+02   -2.35613e+02    2.86110e-06

           Step           Time
          17000       34.00000

   Energies (kJ/mol)
           Bond          Angle    Proper Dih. Per. Imp. Dih.          LJ-14
    7.25757e+02    2.14999e+03    2.53654e+03    1.23138e+02    9.60844e+02
     Coulomb-14        LJ (SR)  Disper. corr.   Coulomb (SR)   Coul. recip.
    6.05202e+03    4.79969e+04   -2.26536e+03   -3.36263e+05    1.77722e+03
 Position Rest.      Potential    Kinetic En.   Total Energy  Conserved En.
    2.34129e+02   -2.75972e+05    4.30303e+04   -2.32942e+05   -2.58372e+05
    Temperature Pres. DC (bar) Pressure (bar)   Constr. rmsd
    2.96650e+02   -2.14659e+02   -4.82715e+02    2.86110e-06

           Step           Time
          17500       35.00000

   Energies (kJ/mol)
           Bond          Angle    Proper Dih. Per. Imp. Dih.          LJ-14
    8.83823e+02    2.11279e+03    2.56337e+03    9.71415e+01    8.91110e+02
     Coulomb-14        LJ (SR)  Disper. corr.   Coulomb (SR)   Coul. recip.
    5.98442e+03    4.74236e+04   -2.26536e+03   -3.35122e+05    1.80254e+03
 Position Rest.      Potential    Kinetic En.   Total Energy  Conserved En.
    2.86454e+02   -2.75342e+05    4.31788e+04   -2.32163e+05   -2.58363e+05
    Temperature Pres. DC (bar) Pressure (bar)   Constr. rmsd
    2.97674e+02   -2.14659e+02   -3.39103e+02    2.86110e-06

           Step           Time
          18000       36.00000

   Energies (kJ/mol)
           Bond          Angle    Proper Dih. Per. Imp. Dih.          LJ-14
    7.82801e+02    2.17469e+03    2.59468e+03    1.06369e+02    9.22466e+02
     Coulomb-14        LJ (SR)  Disper. corr.   Coulomb (SR)   Coul. recip.
    6.00452e+03    4.71282e+04   -2.26536e+03   -3.35123e+05    1.76896e+03
 Position Rest.      Potential    Kinetic En.   Total Energy  Conserved En.
    2.83697e+02   -2.75622e+05    4.38731e+04   -2.31748e+05   -2.58388e+05
    Temperature Pres. DC (bar) Pressure (bar)   Constr. rmsd
    3.02460e+02   -2.14659e+02   -5.62963e+02    2.86110e-06

           Step           Time
          18500       37.00000

   Energies (kJ/mol)
           Bond          Angle    Proper Dih. Per. Imp. Dih.          LJ-14
    8.38419e+02    2.05792e+03    2.59100e+03    1.31181e+02    9.33980e+02
     Coulomb-14        LJ (SR)  Disper. corr.   Coulomb (SR)   Coul. recip.
    6.12306e+03    4.72048e+04   -2.26536e+03   -3.35291e+05    1.76732e+03
 Position Rest.      Potential    Kinetic En.   Total Energy  Conserved En.
    2.77811e+02   -2.75631e+05    4.33714e+04   -2.32260e+05   -2.58378e+05
    Temperature Pres. DC (bar) Pressure (bar)   Constr. rmsd
    2.99001e+02   -2.14659e+02   -7.94093e+02    2.86110e-06

           Step           Time
          19000       38.00000

   Energies (kJ/mol)
           Bond          Angle    Proper Dih. Per. Imp. Dih.          LJ-14
    9.16444e+02    2.08768e+03    2.57698e+03    1.19601e+02    9.65986e+02
     Coulomb-14        LJ (SR)  Disper. corr.   Coulomb (SR)   Coul. recip.
    6.12134e+03    4.68836e+04   -2.26536e+03   -3.33896e+05    1.81757e+03
 Position Rest.      Potential    Kinetic En.   Total Energy  Conserved En.
    3.02466e+02   -2.74370e+05    4.36845e+04   -2.30686e+05   -2.58373e+05
    Temperature Pres. DC (bar) Pressure (bar)   Constr. rmsd
    3.01160e+02   -2.14659e+02   -7.36413e+02    2.86110e-06

           Step           Time
          19500       39.00000

   Energies (kJ/mol)
           Bond          Angle    Proper Dih. Per. Imp. Dih.          LJ-14
    7.70320e+02    2.11170e+03    2.62910e+03    1.27729e+02    9.14049e+02
     Coulomb-14        LJ (SR)  Disper. corr.   Coulomb (SR)   Coul. recip.
    5.98048e+03    4.75900e+04   -2.26536e+03   -3.35598e+05    1.69513e+03
 Position Rest.      Potential    Kinetic En.   Total Energy  Conserved En.
    2.74603e+02   -2.75771e+05    4.38611e+04   -2.31910e+05   -2.58388e+05
    Temperature Pres. DC (bar) Pressure (bar)   Constr. rmsd
    3.02378e+02   -2.14659e+02   -7.67868e+02    2.86110e-06

           Step           Time
          20000       40.00000

   Energies (kJ/mol)
           Bond          Angle    Proper Dih. Per. Imp. Dih.          LJ-14
    8.33225e+02    2.18290e+03    2.63085e+03    1.65960e+02    9.01270e+02
     Coulomb-14        LJ (SR)  Disper. corr.   Coulomb (SR)   Coul. recip.
    6.03597e+03    4.77829e+04   -2.26536e+03   -3.35793e+05    1.86976e+03
 Position Rest.      Potential    Kinetic En.   Total Energy  Conserved En.
    2.64267e+02   -2.75391e+05    4.36102e+04   -2.31781e+05   -2.58384e+05
    Temperature Pres. DC (bar) Pressure (bar)   Constr. rmsd
    3.00648e+02   -2.14659e+02   -5.54382e+02    2.86110e-06

           Step           Time
          20500       41.00000

   Energies (kJ/mol)
           Bond          Angle    Proper Dih. Per. Imp. Dih.          LJ-14
    7.69882e+02    2.00625e+03    2.55148e+03    1.06237e+02    9.24167e+02
     Coulomb-14        LJ (SR)  Disper. corr.   Coulomb (SR)   Coul. recip.
    6.04681e+03    4.62897e+04   -2.26536e+03   -3.34361e+05    1.75102e+03
 Position Rest.      Potential    Kinetic En.   Total Energy  Conserved En.
    3.14229e+02   -2.75867e+05    4.36076e+04   -2.32259e+05   -2.58389e+05
    Temperature Pres. DC (bar) Pressure (bar)   Constr. rmsd
    3.00630e+02   -2.14659e+02   -1.00687e+03    2.86110e-06

           Step           Time
          21000       42.00000

   Energies (kJ/mol)
           Bond          Angle    Proper Dih. Per. Imp. Dih.          LJ-14
    9.37901e+02    2.09291e+03    2.49312e+03    1.03491e+02    9.34622e+02
     Coulomb-14        LJ (SR)  Disper. corr.   Coulomb (SR)   Coul. recip.
    5.93110e+03    4.69276e+04   -2.26536e+03   -3.34598e+05    1.79989e+03
 Position Rest.      Potential    Kinetic En.   Total Energy  Conserved En.
    2.58199e+02   -2.75384e+05    4.36917e+04   -2.31693e+05   -2.58386e+05
    Temperature Pres. DC (bar) Pressure (bar)   Constr. rmsd
    3.01210e+02   -2.14659e+02   -6.51469e+02    2.86110e-06

           Step           Time
          21500       43.00000

   Energies (kJ/mol)
           Bond          Angle    Proper Dih. Per. Imp. Dih.          LJ-14
    8.03405e+02    2.16153e+03    2.53177e+03    1.23454e+02    9.33427e+02
     Coulomb-14        LJ (SR)  Disper. corr.   Coulomb (SR)   Coul. recip.
    6.12412e+03    4.70211e+04   -2.26536e+03   -3.35180e+05    1.72541e+03
 Position Rest.      Potential    Kinetic En.   Total Energy  Conserved En.
    3.10934e+02   -2.75710e+05    4.31245e+04   -2.32585e+05   -2.58381e+05
    Temperature Pres. DC (bar) Pressure (bar)   Constr. rmsd
    2.97300e+02   -2.14659e+02   -4.65053e+02    2.86110e-06

           Step           Time
          22000       44.00000

   Energies (kJ/mol)
           Bond          Angle    Proper Dih. Per. Imp. Dih.          LJ-14
    7.45992e+02    2.08016e+03    2.56431e+03    1.32412e+02    9.27621e+02
     Coulomb-14        LJ (SR)  Disper. corr.   Coulomb (SR)   Coul. recip.
    6.17692e+03    4.61999e+04   -2.26536e+03   -3.33782e+05    1.76932e+03
 Position Rest.      Potential    Kinetic En.   Total Energy  Conserved En.
    2.92802e+02   -2.75158e+05    4.37384e+04   -2.31419e+05   -2.58396e+05
    Temperature Pres. DC (bar) Pressure (bar)   Constr. rmsd
    3.01531e+02   -2.14659e+02   -4.27482e+02    2.86110e-06

           Step           Time
          22500       45.00000

   Energies (kJ/mol)
           Bond          Angle    Proper Dih. Per. Imp. Dih.          LJ-14
    7.83871e+02    1.99417e+03    2.59645e+03    1.52659e+02    8.92479e+02
     Coulomb-14        LJ (SR)  Disper. corr.   Coulomb (SR)   Coul. recip.
    6.12532e+03    4.74578e+04   -2.26536e+03   -3.35526e+05    1.75894e+03
 Position Rest.      Potential    Kinetic En.   Total Energy  Conserved En.
    2.79209e+02   -2.75751e+05    4.39422e+04   -2.31808e+05   -2.58414e+05
    Temperature Pres. DC (bar) Pressure (bar)   Constr. rmsd
    3.02936e+02   -2.14659e+02   -1.03942e+03    2.86110e-06

           Step           Time
          23000       46.00000

   Energies (kJ/mol)
           Bond          Angle    Proper Dih. Per. Imp. Dih.          LJ-14
    7.86493e+02    2.16743e+03    2.51142e+03    1.07704e+02    8.96345e+02
     Coulomb-14        LJ (SR)  Disper. corr.   Coulomb (SR)   Coul. recip.
    6.10364e+03    4.75266e+04   -2.26536e+03   -3.36144e+05    1.84960e+03
 Position Rest.      Potential    Kinetic En.   Total Energy  Conserved En.
    2.76749e+02   -2.76183e+05    4.34550e+04   -2.32728e+05   -2.58395e+05
    Temperature Pres. DC (bar) Pressure (bar)   Constr. rmsd
    2.99578e+02   -2.14659e+02   -3.55083e+02    2.86110e-06

           Step           Time
          23500       47.00000

   Energies (kJ/mol)
           Bond          Angle    Proper Dih. Per. Imp. Dih.          LJ-14
    8.36897e+02    2.13016e+03    2.60666e+03    1.44437e+02    8.67678e+02
     Coulomb-14        LJ (SR)  Disper. corr.   Coulomb (SR)   Coul. recip.
    6.01929e+03    4.71285e+04   -2.26536e+03   -3.35956e+05    1.75968e+03
 Position Rest.      Potential    Kinetic En.   Total Energy  Conserved En.
    2.67988e+02   -2.76460e+05    4.39432e+04   -2.32517e+05   -2.58411e+05
    Temperature Pres. DC (bar) Pressure (bar)   Constr. rmsd
    3.02943e+02   -2.14659e+02   -1.17882e+03    2.86110e-06

           Step           Time
          24000       48.00000

   Energies (kJ/mol)
           Bond          Angle    Proper Dih. Per. Imp. Dih.          LJ-14
    7.69781e+02    2.10107e+03    2.63973e+03    1.28123e+02    8.95271e+02
     Coulomb-14        LJ (SR)  Disper. corr.   Coulomb (SR)   Coul. recip.
    5.98603e+03    4.78143e+04   -2.26536e+03   -3.36519e+05    1.72023e+03
 Position Rest.      Potential    Kinetic En.   Total Energy  Conserved En.
    2.84928e+02   -2.76445e+05    4.28600e+04   -2.33585e+05   -2.58400e+05
    Temperature Pres. DC (bar) Pressure (bar)   Constr. rmsd
    2.95476e+02   -2.14659e+02   -3.65658e+02    2.86110e-06

           Step           Time
          24500       49.00000

   Energies (kJ/mol)
           Bond          Angle    Proper Dih. Per. Imp. Dih.          LJ-14
    8.11359e+02    2.23468e+03    2.59235e+03    1.22982e+02    9.02516e+02
     Coulomb-14        LJ (SR)  Disper. corr.   Coulomb (SR)   Coul. recip.
    6.06293e+03    4.79615e+04   -2.26536e+03   -3.36850e+05    1.76070e+03
 Position Rest.      Potential    Kinetic En.   Total Energy  Conserved En.
    2.51473e+02   -2.76415e+05    4.40136e+04   -2.32402e+05   -2.58393e+05
    Temperature Pres. DC (bar) Pressure (bar)   Constr. rmsd
    3.03429e+02   -2.14659e+02   -7.60220e+02    2.86110e-06

           Step           Time
          25000       50.00000

   Energies (kJ/mol)
           Bond          Angle    Proper Dih. Per. Imp. Dih.          LJ-14
    9.04684e+02    2.04627e+03    2.52923e+03    1.28468e+02    9.20729e+02
     Coulomb-14        LJ (SR)  Disper. corr.   Coulomb (SR)   Coul. recip.
    6.08878e+03    4.81391e+04   -2.26536e+03   -3.37239e+05    1.76672e+03
 Position Rest.      Potential    Kinetic En.   Total Energy  Conserved En.
    2.96795e+02   -2.76684e+05    4.31995e+04   -2.33484e+05   -2.58401e+05
    Temperature Pres. DC (bar) Pressure (bar)   Constr. rmsd
    2.97817e+02   -2.14659e+02   -8.45790e+02    2.86110e-06

           Step           Time
          25500       51.00000

   Energies (kJ/mol)
           Bond          Angle    Proper Dih. Per. Imp. Dih.          LJ-14
    7.81101e+02    2.04669e+03    2.53111e+03    1.09354e+02    8.95185e+02
     Coulomb-14        LJ (SR)  Disper. corr.   Coulomb (SR)   Coul. recip.
    6.13984e+03    4.82320e+04   -2.26536e+03   -3.37746e+05    1.79187e+03
 Position Rest.      Potential    Kinetic En.   Total Energy  Conserved En.
    2.88252e+02   -2.77196e+05    4.30182e+04   -2.34178e+05   -2.58412e+05
    Temperature Pres. DC (bar) Pressure (bar)   Constr. rmsd
    2.96567e+02   -2.14659e+02   -4.46158e+02    2.86110e-06

           Step           Time
          26000       52.00000

   Energies (kJ/mol)
           Bond          Angle    Proper Dih. Per. Imp. Dih.          LJ-14
    8.43700e+02    2.09932e+03    2.59022e+03    1.63883e+02    9.06988e+02
     Coulomb-14        LJ (SR)  Disper. corr.   Coulomb (SR)   Coul. recip.
    6.11600e+03    4.76427e+04   -2.26536e+03   -3.36379e+05    1.67087e+03
 Position Rest.      Potential    Kinetic En.   Total Energy  Conserved En.
    3.00121e+02   -2.76310e+05    4.33822e+04   -2.32928e+05   -2.58416e+05
    Temperature Pres. DC (bar) Pressure (bar)   Constr. rmsd
    2.99076e+02   -2.14659e+02   -1.83087e+02    2.86110e-06

           Step           Time
          26500       53.00000

   Energies (kJ/mol)
           Bond          Angle    Proper Dih. Per. Imp. Dih.          LJ-14
    7.78447e+02    2.03173e+03    2.56411e+03    1.27534e+02    9.18538e+02
     Coulomb-14        LJ (SR)  Disper. corr.   Coulomb (SR)   Coul. recip.
    6.09078e+03    4.71005e+04   -2.26536e+03   -3.34686e+05    1.72125e+03
 Position Rest.      Potential    Kinetic En.   Total Energy  Conserved En.
    2.45847e+02   -2.75373e+05    4.45778e+04   -2.30795e+05   -2.58440e+05
    Temperature Pres. DC (bar) Pressure (bar)   Constr. rmsd
    3.07318e+02   -2.14659e+02   -6.06979e+02    2.86110e-06

           Step           Time
          27000       54.00000

   Energies (kJ/mol)
           Bond          Angle    Proper Dih. Per. Imp. Dih.          LJ-14
    7.96078e+02    2.01539e+03    2.56627e+03    1.49071e+02    8.86314e+02
     Coulomb-14        LJ (SR)  Disper. corr.   Coulomb (SR)   Coul. recip.
    6.11346e+03    4.81022e+04   -2.26536e+03   -3.36894e+05    1.71029e+03
 Position Rest.      Potential    Kinetic En.   Total Energy  Conserved En.
    2.82740e+02   -2.76538e+05    4.32163e+04   -2.33322e+05   -2.58424e+05
    Temperature Pres. DC (bar) Pressure (bar)   Constr. rmsd
    2.97932e+02   -2.14659e+02   -7.60003e+02    2.86110e-06

           Step           Time
          27500       55.00000

   Energies (kJ/mol)
           Bond          Angle    Proper Dih. Per. Imp. Dih.          LJ-14
    7.77943e+02    2.07981e+03    2.58719e+03    1.13189e+02    9.44800e+02
     Coulomb-14        LJ (SR)  Disper. corr.   Coulomb (SR)   Coul. recip.
    6.03987e+03    4.73788e+04   -2.26536e+03   -3.36386e+05    1.78668e+03
 Position Rest.      Potential    Kinetic En.   Total Energy  Conserved En.
    2.46235e+02   -2.76697e+05    4.34961e+04   -2.33201e+05   -2.58442e+05
    Temperature Pres. DC (bar) Pressure (bar)   Constr. rmsd
    2.99861e+02   -2.14659e+02   -4.83417e+02    2.86110e-06

           Step           Time
          28000       56.00000

   Energies (kJ/mol)
           Bond          Angle    Proper Dih. Per. Imp. Dih.          LJ-14
    7.61515e+02    2.08897e+03    2.57909e+03    1.26162e+02    9.33165e+02
     Coulomb-14        LJ (SR)  Disper. corr.   Coulomb (SR)   Coul. recip.
    6.16148e+03    4.80511e+04   -2.26536e+03   -3.36649e+05    1.75461e+03
 Position Rest.      Potential    Kinetic En.   Total Energy  Conserved En.
    2.92863e+02   -2.76165e+05    4.37958e+04   -2.32370e+05   -2.58444e+05
    Temperature Pres. DC (bar) Pressure (bar)   Constr. rmsd
    3.01927e+02   -2.14659e+02   -6.82148e+02    2.86110e-06

           Step           Time
          28500       57.00000

   Energies (kJ/mol)
           Bond          Angle    Proper Dih. Per. Imp. Dih.          LJ-14
    8.09008e+02    2.01752e+03    2.53565e+03    1.21773e+02    9.00267e+02
     Coulomb-14        LJ (SR)  Disper. corr.   Coulomb (SR)   Coul. recip.
    6.07784e+03    4.79690e+04   -2.26536e+03   -3.36806e+05    1.75415e+03
 Position Rest.      Potential    Kinetic En.   Total Energy  Conserved En.
    2.98669e+02   -2.76588e+05    4.38801e+04   -2.32707e+05   -2.58441e+05
    Temperature Pres. DC (bar) Pressure (bar)   Constr. rmsd
    3.02509e+02   -2.14659e+02   -1.02710e+03    2.86110e-06

           Step           Time
          29000       58.00000

   Energies (kJ/mol)
           Bond          Angle    Proper Dih. Per. Imp. Dih.          LJ-14
    7.84062e+02    2.23342e+03    2.51603e+03    8.73096e+01    9.10762e+02
     Coulomb-14        LJ (SR)  Disper. corr.   Coulomb (SR)   Coul. recip.
    6.01139e+03    4.75903e+04   -2.26536e+03   -3.36338e+05    1.77782e+03
 Position Rest.      Potential    Kinetic En.   Total Energy  Conserved En.
    3.12018e+02   -2.76380e+05    4.29357e+04   -2.33445e+05   -2.58433e+05
    Temperature Pres. DC (bar) Pressure (bar)   Constr. rmsd
    2.95998e+02   -2.14659e+02   -5.86314e+01    2.86110e-06

           Step           Time
          29500       59.00000

   Energies (kJ/mol)
           Bond          Angle    Proper Dih. Per. Imp. Dih.          LJ-14
    8.63684e+02    2.12463e+03    2.55635e+03    1.29784e+02    9.19402e+02
     Coulomb-14        LJ (SR)  Disper. corr.   Coulomb (SR)   Coul. recip.
    6.00610e+03    4.76524e+04   -2.26536e+03   -3.36241e+05    1.75393e+03
 Position Rest.      Potential    Kinetic En.   Total Energy  Conserved En.
    3.03153e+02   -2.76197e+05    4.35739e+04   -2.32623e+05   -2.58432e+05
    Temperature Pres. DC (bar) Pressure (bar)   Constr. rmsd
    3.00398e+02   -2.14659e+02   -2.33354e+02    2.86110e-06

           Step           Time
          30000       60.00000

   Energies (kJ/mol)
           Bond          Angle    Proper Dih. Per. Imp. Dih.          LJ-14
    7.91513e+02    2.11320e+03    2.55279e+03    1.37299e+02    8.96076e+02
     Coulomb-14        LJ (SR)  Disper. corr.   Coulomb (SR)   Coul. recip.
    6.05982e+03    4.70437e+04   -2.26536e+03   -3.35311e+05    1.74499e+03
 Position Rest.      Potential    Kinetic En.   Total Energy  Conserved En.
    2.45488e+02   -2.75992e+05    4.25530e+04   -2.33439e+05   -2.58440e+05
    Temperature Pres. DC (bar) Pressure (bar)   Constr. rmsd
    2.93360e+02   -2.14659e+02   -4.94196e+02    2.86110e-06

           Step           Time
          30500       61.00000

   Energies (kJ/mol)
           Bond          Angle    Proper Dih. Per. Imp. Dih.          LJ-14
    8.18281e+02    2.18267e+03    2.52117e+03    1.23275e+02    8.54266e+02
     Coulomb-14        LJ (SR)  Disper. corr.   Coulomb (SR)   Coul. recip.
    6.12216e+03    4.78803e+04   -2.26536e+03   -3.36894e+05    1.78796e+03
 Position Rest.      Potential    Kinetic En.   Total Energy  Conserved En.
    3.09653e+02   -2.76559e+05    4.31263e+04   -2.33433e+05   -2.58434e+05
    Temperature Pres. DC (bar) Pressure (bar)   Constr. rmsd
    2.97312e+02   -2.14659e+02   -1.01941e+03    2.86110e-06

           Step           Time
          31000       62.00000

   Energies (kJ/mol)
           Bond          Angle    Proper Dih. Per. Imp. Dih.          LJ-14
    8.21524e+02    2.09074e+03    2.58225e+03    1.16812e+02    9.65697e+02
     Coulomb-14        LJ (SR)  Disper. corr.   Coulomb (SR)   Coul. recip.
    6.14958e+03    4.67879e+04   -2.26536e+03   -3.35155e+05    1.69906e+03
 Position Rest.      Potential    Kinetic En.   Total Energy  Conserved En.
    2.59460e+02   -2.75947e+05    4.32434e+04   -2.32704e+05   -2.58439e+05
    Temperature Pres. DC (bar) Pressure (bar)   Constr. rmsd
    2.98119e+02   -2.14659e+02   -4.11164e+02    2.86110e-06

           Step           Time
          31500       63.00000

   Energies (kJ/mol)
           Bond          Angle    Proper Dih. Per. Imp. Dih.          LJ-14
    8.42018e+02    2.10093e+03    2.66326e+03    1.31182e+02    9.15938e+02
     Coulomb-14        LJ (SR)  Disper. corr.   Coulomb (SR)   Coul. recip.
    5.99585e+03    4.67657e+04   -2.26536e+03   -3.35216e+05    1.67341e+03
 Position Rest.      Potential    Kinetic En.   Total Energy  Conserved En.
    2.93894e+02   -2.76099e+05    4.37495e+04   -2.32349e+05   -2.58457e+05
    Temperature Pres. DC (bar) Pressure (bar)   Constr. rmsd
    3.01608e+02   -2.14659e+02   -6.75985e+02    2.86110e-06

           Step           Time
          32000       64.00000

   Energies (kJ/mol)
           Bond          Angle    Proper Dih. Per. Imp. Dih.          LJ-14
    8.80862e+02    2.06203e+03    2.53007e+03    1.21235e+02    9.34596e+02
     Coulomb-14        LJ (SR)  Disper. corr.   Coulomb (SR)   Coul. recip.
    6.17999e+03    4.76546e+04   -2.26536e+03   -3.35101e+05    1.83160e+03
 Position Rest.      Potential    Kinetic En.   Total Energy  Conserved En.
    2.77280e+02   -2.74894e+05    4.40025e+04   -2.30892e+05   -2.58448e+05
    Temperature Pres. DC (bar) Pressure (bar)   Constr. rmsd
    3.03352e+02   -2.14659e+02   -9.68293e+02    2.86110e-06

           Step           Time
          32500       65.00000

   Energies (kJ/mol)
           Bond          Angle    Proper Dih. Per. Imp. Dih.          LJ-14
    7.51260e+02    1.99216e+03    2.60200e+03    1.07426e+02    9.03159e+02
     Coulomb-14        LJ (SR)  Disper. corr.   Coulomb (SR)   Coul. recip.
    6.11637e+03    4.71852e+04   -2.26536e+03   -3.35572e+05    1.75479e+03
 Position Rest.      Potential    Kinetic En.   Total Energy  Conserved En.
    2.91175e+02   -2.76134e+05    4.27720e+04   -2.33362e+05   -2.58453e+05
    Temperature Pres. DC (bar) Pressure (bar)   Constr. rmsd
    2.94869e+02   -2.14659e+02   -8.68752e+02    2.86110e-06

           Step           Time
          33000       66.00000

   Energies (kJ/mol)
           Bond          Angle    Proper Dih. Per. Imp. Dih.          LJ-14
    7.33677e+02    2.16736e+03    2.52326e+03    1.30326e+02    9.07559e+02
     Coulomb-14        LJ (SR)  Disper. corr.   Coulomb (SR)   Coul. recip.
    6.18717e+03    4.74190e+04   -2.26536e+03   -3.35671e+05    1.73036e+03
 Position Rest.      Potential    Kinetic En.   Total Energy  Conserved En.
    2.90218e+02   -2.75848e+05    4.34563e+04   -2.32392e+05   -2.58461e+05
    Temperature Pres. DC (bar) Pressure (bar)   Constr. rmsd
    2.99587e+02   -2.14659e+02   -1.05461e+03    2.86110e-06

           Step           Time
          33500       67.00000

   Energies (kJ/mol)
           Bond          Angle    Proper Dih. Per. Imp. Dih.          LJ-14
    8.63253e+02    2.11856e+03    2.58421e+03    1.21345e+02    9.01008e+02
     Coulomb-14        LJ (SR)  Disper. corr.   Coulomb (SR)   Coul. recip.
    6.00696e+03    4.75988e+04   -2.26536e+03   -3.35919e+05    1.72501e+03
 Position Rest.      Potential    Kinetic En.   Total Energy  Conserved En.
    2.50502e+02   -2.76015e+05    4.28033e+04   -2.33211e+05   -2.58459e+05
    Temperature Pres. DC (bar) Pressure (bar)   Constr. rmsd
    2.95085e+02   -2.14659e+02   -7.24130e+02    2.86110e-06

           Step           Time
          34000       68.00000

   Energies (kJ/mol)
           Bond          Angle    Proper Dih. Per. Imp. Dih.          LJ-14
    9.18936e+02    2.11722e+03    2.50017e+03    1.19178e+02    9.46215e+02
     Coulomb-14        LJ (SR)  Disper. corr.   Coulomb (SR)   Coul. recip.
    6.07753e+03    4.71316e+04   -2.26536e+03   -3.33453e+05    1.77564e+03
 Position Rest.      Potential    Kinetic En.   Total Energy  Conserved En.
    3.10129e+02   -2.73822e+05    4.42310e+04   -2.29591e+05   -2.58467e+05
    Temperature Pres. DC (bar) Pressure (bar)   Constr. rmsd
    3.04928e+02   -2.14659e+02   -2.73386e+02    2.86110e-06

           Step           Time
          34500       69.00000

   Energies (kJ/mol)
           Bond          Angle    Proper Dih. Per. Imp. Dih.          LJ-14
    7.77985e+02    2.15484e+03    2.62370e+03    1.30499e+02    9.15213e+02
     Coulomb-14        LJ (SR)  Disper. corr.   Coulomb (SR)   Coul. recip.
    6.05772e+03    4.66908e+04   -2.26536e+03   -3.34521e+05    1.81895e+03
 Position Rest.      Potential    Kinetic En.   Total Energy  Conserved En.
    2.72729e+02   -2.75344e+05    4.36199e+04   -2.31724e+05   -2.58472e+05
    Temperature Pres. DC (bar) Pressure (bar)   Constr. rmsd
    3.00715e+02   -2.14659e+02   -6.85149e+02    2.86110e-06

           Step           Time
          35000       70.00000

   Energies (kJ/mol)
           Bond          Angle    Proper Dih. Per. Imp. Dih.          LJ-14
    8.28266e+02    2.09594e+03    2.58779e+03    1.28566e+02    9.71843e+02
     Coulomb-14        LJ (SR)  Disper. corr.   Coulomb (SR)   Coul. recip.
    6.02220e+03    4.78054e+04   -2.26536e+03   -3.35709e+05    1.75388e+03
 Position Rest.      Potential    Kinetic En.   Total Energy  Conserved En.
    2.73740e+02   -2.75506e+05    4.35277e+04   -2.31978e+05   -2.58451e+05
    Temperature Pres. DC (bar) Pressure (bar)   Constr. rmsd
    3.00079e+02   -2.14659e+02   -5.73511e+02    2.86110e-06

           Step           Time
          35500       71.00000

   Energies (kJ/mol)
           Bond          Angle    Proper Dih. Per. Imp. Dih.          LJ-14
    7.38408e+02    2.08642e+03    2.62775e+03    1.42684e+02    9.23941e+02
     Coulomb-14        LJ (SR)  Disper. corr.   Coulomb (SR)   Coul. recip.
    6.01179e+03    4.71456e+04   -2.26536e+03   -3.34812e+05    1.83552e+03
 Position Rest.      Potential    Kinetic En.   Total Energy  Conserved En.
    3.16745e+02   -2.75248e+05    4.37075e+04   -2.31541e+05   -2.58482e+05
    Temperature Pres. DC (bar) Pressure (bar)   Constr. rmsd
    3.01319e+02   -2.14659e+02   -3.89324e+02    2.86110e-06

           Step           Time
          36000       72.00000

   Energies (kJ/mol)
           Bond          Angle    Proper Dih. Per. Imp. Dih.          LJ-14
    9.53636e+02    2.00728e+03    2.58971e+03    1.32745e+02    9.07286e+02
     Coulomb-14        LJ (SR)  Disper. corr.   Coulomb (SR)   Coul. recip.
    5.94724e+03    4.64836e+04   -2.26536e+03   -3.34280e+05    1.79208e+03
 Position Rest.      Potential    Kinetic En.   Total Energy  Conserved En.
    3.06444e+02   -2.75425e+05    4.37417e+04   -2.31684e+05   -2.58476e+05
    Temperature Pres. DC (bar) Pressure (bar)   Constr. rmsd
    3.01554e+02   -2.14659e+02   -7.24351e+02    2.86110e-06

           Step           Time
          36500       73.00000

   Energies (kJ/mol)
           Bond          Angle    Proper Dih. Per. Imp. Dih.          LJ-14
    8.65583e+02    1.98165e+03    2.60921e+03    1.40346e+02    9.18475e+02
     Coulomb-14        LJ (SR)  Disper. corr.   Coulomb (SR)   Coul. recip.
    6.01216e+03    4.65072e+04   -2.26536e+03   -3.34761e+05    1.76072e+03
 Position Rest.      Potential    Kinetic En.   Total Energy  Conserved En.
    3.07874e+02   -2.75923e+05    4.31886e+04   -2.32734e+05   -2.58491e+05
    Temperature Pres. DC (bar) Pressure (bar)   Constr. rmsd
    2.97742e+02   -2.14659e+02   -3.38374e+02    2.86110e-06

           Step           Time
          37000       74.00000

   Energies (kJ/mol)
           Bond          Angle    Proper Dih. Per. Imp. Dih.          LJ-14
    8.37807e+02    2.08139e+03    2.54436e+03    1.48880e+02    9.23113e+02
     Coulomb-14        LJ (SR)  Disper. corr.   Coulomb (SR)   Coul. recip.
    6.04724e+03    4.75449e+04   -2.26536e+03   -3.35550e+05    1.79057e+03
 Position Rest.      Potential    Kinetic En.   Total Energy  Conserved En.
    2.95321e+02   -2.75601e+05    4.38033e+04   -2.31798e+05   -2.58489e+05
    Temperature Pres. DC (bar) Pressure (bar)   Constr. rmsd
    3.01979e+02   -2.14659e+02   -5.93048e+02    2.86110e-06

           Step           Time
          37500       75.00000

   Energies (kJ/mol)
           Bond          Angle    Proper Dih. Per. Imp. Dih.          LJ-14
    8.00641e+02    2.17579e+03    2.57176e+03    1.34527e+02    8.95637e+02
     Coulomb-14        LJ (SR)  Disper. corr.   Coulomb (SR)   Coul. recip.
    6.01623e+03    4.66204e+04   -2.26536e+03   -3.35252e+05    1.72003e+03
 Position Rest.      Potential    Kinetic En.   Total Energy  Conserved En.
    2.89195e+02   -2.76293e+05    4.31170e+04   -2.33176e+05   -2.58479e+05
    Temperature Pres. DC (bar) Pressure (bar)   Constr. rmsd
    2.97248e+02   -2.14659e+02   -7.92570e+02    2.86110e-06

           Step           Time
          38000       76.00000

   Energies (kJ/mol)
           Bond          Angle    Proper Dih. Per. Imp. Dih.          LJ-14
    8.33548e+02    2.13338e+03    2.61773e+03    1.48149e+02    9.28723e+02
     Coulomb-14        LJ (SR)  Disper. corr.   Coulomb (SR)   Coul. recip.
    6.12879e+03    4.80859e+04   -2.26536e+03   -3.37000e+05    1.74310e+03
 Position Rest.      Potential    Kinetic En.   Total Energy  Conserved En.
    3.07380e+02   -2.76338e+05    4.36396e+04   -2.32699e+05   -2.58477e+05
    Temperature Pres. DC (bar) Pressure (bar)   Constr. rmsd
    3.00850e+02   -2.14659e+02   -9.27991e+02    2.86110e-06

           Step           Time
          38500       77.00000

   Energies (kJ/mol)
           Bond          Angle    Proper Dih. Per. Imp. Dih.          LJ-14
    7.55621e+02    2.16198e+03    2.63843e+03    1.15285e+02    9.20833e+02
     Coulomb-14        LJ (SR)  Disper. corr.   Coulomb (SR)   Coul. recip.
    6.03790e+03    4.73708e+04   -2.26536e+03   -3.34573e+05    1.69235e+03
 Position Rest.      Potential    Kinetic En.   Total Energy  Conserved En.
    2.78352e+02   -2.74867e+05    4.38687e+04   -2.30998e+05   -2.58494e+05
    Temperature Pres. DC (bar) Pressure (bar)   Constr. rmsd
    3.02430e+02   -2.14659e+02   -4.38719e+02    2.86110e-06

           Step           Time
          39000       78.00000

   Energies (kJ/mol)
           Bond          Angle    Proper Dih. Per. Imp. Dih.          LJ-14
    7.40406e+02    2.11055e+03    2.59436e+03    1.40181e+02    9.70644e+02
     Coulomb-14        LJ (SR)  Disper. corr.   Coulomb (SR)   Coul. recip.
    6.20267e+03    4.70643e+04   -2.26536e+03   -3.35628e+05    1.73445e+03
 Position Rest.      Potential    Kinetic En.   Total Energy  Conserved En.
    2.69893e+02   -2.76066e+05    4.38749e+04   -2.32191e+05   -2.58502e+05
    Temperature Pres. DC (bar) Pressure (bar)   Constr. rmsd
    3.02472e+02   -2.14659e+02   -1.59265e+02    2.86110e-06

           Step           Time
          39500       79.00000

   Energies (kJ/mol)
           Bond          Angle    Proper Dih. Per. Imp. Dih.          LJ-14
    7.58070e+02    2.15022e+03    2.55072e+03    1.49961e+02    9.04518e+02
     Coulomb-14        LJ (SR)  Disper. corr.   Coulomb (SR)   Coul. recip.
    6.00088e+03    4.65396e+04   -2.26536e+03   -3.34754e+05    1.68354e+03
 Position Rest.      Potential    Kinetic En.   Total Energy  Conserved En.
    2.66951e+02   -2.76015e+05    4.33559e+04   -2.32659e+05   -2.58496e+05
    Temperature Pres. DC (bar) Pressure (bar)   Constr. rmsd
    2.98894e+02   -2.14659e+02   -9.24677e+02    2.86110e-06

           Step           Time
          40000       80.00000

   Energies (kJ/mol)
           Bond          Angle    Proper Dih. Per. Imp. Dih.          LJ-14
    9.13070e+02    2.25778e+03    2.57013e+03    1.57017e+02    8.80269e+02
     Coulomb-14        LJ (SR)  Disper. corr.   Coulomb (SR)   Coul. recip.
    5.97152e+03    4.70725e+04   -2.26536e+03   -3.34018e+05    1.76613e+03
 Position Rest.      Potential    Kinetic En.   Total Energy  Conserved En.
    2.60363e+02   -2.74435e+05    4.38577e+04   -2.30577e+05   -2.58485e+05
    Temperature Pres. DC (bar) Pressure (bar)   Constr. rmsd
    3.02354e+02   -2.14659e+02   -6.67304e+02    2.86110e-06

           Step           Time
          40500       81.00000

   Energies (kJ/mol)
           Bond          Angle    Proper Dih. Per. Imp. Dih.          LJ-14
    7.86605e+02    2.20196e+03    2.58032e+03    1.22006e+02    9.10283e+02
     Coulomb-14        LJ (SR)  Disper. corr.   Coulomb (SR)   Coul. recip.
    6.11570e+03    4.66479e+04   -2.26536e+03   -3.34656e+05    1.73239e+03
 Position Rest.      Potential    Kinetic En.   Total Energy  Conserved En.
    2.58738e+02   -2.75566e+05    4.37500e+04   -2.31816e+05   -2.58499e+05
    Temperature Pres. DC (bar) Pressure (bar)   Constr. rmsd
    3.01611e+02   -2.14659e+02   -7.00508e+02    2.86110e-06

           Step           Time
          41000       82.00000

   Energies (kJ/mol)
           Bond          Angle    Proper Dih. Per. Imp. Dih.          LJ-14
    9.23112e+02    2.15432e+03    2.62293e+03    1.12649e+02    9.20130e+02
     Coulomb-14        LJ (SR)  Disper. corr.   Coulomb (SR)   Coul. recip.
    6.11557e+03    4.66197e+04   -2.26536e+03   -3.33497e+05    1.82671e+03
 Position Rest.      Potential    Kinetic En.   Total Energy  Conserved En.
    2.66954e+02   -2.74201e+05    4.24967e+04   -2.31704e+05   -2.58470e+05
    Temperature Pres. DC (bar) Pressure (bar)   Constr. rmsd
    2.92972e+02   -2.14659e+02   -1.03395e+03    2.86110e-06

           Step           Time
          41500       83.00000

   Energies (kJ/mol)
           Bond          Angle    Proper Dih. Per. Imp. Dih.          LJ-14
    7.59639e+02    2.19199e+03    2.62794e+03    1.32916e+02    9.33673e+02
     Coulomb-14        LJ (SR)  Disper. corr.   Coulomb (SR)   Coul. recip.
    6.18394e+03    4.82277e+04   -2.26536e+03   -3.36727e+05    1.72021e+03
 Position Rest.      Potential    Kinetic En.   Total Energy  Conserved En.
    2.67126e+02   -2.75948e+05    4.35295e+04   -2.32418e+05   -2.58480e+05
    Temperature Pres. DC (bar) Pressure (bar)   Constr. rmsd
    3.00091e+02   -2.14659e+02   -1.77557e+02    2.86110e-06

           Step           Time
          42000       84.00000

   Energies (kJ/mol)
           Bond          Angle    Proper Dih. Per. Imp. Dih.          LJ-14
    8.29124e+02    2.10227e+03    2.55289e+03    1.24449e+02    8.98237e+02
     Coulomb-14        LJ (SR)  Disper. corr.   Coulomb (SR)   Coul. recip.
    6.03526e+03    4.70406e+04   -2.26536e+03   -3.35038e+05    1.78313e+03
 Position Rest.      Potential    Kinetic En.   Total Energy  Conserved En.
    2.78549e+02   -2.75659e+05    4.31281e+04   -2.32531e+05   -2.58495e+05
    Temperature Pres. DC (bar) Pressure (bar)   Constr. rmsd
    2.97324e+02   -2.14659e+02   -9.44293e+02    2.86110e-06

           Step           Time
          42500       85.00000

   Energies (kJ/mol)
           Bond          Angle    Proper Dih. Per. Imp. Dih.          LJ-14
    7.93390e+02    2.15289e+03    2.65981e+03    1.07807e+02    9.01448e+02
     Coulomb-14        LJ (SR)  Disper. corr.   Coulomb (SR)   Coul. recip.
    6.03697e+03    4.68264e+04   -2.26536e+03   -3.35145e+05    1.78878e+03
 Position Rest.      Potential    Kinetic En.   Total Energy  Conserved En.
    2.57631e+02   -2.75886e+05    4.32421e+04   -2.32644e+05   -2.58492e+05
    Temperature Pres. DC (bar) Pressure (bar)   Constr. rmsd
    2.98110e+02   -2.14659e+02   -7.31630e+02    2.86110e-06

           Step           Time
          43000       86.00000

   Energies (kJ/mol)
           Bond          Angle    Proper Dih. Per. Imp. Dih.          LJ-14
    8.73048e+02    2.05583e+03    2.55066e+03    1.01541e+02    9.00438e+02
     Coulomb-14        LJ (SR)  Disper. corr.   Coulomb (SR)   Coul. recip.
    6.00122e+03    4.67703e+04   -2.26536e+03   -3.35277e+05    1.73488e+03
 Position Rest.      Potential    Kinetic En.   Total Energy  Conserved En.
    2.94980e+02   -2.76259e+05    4.26652e+04   -2.33594e+05   -2.58488e+05
    Temperature Pres. DC (bar) Pressure (bar)   Constr. rmsd
    2.94133e+02   -2.14659e+02   -8.79289e+02    2.86110e-06

           Step           Time
          43500       87.00000

   Energies (kJ/mol)
           Bond          Angle    Proper Dih. Per. Imp. Dih.          LJ-14
    7.63057e+02    2.07013e+03    2.59864e+03    1.42248e+02    9.18793e+02
     Coulomb-14        LJ (SR)  Disper. corr.   Coulomb (SR)   Coul. recip.
    6.16690e+03    4.77530e+04   -2.26536e+03   -3.36325e+05    1.78390e+03
 Position Rest.      Potential    Kinetic En.   Total Energy  Conserved En.
    3.00423e+02   -2.76094e+05    4.40914e+04   -2.32002e+05   -2.58512e+05
    Temperature Pres. DC (bar) Pressure (bar)   Constr. rmsd
    3.03965e+02   -2.14659e+02   -6.46196e+02    2.86110e-06

           Step           Time
          44000       88.00000

   Energies (kJ/mol)
           Bond          Angle    Proper Dih. Per. Imp. Dih.          LJ-14
    7.84089e+02    2.27666e+03    2.56311e+03    1.26421e+02    9.09741e+02
     Coulomb-14        LJ (SR)  Disper. corr.   Coulomb (SR)   Coul. recip.
    5.91943e+03    4.70610e+04   -2.26536e+03   -3.34982e+05    1.78791e+03
 Position Rest.      Potential    Kinetic En.   Total Energy  Conserved En.
    2.52458e+02   -2.75566e+05    4.40257e+04   -2.31541e+05   -2.58504e+05
    Temperature Pres. DC (bar) Pressure (bar)   Constr. rmsd
    3.03512e+02   -2.14659e+02   -5.80622e+02    2.86110e-06

           Step           Time
          44500       89.00000

   Energies (kJ/mol)
           Bond          Angle    Proper Dih. Per. Imp. Dih.          LJ-14
    8.19385e+02    2.20927e+03    2.56136e+03    1.31762e+02    9.14379e+02
     Coulomb-14        LJ (SR)  Disper. corr.   Coulomb (SR)   Coul. recip.
    6.11142e+03    4.77508e+04   -2.26536e+03   -3.36066e+05    1.79265e+03
 Position Rest.      Potential    Kinetic En.   Total Energy  Conserved En.
    2.86722e+02   -2.75753e+05    4.36234e+04   -2.32130e+05   -2.58489e+05
    Temperature Pres. DC (bar) Pressure (bar)   Constr. rmsd
    3.00739e+02   -2.14659e+02   -5.86807e+02    2.86110e-06

           Step           Time
          45000       90.00000

   Energies (kJ/mol)
           Bond          Angle    Proper Dih. Per. Imp. Dih.          LJ-14
    7.74114e+02    2.09154e+03    2.53343e+03    1.62423e+02    9.84002e+02
     Coulomb-14        LJ (SR)  Disper. corr.   Coulomb (SR)   Coul. recip.
    6.05969e+03    4.75077e+04   -2.26536e+03   -3.35827e+05    1.74676e+03
 Position Rest.      Potential    Kinetic En.   Total Energy  Conserved En.
    2.81836e+02   -2.75951e+05    4.37629e+04   -2.32188e+05   -2.58510e+05
    Temperature Pres. DC (bar) Pressure (bar)   Constr. rmsd
    3.01701e+02   -2.14659e+02   -6.73183e+02    2.86110e-06

           Step           Time
          45500       91.00000

   Energies (kJ/mol)
           Bond          Angle    Proper Dih. Per. Imp. Dih.          LJ-14
    8.50136e+02    1.99121e+03    2.55738e+03    1.46851e+02    9.14784e+02
     Coulomb-14        LJ (SR)  Disper. corr.   Coulomb (SR)   Coul. recip.
    6.10106e+03    4.77425e+04   -2.26536e+03   -3.36475e+05    1.69470e+03
 Position Rest.      Potential    Kinetic En.   Total Energy  Conserved En.
    2.76161e+02   -2.76465e+05    4.36383e+04   -2.32827e+05   -2.58514e+05
    Temperature Pres. DC (bar) Pressure (bar)   Constr. rmsd
    3.00841e+02   -2.14659e+02   -8.12942e+02    2.86110e-06

           Step           Time
          46000       92.00000

   Energies (kJ/mol)
           Bond          Angle    Proper Dih. Per. Imp. Dih.          LJ-14
    7.23173e+02    2.09855e+03    2.59683e+03    1.17136e+02    9.36766e+02
     Coulomb-14        LJ (SR)  Disper. corr.   Coulomb (SR)   Coul. recip.
    6.12457e+03    4.68079e+04   -2.26536e+03   -3.36280e+05    1.71081e+03
 Position Rest.      Potential    Kinetic En.   Total Energy  Conserved En.
    2.98524e+02   -2.77131e+05    4.40552e+04   -2.33075e+05   -2.58526e+05
    Temperature Pres. DC (bar) Pressure (bar)   Constr. rmsd
    3.03716e+02   -2.14659e+02   -2.36577e+02    2.86110e-06

           Step           Time
          46500       93.00000

   Energies (kJ/mol)
           Bond          Angle    Proper Dih. Per. Imp. Dih.          LJ-14
    8.15600e+02    2.12966e+03    2.64593e+03    1.34331e+02    9.29168e+02
     Coulomb-14        LJ (SR)  Disper. corr.   Coulomb (SR)   Coul. recip.
    6.18133e+03    4.70225e+04   -2.26536e+03   -3.34975e+05    1.73474e+03
 Position Rest.      Potential    Kinetic En.   Total Energy  Conserved En.
    2.97407e+02   -2.75350e+05    4.37676e+04   -2.31582e+05   -2.58508e+05
    Temperature Pres. DC (bar) Pressure (bar)   Constr. rmsd
    3.01733e+02   -2.14659e+02   -1.20331e+03    2.86110e-06

           Step           Time
          47000       94.00000

   Energies (kJ/mol)
           Bond          Angle    Proper Dih. Per. Imp. Dih.          LJ-14
    6.28424e+02    2.19562e+03    2.54733e+03    1.13865e+02    9.30105e+02
     Coulomb-14        LJ (SR)  Disper. corr.   Coulomb (SR)   Coul. recip.
    6.03565e+03    4.70073e+04   -2.26536e+03   -3.35169e+05    1.79071e+03
 Position Rest.      Potential    Kinetic En.   Total Energy  Conserved En.
    3.09919e+02   -2.75876e+05    4.40472e+04   -2.31829e+05   -2.58518e+05
    Temperature Pres. DC (bar) Pressure (bar)   Constr. rmsd
    3.03661e+02   -2.14659e+02   -6.10884e+02    2.86110e-06

           Step           Time
          47500       95.00000

   Energies (kJ/mol)
           Bond          Angle    Proper Dih. Per. Imp. Dih.          LJ-14
    8.48740e+02    2.14725e+03    2.58313e+03    1.46789e+02    8.89464e+02
     Coulomb-14        LJ (SR)  Disper. corr.   Coulomb (SR)   Coul. recip.
    5.97915e+03    4.69949e+04   -2.26536e+03   -3.34566e+05    1.76952e+03
 Position Rest.      Potential    Kinetic En.   Total Energy  Conserved En.
    2.58714e+02   -2.75214e+05    4.37557e+04   -2.31458e+05   -2.58518e+05
    Temperature Pres. DC (bar) Pressure (bar)   Constr. rmsd
    3.01651e+02   -2.14659e+02   -4.97615e+02    2.86110e-06

           Step           Time
          48000       96.00000

   Energies (kJ/mol)
           Bond          Angle    Proper Dih. Per. Imp. Dih.          LJ-14
    7.89485e+02    1.97947e+03    2.57507e+03    1.55898e+02    9.30085e+02
     Coulomb-14        LJ (SR)  Disper. corr.   Coulomb (SR)   Coul. recip.
    6.08476e+03    4.69120e+04   -2.26536e+03   -3.34677e+05    1.74084e+03
 Position Rest.      Potential    Kinetic En.   Total Energy  Conserved En.
    2.66323e+02   -2.75509e+05    4.30120e+04   -2.32497e+05   -2.58537e+05
    Temperature Pres. DC (bar) Pressure (bar)   Constr. rmsd
    2.96524e+02   -2.14659e+02   -6.46476e+02    2.86110e-06

           Step           Time
          48500       97.00000

   Energies (kJ/mol)
           Bond          Angle    Proper Dih. Per. Imp. Dih.          LJ-14
    7.90822e+02    2.08829e+03    2.57440e+03    1.49621e+02    9.23017e+02
     Coulomb-14        LJ (SR)  Disper. corr.   Coulomb (SR)   Coul. recip.
    6.01517e+03    4.72173e+04   -2.26536e+03   -3.35166e+05    1.76621e+03
 Position Rest.      Potential    Kinetic En.   Total Energy  Conserved En.
    2.57594e+02   -2.75648e+05    4.36865e+04   -2.31962e+05   -2.58540e+05
    Temperature Pres. DC (bar) Pressure (bar)   Constr. rmsd
    3.01174e+02   -2.14659e+02   -5.79284e+02    2.86110e-06

           Step           Time
          49000       98.00000

   Energies (kJ/mol)
           Bond          Angle    Proper Dih. Per. Imp. Dih.          LJ-14
    8.43834e+02    2.13226e+03    2.64066e+03    1.18118e+02    8.92580e+02
     Coulomb-14        LJ (SR)  Disper. corr.   Coulomb (SR)   Coul. recip.
    6.00975e+03    4.73852e+04   -2.26536e+03   -3.35297e+05    1.76875e+03
 Position Rest.      Potential    Kinetic En.   Total Energy  Conserved En.
    3.19468e+02   -2.75452e+05    4.34169e+04   -2.32035e+05   -2.58519e+05
    Temperature Pres. DC (bar) Pressure (bar)   Constr. rmsd
    2.99315e+02   -2.14659e+02   -3.82050e+02    2.86110e-06

           Step           Time
          49500       99.00000

   Energies (kJ/mol)
           Bond          Angle    Proper Dih. Per. Imp. Dih.          LJ-14
    8.49268e+02    2.06017e+03    2.55139e+03    1.34301e+02    8.94266e+02
     Coulomb-14        LJ (SR)  Disper. corr.   Coulomb (SR)   Coul. recip.
    5.88680e+03    4.69190e+04   -2.26536e+03   -3.34771e+05    1.81077e+03
 Position Rest.      Potential    Kinetic En.   Total Energy  Conserved En.
    3.13521e+02   -2.75617e+05    4.34644e+04   -2.32153e+05   -2.58541e+05
    Temperature Pres. DC (bar) Pressure (bar)   Constr. rmsd
    2.99642e+02   -2.14659e+02   -5.38119e+02    2.86110e-06

           Step           Time
          50000      100.00000

Writing checkpoint, step 50000 at Fri Apr  7 05:41:20 2023


   Energies (kJ/mol)
           Bond          Angle    Proper Dih. Per. Imp. Dih.          LJ-14
    8.43350e+02    2.11511e+03    2.58402e+03    1.36571e+02    9.30025e+02
     Coulomb-14        LJ (SR)  Disper. corr.   Coulomb (SR)   Coul. recip.
    5.88274e+03    4.61389e+04   -2.26536e+03   -3.33139e+05    1.76603e+03
 Position Rest.      Potential    Kinetic En.   Total Energy  Conserved En.
    2.68846e+02   -2.74738e+05    4.42897e+04   -2.30449e+05   -2.58550e+05
    Temperature Pres. DC (bar) Pressure (bar)   Constr. rmsd
    3.05332e+02   -2.14659e+02   -8.13654e+02    2.86110e-06


Energy conservation over simulation part #1 of length 100 ps, time 0 to 100 ps
  Conserved energy drift: -7.85e-05 kJ/mol/ps per atom


	<======  ###############  ==>
	<====  A V E R A G E S  ====>
	<==  ###############  ======>

	Statistics over 50001 steps using 501 frames

   Energies (kJ/mol)
           Bond          Angle    Proper Dih. Per. Imp. Dih.          LJ-14
    8.08086e+02    2.09886e+03    2.58285e+03    1.28509e+02    9.19904e+02
     Coulomb-14        LJ (SR)  Disper. corr.   Coulomb (SR)   Coul. recip.
    6.06489e+03    4.73734e+04   -2.26536e+03   -3.35655e+05    1.75067e+03
 Position Rest.      Potential    Kinetic En.   Total Energy  Conserved En.
    2.80198e+02   -2.75913e+05    4.35157e+04   -2.32397e+05   -2.58412e+05
    Temperature Pres. DC (bar) Pressure (bar)   Constr. rmsd
    2.99997e+02   -2.14659e+02   -6.28043e+02    0.00000e+00

   Total Virial (kJ/mol)
    1.78863e+04    7.10776e+01    4.87223e+01
    7.10770e+01    1.78732e+04    1.08924e+02
    4.87183e+01    1.08924e+02    1.77102e+04

   Pressure (bar)
   -6.39346e+02   -1.64858e+01   -1.24287e+01
   -1.64857e+01   -6.40537e+02   -2.08529e+01
   -1.24279e+01   -2.08530e+01   -6.04246e+02

      T-Protein  T-non-Protein
    3.00253e+02    2.99977e+02


	M E G A - F L O P S   A C C O U N T I N G

 NB=Group-cutoff nonbonded kernels    NxN=N-by-N cluster Verlet kernels
 RF=Reaction-Field  VdW=Van der Waals  QSTab=quadratic-spline table
 W3=SPC/TIP3p  W4=TIP4p (single or pairs)
 V&F=Potential and force  V=Potential only  F=Force only

 Computing:                               M-Number         M-Flops  % Flops
-----------------------------------------------------------------------------
 Pair Search distance check             824.625904        7421.633     0.0
 NxN Ewald Elec. + LJ [F]            826310.346048    54536482.839    98.3
 NxN Ewald Elec. + LJ [V&F]            8363.229888      894865.598     1.6
 1,4 nonbonded interactions             132.552651       11929.739     0.0
 Shift-X                                  8.605176          51.631     0.0
 Bonds                                   25.700514        1516.330     0.0
 Angles                                  91.501830       15372.307     0.0
 Propers                                132.752655       30400.358     0.1
 Impropers                               10.650213        2215.244     0.0
 Pos. Restr.                             25.000500        1250.025     0.0
 Virial                                   8.627721         155.299     0.0
 Stop-CM                                  8.622352          86.224     0.0
 Calc-Ekin                              171.794352        4638.448     0.0
 Lincs                                    0.001004           0.060     0.0
 Lincs-Mat                                0.004896           0.020     0.0
 Constraint-V                             0.017135           0.154     0.0
 Settle                                   0.010754           3.979     0.0
-----------------------------------------------------------------------------
 Total                                                55506389.888   100.0
-----------------------------------------------------------------------------


      R E A L   C Y C L E   A N D   T I M E   A C C O U N T I N G

On 1 MPI rank, each using 4 OpenMP threads

 Activity:              Num   Num      Call    Wall time         Giga-Cycles
                        Ranks Threads  Count      (s)         total sum    %
--------------------------------------------------------------------------------
 Neighbor search           1    4        501       2.287         23.714   1.4
 Launch PP GPU ops.        1    4      99501       2.682         27.802   1.6
 Force                     1    4      50001      13.781        142.881   8.4
 PME GPU mesh              1    4      50001       2.578         26.729   1.6
 Wait GPU NB local         1    4      49500       0.039          0.404   0.0
 Wait GPU state copy       1    4      62003     133.891       1388.138  82.1
 NB X/F buffer ops.        1    4        501       0.153          1.589   0.1
 Write traj.               1    4        101       1.662         17.236   1.0
 Constraints               1    4          2       0.000          0.005   0.0
 Rest                                              6.027         62.485   3.7
--------------------------------------------------------------------------------
 Total                                           163.102       1690.983 100.0
--------------------------------------------------------------------------------
 Breakdown of PME mesh activities
--------------------------------------------------------------------------------
 Wait PME GPU gather       1    4      50001       0.039          0.401   0.0
 Reduce GPU PME F          1    4      50001       0.012          0.120   0.0
 Launch PME GPU ops.       1    4     400013       2.422         25.111   1.5
--------------------------------------------------------------------------------

               Core t (s)   Wall t (s)        (%)
       Time:      652.403      163.102      400.0
                 (ns/day)    (hour/ns)
Performance:       52.974        0.453
Finished mdrun on rank 0 Fri Apr  7 05:41:21 2023

