                       :-) GROMACS - gmx mdrun, 2023 (-:

Copyright 1991-2023 The GROMACS Authors.
GROMACS is free software; you can redistribute it and/or modify it
under the terms of the GNU Lesser General Public License
as published by the Free Software Foundation; either version 2.1
of the License, or (at your option) any later version.

                         Current GROMACS contributors:
       Mark Abraham           Andrey Alekseenko           Cathrine Bergh      
      Christian Blau            Eliane Briand             Mahesh Doijade      
    Stefan Fleischmann           Vytas Gapsys              Gaurav Garg        
      Sergey Gorelov         Gilles Gouaillardet            Alan Gray         
     M. Eric Irrgang         Farzaneh Jalalypour            Joe Jordan        
    Christoph Junghans        Prashanth Kanduri          Sebastian Keller     
     Carsten Kutzner           Justin A. Lemkul          Magnus Lundborg      
       Pascal Merz              Vedran Miletic            Dmitry Morozov      
       Szilard Pall             Roland Schulz             Michael Shirts      
     Alexey Shvetsov            Balint Soproni         David van der Spoel    
      Philip Turner             Carsten Uphoff           Alessandra Villa     
 Sebastian Wingbermuehle        Artem Zhmurov       

                         Previous GROMACS contributors:
        Emile Apol             Rossen Apostolov           James Barnett       
  Herman J.C. Berendsen          Par Bjelkmar           Viacheslav Bolnykh    
        Kevin Boyd            Aldert van Buuren          Carlo Camilloni      
     Rudi van Drunen            Anton Feenstra           Oliver Fleetwood     
     Gerrit Groenhof            Bert de Groot             Anca Hamuraru       
    Vincent Hindriksen          Victor Holanda           Aleksei Iupinov      
   Dimitrios Karkoulis           Peter Kasson             Sebastian Kehl      
        Jiri Kraus               Per Larsson              Viveca Lindahl      
      Erik Marklund           Pieter Meulenhoff           Teemu Murtola       
       Sander Pronk             Alfons Sijbers            Peter Tieleman      
       Jon Vincent             Teemu Virolainen         Christian Wennberg    
       Maarten Wolf       

                  Coordinated by the GROMACS project leaders:
                    Paul Bauer, Berk Hess, and Erik Lindahl

GROMACS:      gmx mdrun, version 2023
Executable:   /usr/local/gromacs/bin/gmx
Data prefix:  /usr/local/gromacs
Working dir:  /home/mirjr/Documents/github/bioinfo/gmx/6a5j
Process ID:   14848
Command line:
  gmx mdrun -v -deffnm npt

GROMACS version:    2023
Precision:          mixed
Memory model:       64 bit
MPI library:        thread_mpi
OpenMP support:     enabled (GMX_OPENMP_MAX_THREADS = 128)
GPU support:        CUDA
NB cluster size:    8
SIMD instructions:  AVX2_256
CPU FFT library:    fftw-3.3.8-sse2-avx-avx2-avx2_128
GPU FFT library:    cuFFT
Multi-GPU FFT:      none
RDTSCP usage:       enabled
TNG support:        enabled
Hwloc support:      disabled
Tracing support:    disabled
C compiler:         /usr/bin/cc GNU 11.3.0
C compiler flags:   -fexcess-precision=fast -funroll-all-loops -mavx2 -mfma -Wno-missing-field-initializers -O3 -DNDEBUG
C++ compiler:       /usr/bin/c++ GNU 11.3.0
C++ compiler flags: -fexcess-precision=fast -funroll-all-loops -mavx2 -mfma -Wno-missing-field-initializers -Wno-cast-function-type-strict -fopenmp -O3 -DNDEBUG
BLAS library:       
LAPACK library:     
CUDA compiler:      /usr/local/cuda/bin/nvcc nvcc: NVIDIA (R) Cuda compiler driver;Copyright (c) 2005-2023 NVIDIA Corporation;Built on Tue_Feb__7_19:32:13_PST_2023;Cuda compilation tools, release 12.1, V12.1.66;Build cuda_12.1.r12.1/compiler.32415258_0
CUDA compiler flags:-std=c++17;--generate-code=arch=compute_50,code=sm_50;--generate-code=arch=compute_52,code=sm_52;--generate-code=arch=compute_60,code=sm_60;--generate-code=arch=compute_61,code=sm_61;--generate-code=arch=compute_70,code=sm_70;--generate-code=arch=compute_75,code=sm_75;--generate-code=arch=compute_80,code=sm_80;--generate-code=arch=compute_86,code=sm_86;--generate-code=arch=compute_89,code=sm_89;--generate-code=arch=compute_90,code=sm_90;-Wno-deprecated-gpu-targets;--generate-code=arch=compute_53,code=sm_53;--generate-code=arch=compute_80,code=sm_80;-use_fast_math;-Xptxas;-warn-double-usage;-Xptxas;-Werror;-D_FORCE_INLINES;-fexcess-precision=fast -funroll-all-loops -mavx2 -mfma -Wno-missing-field-initializers -Wno-cast-function-type-strict -fopenmp -O3 -DNDEBUG
CUDA driver:        12.10
CUDA runtime:       12.10


Running on 1 node with total 2 cores, 4 processing units, 1 compatible GPU
Hardware detected on host dev:
  CPU info:
    Vendor: Intel
    Brand:  Intel(R) Core(TM) i3-10110U CPU @ 2.10GHz
    Family: 6   Model: 142   Stepping: 12
    Features: aes apic avx avx2 clfsh cmov cx8 cx16 f16c fma htt intel lahf mmx msr nonstop_tsc pcid pclmuldq pdcm pdpe1gb popcnt pse rdrnd rdtscp sse2 sse3 sse4.1 sse4.2 ssse3 tdt x2apic
  Hardware topology: Basic
    Packages, cores, and logical processors:
    [indices refer to OS logical processors]
      Package  0: [   0   2] [   1   3]
    CPU limit set by OS: -1   Recommended max number of threads: 4
  GPU info:
    Number of GPUs detected: 1
    #0: NVIDIA NVIDIA GeForce MX230, compute cap.: 6.1, ECC:  no, stat: compatible


++++ PLEASE READ AND CITE THE FOLLOWING REFERENCE ++++
M. J. Abraham, T. Murtola, R. Schulz, S. Páll, J. C. Smith, B. Hess, E.
Lindahl
GROMACS: High performance molecular simulations through multi-level
parallelism from laptops to supercomputers
SoftwareX 1 (2015) pp. 19-25
-------- -------- --- Thank You --- -------- --------


++++ PLEASE READ AND CITE THE FOLLOWING REFERENCE ++++
S. Páll, M. J. Abraham, C. Kutzner, B. Hess, E. Lindahl
Tackling Exascale Software Challenges in Molecular Dynamics Simulations with
GROMACS
In S. Markidis & E. Laure (Eds.), Solving Software Challenges for Exascale 8759 (2015) pp. 3-27
-------- -------- --- Thank You --- -------- --------


++++ PLEASE READ AND CITE THE FOLLOWING REFERENCE ++++
S. Pronk, S. Páll, R. Schulz, P. Larsson, P. Bjelkmar, R. Apostolov, M. R.
Shirts, J. C. Smith, P. M. Kasson, D. van der Spoel, B. Hess, and E. Lindahl
GROMACS 4.5: a high-throughput and highly parallel open source molecular
simulation toolkit
Bioinformatics 29 (2013) pp. 845-54
-------- -------- --- Thank You --- -------- --------


++++ PLEASE READ AND CITE THE FOLLOWING REFERENCE ++++
B. Hess and C. Kutzner and D. van der Spoel and E. Lindahl
GROMACS 4: Algorithms for highly efficient, load-balanced, and scalable
molecular simulation
J. Chem. Theory Comput. 4 (2008) pp. 435-447
-------- -------- --- Thank You --- -------- --------


++++ PLEASE READ AND CITE THE FOLLOWING REFERENCE ++++
D. van der Spoel, E. Lindahl, B. Hess, G. Groenhof, A. E. Mark and H. J. C.
Berendsen
GROMACS: Fast, Flexible and Free
J. Comp. Chem. 26 (2005) pp. 1701-1719
-------- -------- --- Thank You --- -------- --------


++++ PLEASE READ AND CITE THE FOLLOWING REFERENCE ++++
E. Lindahl and B. Hess and D. van der Spoel
GROMACS 3.0: A package for molecular simulation and trajectory analysis
J. Mol. Mod. 7 (2001) pp. 306-317
-------- -------- --- Thank You --- -------- --------


++++ PLEASE READ AND CITE THE FOLLOWING REFERENCE ++++
H. J. C. Berendsen, D. van der Spoel and R. van Drunen
GROMACS: A message-passing parallel molecular dynamics implementation
Comp. Phys. Comm. 91 (1995) pp. 43-56
-------- -------- --- Thank You --- -------- --------


++++ PLEASE CITE THE DOI FOR THIS VERSION OF GROMACS ++++
https://doi.org/10.5281/zenodo.7588619
-------- -------- --- Thank You --- -------- --------

Input Parameters:
   integrator                     = md
   tinit                          = 0
   dt                             = 0.002
   nsteps                         = 50000
   init-step                      = 0
   simulation-part                = 1
   mts                            = false
   comm-mode                      = Linear
   nstcomm                        = 100
   bd-fric                        = 0
   ld-seed                        = -3802369
   emtol                          = 10
   emstep                         = 0.01
   niter                          = 20
   fcstep                         = 0
   nstcgsteep                     = 1000
   nbfgscorr                      = 10
   rtpi                           = 0.05
   nstxout                        = 500
   nstvout                        = 500
   nstfout                        = 0
   nstlog                         = 500
   nstcalcenergy                  = 100
   nstenergy                      = 500
   nstxout-compressed             = 0
   compressed-x-precision         = 1000
   cutoff-scheme                  = Verlet
   nstlist                        = 10
   pbc                            = xyz
   periodic-molecules             = false
   verlet-buffer-tolerance        = 0.005
   rlist                          = 1
   coulombtype                    = PME
   coulomb-modifier               = Potential-shift
   rcoulomb-switch                = 0
   rcoulomb                       = 1
   epsilon-r                      = 1
   epsilon-rf                     = inf
   vdw-type                       = Cut-off
   vdw-modifier                   = Potential-shift
   rvdw-switch                    = 0
   rvdw                           = 1
   DispCorr                       = EnerPres
   table-extension                = 1
   fourierspacing                 = 0.16
   fourier-nx                     = 28
   fourier-ny                     = 28
   fourier-nz                     = 28
   pme-order                      = 4
   ewald-rtol                     = 1e-05
   ewald-rtol-lj                  = 0.001
   lj-pme-comb-rule               = Geometric
   ewald-geometry                 = 3d
   epsilon-surface                = 0
   ensemble-temperature-setting   = constant
   ensemble-temperature           = 300
   tcoupl                         = V-rescale
   nsttcouple                     = 10
   nh-chain-length                = 0
   print-nose-hoover-chain-variables = false
   pcoupl                         = Parrinello-Rahman
   pcoupltype                     = Isotropic
   nstpcouple                     = 50
   tau-p                          = 2
   compressibility (3x3):
      compressibility[    0]={ 4.50000e-05,  0.00000e+00,  0.00000e+00}
      compressibility[    1]={ 0.00000e+00,  4.50000e-05,  0.00000e+00}
      compressibility[    2]={ 0.00000e+00,  0.00000e+00,  4.50000e-05}
   ref-p (3x3):
      ref-p[    0]={ 1.00000e+00,  0.00000e+00,  0.00000e+00}
      ref-p[    1]={ 0.00000e+00,  1.00000e+00,  0.00000e+00}
      ref-p[    2]={ 0.00000e+00,  0.00000e+00,  1.00000e+00}
   refcoord-scaling               = COM
   posres-com (3):
      posres-com[0]= 5.13097e-01
      posres-com[1]= 5.05361e-01
      posres-com[2]= 4.94626e-01
   posres-comB (3):
      posres-comB[0]= 5.13097e-01
      posres-comB[1]= 5.05361e-01
      posres-comB[2]= 4.94626e-01
   QMMM                           = false
qm-opts:
   ngQM                           = 0
   constraint-algorithm           = Lincs
   continuation                   = true
   Shake-SOR                      = false
   shake-tol                      = 0.0001
   lincs-order                    = 4
   lincs-iter                     = 1
   lincs-warnangle                = 30
   nwall                          = 0
   wall-type                      = 9-3
   wall-r-linpot                  = -1
   wall-atomtype[0]               = -1
   wall-atomtype[1]               = -1
   wall-density[0]                = 0
   wall-density[1]                = 0
   wall-ewald-zfac                = 3
   pull                           = false
   awh                            = false
   rotation                       = false
   interactiveMD                  = false
   disre                          = No
   disre-weighting                = Conservative
   disre-mixed                    = false
   dr-fc                          = 1000
   dr-tau                         = 0
   nstdisreout                    = 100
   orire-fc                       = 0
   orire-tau                      = 0
   nstorireout                    = 100
   free-energy                    = no
   cos-acceleration               = 0
   deform (3x3):
      deform[    0]={ 0.00000e+00,  0.00000e+00,  0.00000e+00}
      deform[    1]={ 0.00000e+00,  0.00000e+00,  0.00000e+00}
      deform[    2]={ 0.00000e+00,  0.00000e+00,  0.00000e+00}
   simulated-tempering            = false
   swapcoords                     = no
   userint1                       = 0
   userint2                       = 0
   userint3                       = 0
   userint4                       = 0
   userreal1                      = 0
   userreal2                      = 0
   userreal3                      = 0
   userreal4                      = 0
   applied-forces:
     electric-field:
       x:
         E0                       = 0
         omega                    = 0
         t0                       = 0
         sigma                    = 0
       y:
         E0                       = 0
         omega                    = 0
         t0                       = 0
         sigma                    = 0
       z:
         E0                       = 0
         omega                    = 0
         t0                       = 0
         sigma                    = 0
     density-guided-simulation:
       active                     = false
       group                      = protein
       similarity-measure         = inner-product
       atom-spreading-weight      = unity
       force-constant             = 1e+09
       gaussian-transform-spreading-width = 0.2
       gaussian-transform-spreading-range-in-multiples-of-width = 4
       reference-density-filename = reference.mrc
       nst                        = 1
       normalize-densities        = true
       adaptive-force-scaling     = false
       adaptive-force-scaling-time-constant = 4
       shift-vector               = 
       transformation-matrix      = 
     qmmm-cp2k:
       active                     = false
       qmgroup                    = System
       qmmethod                   = PBE
       qmfilenames                = 
       qmcharge                   = 0
       qmmultiplicity             = 1
grpopts:
   nrdf:     628.828     10317.2
   ref-t:         300         300
   tau-t:         0.1         0.1
annealing:          No          No
annealing-npoints:           0           0
   acc:	           0           0           0
   nfreeze:           N           N           N
   energygrp-flags[  0]: 0

Changing nstlist from 10 to 100, rlist from 1 to 1.157

When checking whether update groups are usable:
  Domain decomposition is not active, so there is no need for update groups
1 GPU selected for this run.
Mapping of GPU IDs to the 2 GPU tasks in the 1 rank on this node:
  PP:0,PME:0
PP tasks will do (non-perturbed) short-ranged interactions on the GPU
PP task will update and constrain coordinates on the GPU
PME tasks will do all aspects on the GPU
Using 1 MPI thread
Using 4 OpenMP threads 

System total charge: -0.000
Will do PME sum in reciprocal space for electrostatic interactions.

++++ PLEASE READ AND CITE THE FOLLOWING REFERENCE ++++
U. Essmann, L. Perera, M. L. Berkowitz, T. Darden, H. Lee and L. G. Pedersen 
A smooth particle mesh Ewald method
J. Chem. Phys. 103 (1995) pp. 8577-8592
-------- -------- --- Thank You --- -------- --------

Using a Gaussian width (1/beta) of 0.320163 nm for Ewald
Potential shift: LJ r^-12: -1.000e+00 r^-6: -1.000e+00, Ewald -1.000e-05
Initialized non-bonded Coulomb Ewald tables, spacing: 9.33e-04 size: 1073

Generated table with 1078 data points for 1-4 COUL.
Tabscale = 500 points/nm
Generated table with 1078 data points for 1-4 LJ6.
Tabscale = 500 points/nm
Generated table with 1078 data points for 1-4 LJ12.
Tabscale = 500 points/nm
Long Range LJ corr.: <C6> 2.9931e-04


Using GPU 8x8 nonbonded short-range kernels

Using a dual 8x8 pair-list setup updated with dynamic, rolling pruning:
  outer list: updated every 100 steps, buffer 0.157 nm, rlist 1.157 nm
  inner list: updated every  10 steps, buffer 0.001 nm, rlist 1.001 nm
At tolerance 0.005 kJ/mol/ps per atom, equivalent classical 1x1 list would be:
  outer list: updated every 100 steps, buffer 0.306 nm, rlist 1.306 nm
  inner list: updated every  10 steps, buffer 0.042 nm, rlist 1.042 nm

Using Lorentz-Berthelot Lennard-Jones combination rule

Pinning threads with an auto-selected logical cpu stride of 1

Initializing LINear Constraint Solver

++++ PLEASE READ AND CITE THE FOLLOWING REFERENCE ++++
B. Hess and H. Bekker and H. J. C. Berendsen and J. G. E. M. Fraaije
LINCS: A Linear Constraint Solver for molecular simulations
J. Comp. Chem. 18 (1997) pp. 1463-1472
-------- -------- --- Thank You --- -------- --------

The number of constraints is 151

++++ PLEASE READ AND CITE THE FOLLOWING REFERENCE ++++
S. Miyamoto and P. A. Kollman
SETTLE: An Analytical Version of the SHAKE and RATTLE Algorithms for Rigid
Water Models
J. Comp. Chem. 13 (1992) pp. 952-962
-------- -------- --- Thank You --- -------- --------


++++ PLEASE READ AND CITE THE FOLLOWING REFERENCE ++++
G. Bussi, D. Donadio and M. Parrinello
Canonical sampling through velocity rescaling
J. Chem. Phys. 126 (2007) pp. 014101
-------- -------- --- Thank You --- -------- --------

There are: 5412 Atoms

Updating coordinates and applying constraints on the GPU.
Center of mass motion removal mode is Linear
We have the following groups for center of mass motion removal:
  0:  rest

Started mdrun on rank 0 Fri Apr  7 15:02:20 2023

           Step           Time
              0        0.00000

   Energies (kJ/mol)
           Bond          Angle    Proper Dih. Per. Imp. Dih.          LJ-14
    1.47662e+02    5.18510e+02    5.55481e+02    1.42304e+01    2.23362e+02
     Coulomb-14        LJ (SR)  Disper. corr.   Coulomb (SR)   Coul. recip.
    4.17846e+03    1.08491e+04   -6.70198e+02   -9.19901e+04    5.84936e+02
 Position Rest.      Potential    Kinetic En.   Total Energy  Conserved En.
    1.30149e-02   -7.55885e+04    1.37180e+04   -6.18705e+04   -6.18672e+04
    Temperature Pres. DC (bar) Pressure (bar)   Constr. rmsd
    3.01460e+02   -2.03599e+02    1.99039e+02    0.00000e+00

           Step           Time
            500        1.00000

   Energies (kJ/mol)
           Bond          Angle    Proper Dih. Per. Imp. Dih.          LJ-14
    1.95620e+02    6.70319e+02    5.66550e+02    1.03941e+01    1.91605e+02
     Coulomb-14        LJ (SR)  Disper. corr.   Coulomb (SR)   Coul. recip.
    4.09530e+03    1.12814e+04   -6.75804e+02   -9.22474e+04    5.60697e+02
 Position Rest.      Potential    Kinetic En.   Total Energy  Conserved En.
    6.24726e+01   -7.52889e+04    1.36704e+04   -6.16185e+04   -6.18593e+04
    Temperature Pres. DC (bar) Pressure (bar)   Constr. rmsd
    3.00414e+02   -2.07015e+02    5.40773e+02    0.00000e+00

           Step           Time
           1000        2.00000

   Energies (kJ/mol)
           Bond          Angle    Proper Dih. Per. Imp. Dih.          LJ-14
    1.40923e+02    5.42326e+02    5.69871e+02    1.31926e+01    2.24066e+02
     Coulomb-14        LJ (SR)  Disper. corr.   Coulomb (SR)   Coul. recip.
    4.15030e+03    1.07962e+04   -6.86691e+02   -9.20538e+04    5.61334e+02
 Position Rest.      Potential    Kinetic En.   Total Energy  Conserved En.
    5.84223e+01   -7.56839e+04    1.34005e+04   -6.22833e+04   -6.18493e+04
    Temperature Pres. DC (bar) Pressure (bar)   Constr. rmsd
    2.94485e+02   -2.13730e+02    4.37194e+02    0.00000e+00

           Step           Time
           1500        3.00000

   Energies (kJ/mol)
           Bond          Angle    Proper Dih. Per. Imp. Dih.          LJ-14
    1.49830e+02    6.19139e+02    5.81974e+02    2.77886e+01    2.03446e+02
     Coulomb-14        LJ (SR)  Disper. corr.   Coulomb (SR)   Coul. recip.
    4.16949e+03    1.01684e+04   -6.62914e+02   -9.09525e+04    5.84151e+02
 Position Rest.      Potential    Kinetic En.   Total Energy  Conserved En.
    6.44857e+01   -7.50468e+04    1.36835e+04   -6.13633e+04   -6.18084e+04
    Temperature Pres. DC (bar) Pressure (bar)   Constr. rmsd
    3.00702e+02   -1.99202e+02   -6.46138e+02    0.00000e+00

           Step           Time
           2000        4.00000

   Energies (kJ/mol)
           Bond          Angle    Proper Dih. Per. Imp. Dih.          LJ-14
    1.51530e+02    5.59844e+02    5.66964e+02    2.71034e+01    2.10905e+02
     Coulomb-14        LJ (SR)  Disper. corr.   Coulomb (SR)   Coul. recip.
    4.13052e+03    1.05714e+04   -6.82851e+02   -9.14221e+04    5.99243e+02
 Position Rest.      Potential    Kinetic En.   Total Energy  Conserved En.
    6.40175e+01   -7.52234e+04    1.35515e+04   -6.16719e+04   -6.17751e+04
    Temperature Pres. DC (bar) Pressure (bar)   Constr. rmsd
    2.97802e+02   -2.11349e+02   -3.78861e+01    0.00000e+00

           Step           Time
           2500        5.00000

   Energies (kJ/mol)
           Bond          Angle    Proper Dih. Per. Imp. Dih.          LJ-14
    1.88799e+02    5.63260e+02    5.56285e+02    2.70160e+01    1.96722e+02
     Coulomb-14        LJ (SR)  Disper. corr.   Coulomb (SR)   Coul. recip.
    4.09223e+03    1.10544e+04   -6.57690e+02   -9.16896e+04    6.00316e+02
 Position Rest.      Potential    Kinetic En.   Total Energy  Conserved En.
    7.09561e+01   -7.49973e+04    1.34209e+04   -6.15763e+04   -6.17194e+04
    Temperature Pres. DC (bar) Pressure (bar)   Constr. rmsd
    2.94933e+02   -1.96079e+02   -1.68460e+02    0.00000e+00

           Step           Time
           3000        6.00000

   Energies (kJ/mol)
           Bond          Angle    Proper Dih. Per. Imp. Dih.          LJ-14
    1.89896e+02    6.04830e+02    5.30485e+02    1.98326e+01    2.04473e+02
     Coulomb-14        LJ (SR)  Disper. corr.   Coulomb (SR)   Coul. recip.
    4.14582e+03    1.09215e+04   -6.71640e+02   -9.18651e+04    5.98812e+02
 Position Rest.      Potential    Kinetic En.   Total Energy  Conserved En.
    6.57666e+01   -7.52554e+04    1.35419e+04   -6.17135e+04   -6.16988e+04
    Temperature Pres. DC (bar) Pressure (bar)   Constr. rmsd
    2.97592e+02   -2.04475e+02   -1.42037e+02    0.00000e+00

           Step           Time
           3500        7.00000

   Energies (kJ/mol)
           Bond          Angle    Proper Dih. Per. Imp. Dih.          LJ-14
    1.69711e+02    5.58808e+02    5.15330e+02    1.72637e+01    1.93259e+02
     Coulomb-14        LJ (SR)  Disper. corr.   Coulomb (SR)   Coul. recip.
    4.16493e+03    1.08157e+04   -6.73628e+02   -9.18970e+04    5.36600e+02
 Position Rest.      Potential    Kinetic En.   Total Energy  Conserved En.
    7.39453e+01   -7.55251e+04    1.35401e+04   -6.19850e+04   -6.16858e+04
    Temperature Pres. DC (bar) Pressure (bar)   Constr. rmsd
    2.97551e+02   -2.05685e+02   -9.55865e+01    0.00000e+00

           Step           Time
           4000        8.00000

   Energies (kJ/mol)
           Bond          Angle    Proper Dih. Per. Imp. Dih.          LJ-14
    1.35007e+02    5.89172e+02    5.61285e+02    2.00529e+01    2.21916e+02
     Coulomb-14        LJ (SR)  Disper. corr.   Coulomb (SR)   Coul. recip.
    4.17458e+03    1.14083e+04   -6.74861e+02   -9.29172e+04    6.23883e+02
 Position Rest.      Potential    Kinetic En.   Total Energy  Conserved En.
    7.08472e+01   -7.57871e+04    1.37475e+04   -6.20396e+04   -6.16500e+04
    Temperature Pres. DC (bar) Pressure (bar)   Constr. rmsd
    3.02109e+02   -2.06438e+02    6.68711e+02    0.00000e+00

           Step           Time
           4500        9.00000

   Energies (kJ/mol)
           Bond          Angle    Proper Dih. Per. Imp. Dih.          LJ-14
    1.54175e+02    5.86035e+02    5.25132e+02    2.81175e+01    2.02670e+02
     Coulomb-14        LJ (SR)  Disper. corr.   Coulomb (SR)   Coul. recip.
    4.17962e+03    1.04790e+04   -6.57543e+02   -9.10209e+04    5.95499e+02
 Position Rest.      Potential    Kinetic En.   Total Energy  Conserved En.
    6.40777e+01   -7.48641e+04    1.37252e+04   -6.11389e+04   -6.16231e+04
    Temperature Pres. DC (bar) Pressure (bar)   Constr. rmsd
    3.01619e+02   -1.95991e+02   -5.12752e+02    0.00000e+00

step 4800: timed with pme grid 28 28 28, coulomb cutoff 1.000: 273.3 M-cycles
step 5000: timed with pme grid 24 24 24, coulomb cutoff 1.110: 519.6 M-cycles
           Step           Time
           5000       10.00000

   Energies (kJ/mol)
           Bond          Angle    Proper Dih. Per. Imp. Dih.          LJ-14
    1.66737e+02    5.02204e+02    5.82316e+02    2.06195e+01    1.96339e+02
     Coulomb-14        LJ (SR)  Disper. corr.   Coulomb (SR)   Coul. recip.
    4.16906e+03    1.07380e+04   -6.78341e+02   -9.18097e+04    4.72847e+02
 Position Rest.      Potential    Kinetic En.   Total Energy  Conserved En.
    7.01026e+01   -7.55699e+04    1.36236e+04   -6.19462e+04   -6.16106e+04
    Temperature Pres. DC (bar) Pressure (bar)   Constr. rmsd
    2.99387e+02   -2.08570e+02    1.33599e+01    0.00000e+00

step 5200: timed with pme grid 25 25 25, coulomb cutoff 1.065: 358.8 M-cycles
step 5400: timed with pme grid 28 28 28, coulomb cutoff 1.000: 321.9 M-cycles
              optimal pme grid 28 28 28, coulomb cutoff 1.000
           Step           Time
           5500       11.00000

   Energies (kJ/mol)
           Bond          Angle    Proper Dih. Per. Imp. Dih.          LJ-14
    1.98979e+02    5.13620e+02    5.85427e+02    1.78332e+01    2.16007e+02
     Coulomb-14        LJ (SR)  Disper. corr.   Coulomb (SR)   Coul. recip.
    4.16975e+03    1.04440e+04   -6.72314e+02   -9.15506e+04    5.95176e+02
 Position Rest.      Potential    Kinetic En.   Total Energy  Conserved En.
    5.73390e+01   -7.54248e+04    1.38962e+04   -6.15286e+04   -6.15989e+04
    Temperature Pres. DC (bar) Pressure (bar)   Constr. rmsd
    3.05378e+02   -2.04885e+02   -4.92465e+02    0.00000e+00

           Step           Time
           6000       12.00000

   Energies (kJ/mol)
           Bond          Angle    Proper Dih. Per. Imp. Dih.          LJ-14
    1.60849e+02    5.35785e+02    5.52214e+02    2.03070e+01    2.14929e+02
     Coulomb-14        LJ (SR)  Disper. corr.   Coulomb (SR)   Coul. recip.
    4.10019e+03    1.12548e+04   -6.73670e+02   -9.25214e+04    6.02751e+02
 Position Rest.      Potential    Kinetic En.   Total Energy  Conserved En.
    5.56352e+01   -7.56976e+04    1.34409e+04   -6.22567e+04   -6.15826e+04
    Temperature Pres. DC (bar) Pressure (bar)   Constr. rmsd
    2.95371e+02   -2.05711e+02    3.98750e+02    0.00000e+00

           Step           Time
           6500       13.00000

   Energies (kJ/mol)
           Bond          Angle    Proper Dih. Per. Imp. Dih.          LJ-14
    1.89810e+02    5.54222e+02    5.56244e+02    2.97289e+01    1.98012e+02
     Coulomb-14        LJ (SR)  Disper. corr.   Coulomb (SR)   Coul. recip.
    4.16356e+03    1.05535e+04   -6.72308e+02   -9.17300e+04    5.92136e+02
 Position Rest.      Potential    Kinetic En.   Total Energy  Conserved En.
    5.95222e+01   -7.55056e+04    1.34647e+04   -6.20409e+04   -6.15741e+04
    Temperature Pres. DC (bar) Pressure (bar)   Constr. rmsd
    2.95895e+02   -2.04881e+02   -5.47431e+02    0.00000e+00

           Step           Time
           7000       14.00000

   Energies (kJ/mol)
           Bond          Angle    Proper Dih. Per. Imp. Dih.          LJ-14
    1.55808e+02    5.44648e+02    5.25556e+02    1.18584e+01    2.03361e+02
     Coulomb-14        LJ (SR)  Disper. corr.   Coulomb (SR)   Coul. recip.
    4.16877e+03    1.08655e+04   -6.71946e+02   -9.19039e+04    6.05236e+02
 Position Rest.      Potential    Kinetic En.   Total Energy  Conserved En.
    8.11042e+01   -7.54140e+04    1.33206e+04   -6.20934e+04   -6.15619e+04
    Temperature Pres. DC (bar) Pressure (bar)   Constr. rmsd
    2.92728e+02   -2.04661e+02   -7.31266e+01    0.00000e+00

           Step           Time
           7500       15.00000

   Energies (kJ/mol)
           Bond          Angle    Proper Dih. Per. Imp. Dih.          LJ-14
    2.09221e+02    5.64606e+02    5.56838e+02    2.09157e+01    2.04660e+02
     Coulomb-14        LJ (SR)  Disper. corr.   Coulomb (SR)   Coul. recip.
    4.14426e+03    1.08688e+04   -6.69136e+02   -9.15852e+04    5.71769e+02
 Position Rest.      Potential    Kinetic En.   Total Energy  Conserved En.
    9.63284e+01   -7.50169e+04    1.35010e+04   -6.15159e+04   -6.15617e+04
    Temperature Pres. DC (bar) Pressure (bar)   Constr. rmsd
    2.96692e+02   -2.02955e+02    1.28643e+02    0.00000e+00

           Step           Time
           8000       16.00000

   Energies (kJ/mol)
           Bond          Angle    Proper Dih. Per. Imp. Dih.          LJ-14
    1.88242e+02    5.46116e+02    5.67084e+02    2.38695e+01    2.16523e+02
     Coulomb-14        LJ (SR)  Disper. corr.   Coulomb (SR)   Coul. recip.
    4.13325e+03    1.04289e+04   -6.67546e+02   -9.12129e+04    6.04598e+02
 Position Rest.      Potential    Kinetic En.   Total Energy  Conserved En.
    7.81527e+01   -7.50937e+04    1.38807e+04   -6.12130e+04   -6.15637e+04
    Temperature Pres. DC (bar) Pressure (bar)   Constr. rmsd
    3.05037e+02   -2.01992e+02   -5.04366e+02    0.00000e+00

           Step           Time
           8500       17.00000

   Energies (kJ/mol)
           Bond          Angle    Proper Dih. Per. Imp. Dih.          LJ-14
    1.39214e+02    5.62071e+02    5.44833e+02    1.65586e+01    2.20096e+02
     Coulomb-14        LJ (SR)  Disper. corr.   Coulomb (SR)   Coul. recip.
    4.16697e+03    1.11799e+04   -6.82407e+02   -9.23424e+04    5.32592e+02
 Position Rest.      Potential    Kinetic En.   Total Energy  Conserved En.
    7.66705e+01   -7.55859e+04    1.35419e+04   -6.20440e+04   -6.15166e+04
    Temperature Pres. DC (bar) Pressure (bar)   Constr. rmsd
    2.97591e+02   -2.11075e+02    7.10440e+02    0.00000e+00

           Step           Time
           9000       18.00000

   Energies (kJ/mol)
           Bond          Angle    Proper Dih. Per. Imp. Dih.          LJ-14
    1.55119e+02    5.45588e+02    5.68982e+02    2.52118e+01    2.02864e+02
     Coulomb-14        LJ (SR)  Disper. corr.   Coulomb (SR)   Coul. recip.
    4.14216e+03    1.10466e+04   -6.62940e+02   -9.20323e+04    5.73243e+02
 Position Rest.      Potential    Kinetic En.   Total Energy  Conserved En.
    6.76608e+01   -7.53678e+04    1.35384e+04   -6.18295e+04   -6.14146e+04
    Temperature Pres. DC (bar) Pressure (bar)   Constr. rmsd
    2.97513e+02   -1.99218e+02   -7.66248e+01    0.00000e+00

           Step           Time
           9500       19.00000

   Energies (kJ/mol)
           Bond          Angle    Proper Dih. Per. Imp. Dih.          LJ-14
    1.54660e+02    6.27598e+02    5.32014e+02    2.04480e+01    2.17757e+02
     Coulomb-14        LJ (SR)  Disper. corr.   Coulomb (SR)   Coul. recip.
    4.16900e+03    1.03676e+04   -6.71642e+02   -9.08205e+04    5.86586e+02
 Position Rest.      Potential    Kinetic En.   Total Energy  Conserved En.
    6.29741e+01   -7.47536e+04    1.37296e+04   -6.10240e+04   -6.13982e+04
    Temperature Pres. DC (bar) Pressure (bar)   Constr. rmsd
    3.01715e+02   -2.04476e+02   -9.88421e+01    0.00000e+00

           Step           Time
          10000       20.00000

   Energies (kJ/mol)
           Bond          Angle    Proper Dih. Per. Imp. Dih.          LJ-14
    1.84039e+02    5.53877e+02    5.55511e+02    1.43214e+01    2.12509e+02
     Coulomb-14        LJ (SR)  Disper. corr.   Coulomb (SR)   Coul. recip.
    4.15278e+03    1.07736e+04   -6.74105e+02   -9.22128e+04    5.34160e+02
 Position Rest.      Potential    Kinetic En.   Total Energy  Conserved En.
    4.31666e+01   -7.58629e+04    1.36892e+04   -6.21737e+04   -6.14020e+04
    Temperature Pres. DC (bar) Pressure (bar)   Constr. rmsd
    3.00829e+02   -2.05976e+02   -1.68268e+02    0.00000e+00

           Step           Time
          10500       21.00000

   Energies (kJ/mol)
           Bond          Angle    Proper Dih. Per. Imp. Dih.          LJ-14
    1.50923e+02    6.36172e+02    5.63474e+02    1.79823e+01    2.09862e+02
     Coulomb-14        LJ (SR)  Disper. corr.   Coulomb (SR)   Coul. recip.
    4.14285e+03    1.05757e+04   -6.74257e+02   -9.19379e+04    5.63372e+02
 Position Rest.      Potential    Kinetic En.   Total Energy  Conserved En.
    5.32696e+01   -7.56986e+04    1.37977e+04   -6.19009e+04   -6.14041e+04
    Temperature Pres. DC (bar) Pressure (bar)   Constr. rmsd
    3.03213e+02   -2.06069e+02   -4.45830e+02    0.00000e+00

           Step           Time
          11000       22.00000

   Energies (kJ/mol)
           Bond          Angle    Proper Dih. Per. Imp. Dih.          LJ-14
    1.92872e+02    5.54194e+02    5.56894e+02    1.35019e+01    2.18306e+02
     Coulomb-14        LJ (SR)  Disper. corr.   Coulomb (SR)   Coul. recip.
    4.12508e+03    1.03025e+04   -6.59747e+02   -9.08333e+04    5.98276e+02
 Position Rest.      Potential    Kinetic En.   Total Energy  Conserved En.
    7.31354e+01   -7.48582e+04    1.38170e+04   -6.10413e+04   -6.13809e+04
    Temperature Pres. DC (bar) Pressure (bar)   Constr. rmsd
    3.03636e+02   -1.97306e+02   -5.42510e+02    0.00000e+00

           Step           Time
          11500       23.00000

   Energies (kJ/mol)
           Bond          Angle    Proper Dih. Per. Imp. Dih.          LJ-14
    1.58548e+02    5.22667e+02    5.44789e+02    2.74286e+01    1.93910e+02
     Coulomb-14        LJ (SR)  Disper. corr.   Coulomb (SR)   Coul. recip.
    4.08436e+03    1.14043e+04   -6.87051e+02   -9.28759e+04    5.73290e+02
 Position Rest.      Potential    Kinetic En.   Total Energy  Conserved En.
    7.58458e+01   -7.59778e+04    1.30947e+04   -6.28831e+04   -6.13029e+04
    Temperature Pres. DC (bar) Pressure (bar)   Constr. rmsd
    2.87764e+02   -2.13954e+02    7.68064e+02    0.00000e+00

           Step           Time
          12000       24.00000

   Energies (kJ/mol)
           Bond          Angle    Proper Dih. Per. Imp. Dih.          LJ-14
    1.66386e+02    6.34453e+02    5.58658e+02    2.74537e+01    2.11174e+02
     Coulomb-14        LJ (SR)  Disper. corr.   Coulomb (SR)   Coul. recip.
    4.09232e+03    1.05028e+04   -6.64232e+02   -9.11287e+04    6.08934e+02
 Position Rest.      Potential    Kinetic En.   Total Energy  Conserved En.
    7.06444e+01   -7.49201e+04    1.39545e+04   -6.09656e+04   -6.12458e+04
    Temperature Pres. DC (bar) Pressure (bar)   Constr. rmsd
    3.06659e+02   -1.99994e+02   -2.51763e+02    0.00000e+00

           Step           Time
          12500       25.00000

   Energies (kJ/mol)
           Bond          Angle    Proper Dih. Per. Imp. Dih.          LJ-14
    1.64738e+02    5.93252e+02    5.66990e+02    3.37221e+01    2.12685e+02
     Coulomb-14        LJ (SR)  Disper. corr.   Coulomb (SR)   Coul. recip.
    4.07531e+03    1.06061e+04   -6.68450e+02   -9.14138e+04    5.77576e+02
 Position Rest.      Potential    Kinetic En.   Total Energy  Conserved En.
    6.33590e+01   -7.51885e+04    1.35822e+04   -6.16063e+04   -6.12459e+04
    Temperature Pres. DC (bar) Pressure (bar)   Constr. rmsd
    2.98477e+02   -2.02539e+02   -2.84856e+02    0.00000e+00

           Step           Time
          13000       26.00000

   Energies (kJ/mol)
           Bond          Angle    Proper Dih. Per. Imp. Dih.          LJ-14
    1.54312e+02    5.30193e+02    5.28763e+02    2.11449e+01    2.07558e+02
     Coulomb-14        LJ (SR)  Disper. corr.   Coulomb (SR)   Coul. recip.
    4.13478e+03    1.11599e+04   -6.79923e+02   -9.22861e+04    6.02107e+02
 Position Rest.      Potential    Kinetic En.   Total Energy  Conserved En.
    7.54848e+01   -7.55518e+04    1.34589e+04   -6.20929e+04   -6.12476e+04
    Temperature Pres. DC (bar) Pressure (bar)   Constr. rmsd
    2.95767e+02   -2.09543e+02    4.68117e+02    0.00000e+00

           Step           Time
          13500       27.00000

   Energies (kJ/mol)
           Bond          Angle    Proper Dih. Per. Imp. Dih.          LJ-14
    1.85603e+02    6.42258e+02    5.51112e+02    3.71632e+01    2.05758e+02
     Coulomb-14        LJ (SR)  Disper. corr.   Coulomb (SR)   Coul. recip.
    4.12463e+03    1.04556e+04   -6.57328e+02   -9.14161e+04    5.95109e+02
 Position Rest.      Potential    Kinetic En.   Total Energy  Conserved En.
    6.62101e+01   -7.52099e+04    1.40300e+04   -6.11799e+04   -6.12185e+04
    Temperature Pres. DC (bar) Pressure (bar)   Constr. rmsd
    3.08317e+02   -1.95863e+02   -6.87521e+02    0.00000e+00

           Step           Time
          14000       28.00000

   Energies (kJ/mol)
           Bond          Angle    Proper Dih. Per. Imp. Dih.          LJ-14
    1.67255e+02    5.44133e+02    5.55808e+02    2.45540e+01    2.02881e+02
     Coulomb-14        LJ (SR)  Disper. corr.   Coulomb (SR)   Coul. recip.
    4.11350e+03    1.11290e+04   -6.81941e+02   -9.26432e+04    5.65784e+02
 Position Rest.      Potential    Kinetic En.   Total Energy  Conserved En.
    5.58557e+01   -7.59664e+04    1.35500e+04   -6.24164e+04   -6.11749e+04
    Temperature Pres. DC (bar) Pressure (bar)   Constr. rmsd
    2.97768e+02   -2.10787e+02    1.30671e+02    0.00000e+00

           Step           Time
          14500       29.00000

   Energies (kJ/mol)
           Bond          Angle    Proper Dih. Per. Imp. Dih.          LJ-14
    1.59113e+02    5.37232e+02    5.45963e+02    2.09040e+01    2.18827e+02
     Coulomb-14        LJ (SR)  Disper. corr.   Coulomb (SR)   Coul. recip.
    4.12055e+03    1.08086e+04   -6.59248e+02   -9.16119e+04    5.91023e+02
 Position Rest.      Potential    Kinetic En.   Total Energy  Conserved En.
    4.48092e+01   -7.52241e+04    1.36416e+04   -6.15825e+04   -6.11360e+04
    Temperature Pres. DC (bar) Pressure (bar)   Constr. rmsd
    2.99782e+02   -1.97008e+02   -5.60944e+00    0.00000e+00

           Step           Time
          15000       30.00000

   Energies (kJ/mol)
           Bond          Angle    Proper Dih. Per. Imp. Dih.          LJ-14
    1.65838e+02    5.00189e+02    5.28060e+02    2.38604e+01    2.01303e+02
     Coulomb-14        LJ (SR)  Disper. corr.   Coulomb (SR)   Coul. recip.
    4.09620e+03    1.08099e+04   -6.72588e+02   -9.15791e+04    5.99641e+02
 Position Rest.      Potential    Kinetic En.   Total Energy  Conserved En.
    7.05781e+01   -7.52561e+04    1.37345e+04   -6.15216e+04   -6.11019e+04
    Temperature Pres. DC (bar) Pressure (bar)   Constr. rmsd
    3.01824e+02   -2.05051e+02   -8.02471e+00    0.00000e+00

           Step           Time
          15500       31.00000

   Energies (kJ/mol)
           Bond          Angle    Proper Dih. Per. Imp. Dih.          LJ-14
    1.89910e+02    5.80778e+02    5.25058e+02    1.43721e+01    1.89156e+02
     Coulomb-14        LJ (SR)  Disper. corr.   Coulomb (SR)   Coul. recip.
    4.11642e+03    1.08162e+04   -6.74044e+02   -9.19936e+04    5.77000e+02
 Position Rest.      Potential    Kinetic En.   Total Energy  Conserved En.
    6.74939e+01   -7.55912e+04    1.37777e+04   -6.18135e+04   -6.10632e+04
    Temperature Pres. DC (bar) Pressure (bar)   Constr. rmsd
    3.02773e+02   -2.05939e+02   -3.40264e+02    0.00000e+00

           Step           Time
          16000       32.00000

   Energies (kJ/mol)
           Bond          Angle    Proper Dih. Per. Imp. Dih.          LJ-14
    1.42446e+02    5.44538e+02    5.44647e+02    1.95280e+01    2.14318e+02
     Coulomb-14        LJ (SR)  Disper. corr.   Coulomb (SR)   Coul. recip.
    4.15070e+03    1.04530e+04   -6.70190e+02   -9.13518e+04    5.85826e+02
 Position Rest.      Potential    Kinetic En.   Total Energy  Conserved En.
    6.99881e+01   -7.52970e+04    1.37736e+04   -6.15234e+04   -6.10656e+04
    Temperature Pres. DC (bar) Pressure (bar)   Constr. rmsd
    3.02683e+02   -2.03594e+02   -4.62306e+02    0.00000e+00

           Step           Time
          16500       33.00000

   Energies (kJ/mol)
           Bond          Angle    Proper Dih. Per. Imp. Dih.          LJ-14
    1.75677e+02    6.16826e+02    5.30835e+02    2.13092e+01    1.99118e+02
     Coulomb-14        LJ (SR)  Disper. corr.   Coulomb (SR)   Coul. recip.
    4.13895e+03    1.05310e+04   -6.67731e+02   -9.15204e+04    6.30638e+02
 Position Rest.      Potential    Kinetic En.   Total Energy  Conserved En.
    5.79016e+01   -7.52858e+04    1.36557e+04   -6.16301e+04   -6.10516e+04
    Temperature Pres. DC (bar) Pressure (bar)   Constr. rmsd
    3.00091e+02   -2.02104e+02   -4.10818e+02    0.00000e+00

           Step           Time
          17000       34.00000

   Energies (kJ/mol)
           Bond          Angle    Proper Dih. Per. Imp. Dih.          LJ-14
    1.28002e+02    5.61966e+02    5.54608e+02    2.16621e+01    2.09998e+02
     Coulomb-14        LJ (SR)  Disper. corr.   Coulomb (SR)   Coul. recip.
    4.15829e+03    1.09432e+04   -6.70949e+02   -9.18389e+04    5.32111e+02
 Position Rest.      Potential    Kinetic En.   Total Energy  Conserved En.
    6.09374e+01   -7.53391e+04    1.35846e+04   -6.17545e+04   -6.10663e+04
    Temperature Pres. DC (bar) Pressure (bar)   Constr. rmsd
    2.98529e+02   -2.04055e+02    3.74024e+01    0.00000e+00

           Step           Time
          17500       35.00000

   Energies (kJ/mol)
           Bond          Angle    Proper Dih. Per. Imp. Dih.          LJ-14
    1.76489e+02    5.92996e+02    5.40549e+02    2.04457e+01    2.20206e+02
     Coulomb-14        LJ (SR)  Disper. corr.   Coulomb (SR)   Coul. recip.
    4.12631e+03    1.05528e+04   -6.80130e+02   -9.16635e+04    5.67658e+02
 Position Rest.      Potential    Kinetic En.   Total Energy  Conserved En.
    7.09873e+01   -7.54752e+04    1.40270e+04   -6.14483e+04   -6.10664e+04
    Temperature Pres. DC (bar) Pressure (bar)   Constr. rmsd
    3.08251e+02   -2.09671e+02   -1.41065e+02    0.00000e+00

           Step           Time
          18000       36.00000

   Energies (kJ/mol)
           Bond          Angle    Proper Dih. Per. Imp. Dih.          LJ-14
    1.44000e+02    5.72904e+02    5.56648e+02    1.84749e+01    2.34198e+02
     Coulomb-14        LJ (SR)  Disper. corr.   Coulomb (SR)   Coul. recip.
    4.13127e+03    1.07218e+04   -6.71374e+02   -9.16762e+04    5.98194e+02
 Position Rest.      Potential    Kinetic En.   Total Energy  Conserved En.
    6.26057e+01   -7.53075e+04    1.39284e+04   -6.13791e+04   -6.10567e+04
    Temperature Pres. DC (bar) Pressure (bar)   Constr. rmsd
    3.06084e+02   -2.04313e+02    1.02761e+02    0.00000e+00

           Step           Time
          18500       37.00000

   Energies (kJ/mol)
           Bond          Angle    Proper Dih. Per. Imp. Dih.          LJ-14
    1.35486e+02    5.64183e+02    5.70523e+02    2.78558e+01    2.13548e+02
     Coulomb-14        LJ (SR)  Disper. corr.   Coulomb (SR)   Coul. recip.
    4.13456e+03    1.06178e+04   -6.72122e+02   -9.17305e+04    5.80498e+02
 Position Rest.      Potential    Kinetic En.   Total Energy  Conserved En.
    7.25848e+01   -7.54857e+04    1.34572e+04   -6.20285e+04   -6.10577e+04
    Temperature Pres. DC (bar) Pressure (bar)   Constr. rmsd
    2.95729e+02   -2.04768e+02   -3.36735e+02    0.00000e+00

           Step           Time
          19000       38.00000

   Energies (kJ/mol)
           Bond          Angle    Proper Dih. Per. Imp. Dih.          LJ-14
    1.59754e+02    5.50135e+02    5.49217e+02    2.76779e+01    1.81376e+02
     Coulomb-14        LJ (SR)  Disper. corr.   Coulomb (SR)   Coul. recip.
    4.03514e+03    1.08618e+04   -6.87284e+02   -9.26994e+04    5.63727e+02
 Position Rest.      Potential    Kinetic En.   Total Energy  Conserved En.
    7.36191e+01   -7.63843e+04    1.39064e+04   -6.24779e+04   -6.10584e+04
    Temperature Pres. DC (bar) Pressure (bar)   Constr. rmsd
    3.05601e+02   -2.14099e+02   -2.57272e+02    0.00000e+00

           Step           Time
          19500       39.00000

   Energies (kJ/mol)
           Bond          Angle    Proper Dih. Per. Imp. Dih.          LJ-14
    1.69739e+02    5.63826e+02    5.49187e+02    2.10988e+01    1.96161e+02
     Coulomb-14        LJ (SR)  Disper. corr.   Coulomb (SR)   Coul. recip.
    4.08275e+03    1.13444e+04   -6.70850e+02   -9.23729e+04    6.06635e+02
 Position Rest.      Potential    Kinetic En.   Total Energy  Conserved En.
    5.88498e+01   -7.54511e+04    1.33724e+04   -6.20787e+04   -6.10306e+04
    Temperature Pres. DC (bar) Pressure (bar)   Constr. rmsd
    2.93867e+02   -2.03994e+02    2.67999e+02    0.00000e+00

           Step           Time
          20000       40.00000

   Energies (kJ/mol)
           Bond          Angle    Proper Dih. Per. Imp. Dih.          LJ-14
    1.50472e+02    5.32321e+02    5.70203e+02    1.40311e+01    2.02373e+02
     Coulomb-14        LJ (SR)  Disper. corr.   Coulomb (SR)   Coul. recip.
    4.18974e+03    1.06023e+04   -6.57589e+02   -9.15936e+04    5.86219e+02
 Position Rest.      Potential    Kinetic En.   Total Energy  Conserved En.
    8.10332e+01   -7.53225e+04    1.36843e+04   -6.16382e+04   -6.10369e+04
    Temperature Pres. DC (bar) Pressure (bar)   Constr. rmsd
    3.00722e+02   -1.96019e+02   -5.48360e+02    0.00000e+00

           Step           Time
          20500       41.00000

   Energies (kJ/mol)
           Bond          Angle    Proper Dih. Per. Imp. Dih.          LJ-14
    1.62173e+02    5.27284e+02    5.36219e+02    2.25663e+01    2.25962e+02
     Coulomb-14        LJ (SR)  Disper. corr.   Coulomb (SR)   Coul. recip.
    4.13265e+03    1.09360e+04   -6.85482e+02   -9.21904e+04    5.78416e+02
 Position Rest.      Potential    Kinetic En.   Total Energy  Conserved En.
    6.95999e+01   -7.56850e+04    1.34257e+04   -6.22593e+04   -6.09883e+04
    Temperature Pres. DC (bar) Pressure (bar)   Constr. rmsd
    2.95038e+02   -2.12979e+02    4.06859e+02    0.00000e+00

           Step           Time
          21000       42.00000

   Energies (kJ/mol)
           Bond          Angle    Proper Dih. Per. Imp. Dih.          LJ-14
    1.51566e+02    6.04403e+02    5.67901e+02    3.51746e+01    1.97157e+02
     Coulomb-14        LJ (SR)  Disper. corr.   Coulomb (SR)   Coul. recip.
    4.09678e+03    1.08330e+04   -6.72612e+02   -9.17585e+04    5.72749e+02
 Position Rest.      Potential    Kinetic En.   Total Energy  Conserved En.
    5.69155e+01   -7.53155e+04    1.36258e+04   -6.16896e+04   -6.09735e+04
    Temperature Pres. DC (bar) Pressure (bar)   Constr. rmsd
    2.99435e+02   -2.05066e+02   -4.09501e+01    0.00000e+00

           Step           Time
          21500       43.00000

   Energies (kJ/mol)
           Bond          Angle    Proper Dih. Per. Imp. Dih.          LJ-14
    1.87966e+02    5.59982e+02    5.66858e+02    2.39383e+01    2.05572e+02
     Coulomb-14        LJ (SR)  Disper. corr.   Coulomb (SR)   Coul. recip.
    4.12259e+03    1.07922e+04   -6.71350e+02   -9.17594e+04    6.06676e+02
 Position Rest.      Potential    Kinetic En.   Total Energy  Conserved En.
    7.78938e+01   -7.52871e+04    1.35887e+04   -6.16984e+04   -6.09670e+04
    Temperature Pres. DC (bar) Pressure (bar)   Constr. rmsd
    2.98619e+02   -2.04298e+02   -2.12789e+02    0.00000e+00

           Step           Time
          22000       44.00000

   Energies (kJ/mol)
           Bond          Angle    Proper Dih. Per. Imp. Dih.          LJ-14
    1.46913e+02    5.75149e+02    5.74651e+02    2.22929e+01    2.17211e+02
     Coulomb-14        LJ (SR)  Disper. corr.   Coulomb (SR)   Coul. recip.
    4.14269e+03    1.05566e+04   -6.72421e+02   -9.11996e+04    5.71898e+02
 Position Rest.      Potential    Kinetic En.   Total Energy  Conserved En.
    7.14568e+01   -7.49931e+04    1.34538e+04   -6.15393e+04   -6.09622e+04
    Temperature Pres. DC (bar) Pressure (bar)   Constr. rmsd
    2.95656e+02   -2.04950e+02   -1.63158e+02    0.00000e+00

           Step           Time
          22500       45.00000

   Energies (kJ/mol)
           Bond          Angle    Proper Dih. Per. Imp. Dih.          LJ-14
    1.22598e+02    5.06967e+02    5.42394e+02    3.03143e+01    2.40436e+02
     Coulomb-14        LJ (SR)  Disper. corr.   Coulomb (SR)   Coul. recip.
    4.19908e+03    1.03048e+04   -6.65975e+02   -9.12743e+04    5.98113e+02
 Position Rest.      Potential    Kinetic En.   Total Energy  Conserved En.
    7.15110e+01   -7.53240e+04    1.34920e+04   -6.18320e+04   -6.09581e+04
    Temperature Pres. DC (bar) Pressure (bar)   Constr. rmsd
    2.96495e+02   -2.01044e+02   -4.56008e+02    0.00000e+00

           Step           Time
          23000       46.00000

   Energies (kJ/mol)
           Bond          Angle    Proper Dih. Per. Imp. Dih.          LJ-14
    1.50869e+02    5.49380e+02    5.54133e+02    8.34352e+00    2.16817e+02
     Coulomb-14        LJ (SR)  Disper. corr.   Coulomb (SR)   Coul. recip.
    4.15395e+03    1.07155e+04   -6.73128e+02   -9.19729e+04    6.18203e+02
 Position Rest.      Potential    Kinetic En.   Total Energy  Conserved En.
    6.42210e+01   -7.56146e+04    1.36913e+04   -6.19233e+04   -6.09418e+04
    Temperature Pres. DC (bar) Pressure (bar)   Constr. rmsd
    3.00875e+02   -2.05380e+02   -2.14087e+02    0.00000e+00

           Step           Time
          23500       47.00000

   Energies (kJ/mol)
           Bond          Angle    Proper Dih. Per. Imp. Dih.          LJ-14
    1.62955e+02    5.33233e+02    6.02457e+02    2.50662e+01    2.23908e+02
     Coulomb-14        LJ (SR)  Disper. corr.   Coulomb (SR)   Coul. recip.
    4.11599e+03    1.14152e+04   -6.66400e+02   -9.22776e+04    5.95458e+02
 Position Rest.      Potential    Kinetic En.   Total Energy  Conserved En.
    5.23352e+01   -7.52174e+04    1.35516e+04   -6.16658e+04   -6.09365e+04
    Temperature Pres. DC (bar) Pressure (bar)   Constr. rmsd
    2.97804e+02   -2.01300e+02    4.85952e+02    0.00000e+00

           Step           Time
          24000       48.00000

   Energies (kJ/mol)
           Bond          Angle    Proper Dih. Per. Imp. Dih.          LJ-14
    1.14195e+02    5.59875e+02    5.59465e+02    2.66787e+01    2.09242e+02
     Coulomb-14        LJ (SR)  Disper. corr.   Coulomb (SR)   Coul. recip.
    4.15784e+03    1.07508e+04   -6.75714e+02   -9.22344e+04    5.39031e+02
 Position Rest.      Potential    Kinetic En.   Total Energy  Conserved En.
    5.00920e+01   -7.59429e+04    1.38912e+04   -6.20517e+04   -6.09434e+04
    Temperature Pres. DC (bar) Pressure (bar)   Constr. rmsd
    3.05267e+02   -2.06960e+02    6.76166e+01    0.00000e+00

           Step           Time
          24500       49.00000

   Energies (kJ/mol)
           Bond          Angle    Proper Dih. Per. Imp. Dih.          LJ-14
    1.65224e+02    5.37804e+02    5.54076e+02    3.58908e+01    2.10403e+02
     Coulomb-14        LJ (SR)  Disper. corr.   Coulomb (SR)   Coul. recip.
    4.17288e+03    1.09589e+04   -6.83055e+02   -9.23560e+04    5.10947e+02
 Position Rest.      Potential    Kinetic En.   Total Energy  Conserved En.
    5.81693e+01   -7.58347e+04    1.37785e+04   -6.20563e+04   -6.09302e+04
    Temperature Pres. DC (bar) Pressure (bar)   Constr. rmsd
    3.02790e+02   -2.11475e+02    1.00519e+02    0.00000e+00

           Step           Time
          25000       50.00000

   Energies (kJ/mol)
           Bond          Angle    Proper Dih. Per. Imp. Dih.          LJ-14
    1.65465e+02    5.87882e+02    5.44838e+02    2.62165e+01    1.97816e+02
     Coulomb-14        LJ (SR)  Disper. corr.   Coulomb (SR)   Coul. recip.
    4.13809e+03    1.03429e+04   -6.58841e+02   -9.10891e+04    5.85581e+02
 Position Rest.      Potential    Kinetic En.   Total Energy  Conserved En.
    5.03027e+01   -7.51088e+04    1.36116e+04   -6.14972e+04   -6.08875e+04
    Temperature Pres. DC (bar) Pressure (bar)   Constr. rmsd
    2.99123e+02   -1.96765e+02   -6.33347e+02    0.00000e+00

           Step           Time
          25500       51.00000

   Energies (kJ/mol)
           Bond          Angle    Proper Dih. Per. Imp. Dih.          LJ-14
    1.87693e+02    5.85626e+02    5.29673e+02    1.89003e+01    2.03916e+02
     Coulomb-14        LJ (SR)  Disper. corr.   Coulomb (SR)   Coul. recip.
    4.15615e+03    1.07491e+04   -6.75334e+02   -9.18545e+04    5.98324e+02
 Position Rest.      Potential    Kinetic En.   Total Energy  Conserved En.
    6.37368e+01   -7.54367e+04    1.33750e+04   -6.20617e+04   -6.08754e+04
    Temperature Pres. DC (bar) Pressure (bar)   Constr. rmsd
    2.93923e+02   -2.06727e+02   -1.11989e+02    0.00000e+00

           Step           Time
          26000       52.00000

   Energies (kJ/mol)
           Bond          Angle    Proper Dih. Per. Imp. Dih.          LJ-14
    1.26285e+02    6.50490e+02    5.57950e+02    2.71864e+01    2.14007e+02
     Coulomb-14        LJ (SR)  Disper. corr.   Coulomb (SR)   Coul. recip.
    4.12366e+03    1.09161e+04   -6.72498e+02   -9.20448e+04    5.91296e+02
 Position Rest.      Potential    Kinetic En.   Total Energy  Conserved En.
    4.77487e+01   -7.54626e+04    1.35663e+04   -6.18963e+04   -6.08868e+04
    Temperature Pres. DC (bar) Pressure (bar)   Constr. rmsd
    2.98128e+02   -2.04997e+02    3.19809e+02    0.00000e+00

           Step           Time
          26500       53.00000

   Energies (kJ/mol)
           Bond          Angle    Proper Dih. Per. Imp. Dih.          LJ-14
    1.60000e+02    6.17084e+02    5.56404e+02    2.43719e+01    1.92036e+02
     Coulomb-14        LJ (SR)  Disper. corr.   Coulomb (SR)   Coul. recip.
    4.09155e+03    1.06516e+04   -6.65161e+02   -9.15748e+04    5.63227e+02
 Position Rest.      Potential    Kinetic En.   Total Energy  Conserved En.
    6.74474e+01   -7.53162e+04    1.37715e+04   -6.15448e+04   -6.08844e+04
    Temperature Pres. DC (bar) Pressure (bar)   Constr. rmsd
    3.02636e+02   -2.00553e+02   -3.99467e+02    0.00000e+00

           Step           Time
          27000       54.00000

   Energies (kJ/mol)
           Bond          Angle    Proper Dih. Per. Imp. Dih.          LJ-14
    1.65828e+02    5.94349e+02    5.17929e+02    2.11708e+01    2.17615e+02
     Coulomb-14        LJ (SR)  Disper. corr.   Coulomb (SR)   Coul. recip.
    4.15557e+03    1.00512e+04   -6.64211e+02   -9.07018e+04    5.89884e+02
 Position Rest.      Potential    Kinetic En.   Total Energy  Conserved En.
    7.26121e+01   -7.49798e+04    1.35129e+04   -6.14668e+04   -6.08855e+04
    Temperature Pres. DC (bar) Pressure (bar)   Constr. rmsd
    2.96955e+02   -1.99981e+02   -7.70552e+02    0.00000e+00

           Step           Time
          27500       55.00000

   Energies (kJ/mol)
           Bond          Angle    Proper Dih. Per. Imp. Dih.          LJ-14
    1.42178e+02    5.88037e+02    5.41328e+02    2.72918e+01    2.17895e+02
     Coulomb-14        LJ (SR)  Disper. corr.   Coulomb (SR)   Coul. recip.
    4.14101e+03    1.04407e+04   -6.71027e+02   -9.14747e+04    5.95794e+02
 Position Rest.      Potential    Kinetic En.   Total Energy  Conserved En.
    7.50204e+01   -7.53765e+04    1.35018e+04   -6.18747e+04   -6.08631e+04
    Temperature Pres. DC (bar) Pressure (bar)   Constr. rmsd
    2.96710e+02   -2.04102e+02   -2.70824e+02    0.00000e+00

           Step           Time
          28000       56.00000

   Energies (kJ/mol)
           Bond          Angle    Proper Dih. Per. Imp. Dih.          LJ-14
    1.74356e+02    6.01162e+02    5.50333e+02    3.19342e+01    2.05919e+02
     Coulomb-14        LJ (SR)  Disper. corr.   Coulomb (SR)   Coul. recip.
    4.12632e+03    1.11709e+04   -6.69668e+02   -9.18969e+04    5.88630e+02
 Position Rest.      Potential    Kinetic En.   Total Energy  Conserved En.
    6.39347e+01   -7.50531e+04    1.34011e+04   -6.16520e+04   -6.08697e+04
    Temperature Pres. DC (bar) Pressure (bar)   Constr. rmsd
    2.94497e+02   -2.03277e+02    5.96297e+02    0.00000e+00

           Step           Time
          28500       57.00000

   Energies (kJ/mol)
           Bond          Angle    Proper Dih. Per. Imp. Dih.          LJ-14
    1.49476e+02    5.09665e+02    5.53867e+02    1.73750e+01    2.25487e+02
     Coulomb-14        LJ (SR)  Disper. corr.   Coulomb (SR)   Coul. recip.
    4.20724e+03    1.10003e+04   -6.73467e+02   -9.17926e+04    5.73053e+02
 Position Rest.      Potential    Kinetic En.   Total Energy  Conserved En.
    6.64228e+01   -7.51631e+04    1.31886e+04   -6.19745e+04   -6.08701e+04
    Temperature Pres. DC (bar) Pressure (bar)   Constr. rmsd
    2.89827e+02   -2.05587e+02    3.87690e+02    0.00000e+00

           Step           Time
          29000       58.00000

   Energies (kJ/mol)
           Bond          Angle    Proper Dih. Per. Imp. Dih.          LJ-14
    1.14574e+02    5.82631e+02    5.48605e+02    2.32716e+01    2.29980e+02
     Coulomb-14        LJ (SR)  Disper. corr.   Coulomb (SR)   Coul. recip.
    4.20852e+03    9.98888e+03   -6.64963e+02   -9.05942e+04    5.89201e+02
 Position Rest.      Potential    Kinetic En.   Total Energy  Conserved En.
    6.65834e+01   -7.49069e+04    1.38220e+04   -6.10849e+04   -6.08791e+04
    Temperature Pres. DC (bar) Pressure (bar)   Constr. rmsd
    3.03747e+02   -2.00434e+02   -5.54638e+02    0.00000e+00

           Step           Time
          29500       59.00000

   Energies (kJ/mol)
           Bond          Angle    Proper Dih. Per. Imp. Dih.          LJ-14
    1.19188e+02    5.29986e+02    5.44665e+02    1.23623e+01    2.22218e+02
     Coulomb-14        LJ (SR)  Disper. corr.   Coulomb (SR)   Coul. recip.
    4.13569e+03    1.09011e+04   -6.94023e+02   -9.22924e+04    5.77176e+02
 Position Rest.      Potential    Kinetic En.   Total Energy  Conserved En.
    5.32938e+01   -7.58907e+04    1.36568e+04   -6.22339e+04   -6.08393e+04
    Temperature Pres. DC (bar) Pressure (bar)   Constr. rmsd
    3.00115e+02   -2.18313e+02    6.20026e+02    0.00000e+00

           Step           Time
          30000       60.00000

   Energies (kJ/mol)
           Bond          Angle    Proper Dih. Per. Imp. Dih.          LJ-14
    1.86561e+02    5.40568e+02    5.41035e+02    2.44897e+01    1.96454e+02
     Coulomb-14        LJ (SR)  Disper. corr.   Coulomb (SR)   Coul. recip.
    4.11993e+03    1.01717e+04   -6.58088e+02   -9.08589e+04    5.72737e+02
 Position Rest.      Potential    Kinetic En.   Total Energy  Conserved En.
    8.02035e+01   -7.50833e+04    1.36084e+04   -6.14749e+04   -6.07787e+04
    Temperature Pres. DC (bar) Pressure (bar)   Constr. rmsd
    2.99052e+02   -1.96316e+02   -9.80359e+02    0.00000e+00

           Step           Time
          30500       61.00000

   Energies (kJ/mol)
           Bond          Angle    Proper Dih. Per. Imp. Dih.          LJ-14
    1.84657e+02    6.22116e+02    5.49642e+02    2.78138e+01    1.92412e+02
     Coulomb-14        LJ (SR)  Disper. corr.   Coulomb (SR)   Coul. recip.
    4.10002e+03    1.11574e+04   -6.78259e+02   -9.21915e+04    5.96921e+02
 Position Rest.      Potential    Kinetic En.   Total Energy  Conserved En.
    6.95589e+01   -7.53693e+04    1.37576e+04   -6.16116e+04   -6.07676e+04
    Temperature Pres. DC (bar) Pressure (bar)   Constr. rmsd
    3.02332e+02   -2.08520e+02    3.13828e+02    0.00000e+00

           Step           Time
          31000       62.00000

   Energies (kJ/mol)
           Bond          Angle    Proper Dih. Per. Imp. Dih.          LJ-14
    1.72498e+02    5.38859e+02    5.30492e+02    3.27038e+01    2.14661e+02
     Coulomb-14        LJ (SR)  Disper. corr.   Coulomb (SR)   Coul. recip.
    4.16754e+03    1.09687e+04   -6.80131e+02   -9.23518e+04    5.56721e+02
 Position Rest.      Potential    Kinetic En.   Total Energy  Conserved En.
    6.10286e+01   -7.57887e+04    1.33100e+04   -6.24788e+04   -6.07519e+04
    Temperature Pres. DC (bar) Pressure (bar)   Constr. rmsd
    2.92494e+02   -2.09671e+02    3.28030e+02    0.00000e+00

           Step           Time
          31500       63.00000

   Energies (kJ/mol)
           Bond          Angle    Proper Dih. Per. Imp. Dih.          LJ-14
    1.50958e+02    5.96665e+02    5.19969e+02    2.20117e+01    2.12259e+02
     Coulomb-14        LJ (SR)  Disper. corr.   Coulomb (SR)   Coul. recip.
    4.15638e+03    1.04434e+04   -6.72008e+02   -9.13585e+04    5.94392e+02
 Position Rest.      Potential    Kinetic En.   Total Energy  Conserved En.
    6.69428e+01   -7.52676e+04    1.35212e+04   -6.17464e+04   -6.07549e+04
    Temperature Pres. DC (bar) Pressure (bar)   Constr. rmsd
    2.97136e+02   -2.04698e+02   -3.46992e+02    0.00000e+00

           Step           Time
          32000       64.00000

   Energies (kJ/mol)
           Bond          Angle    Proper Dih. Per. Imp. Dih.          LJ-14
    1.95627e+02    5.95886e+02    5.53779e+02    1.73873e+01    1.97677e+02
     Coulomb-14        LJ (SR)  Disper. corr.   Coulomb (SR)   Coul. recip.
    4.08567e+03    1.09676e+04   -6.75897e+02   -9.20975e+04    5.66953e+02
 Position Rest.      Potential    Kinetic En.   Total Energy  Conserved En.
    6.04323e+01   -7.55324e+04    1.37746e+04   -6.17578e+04   -6.07479e+04
    Temperature Pres. DC (bar) Pressure (bar)   Constr. rmsd
    3.02705e+02   -2.07072e+02    2.31765e+01    0.00000e+00

           Step           Time
          32500       65.00000

   Energies (kJ/mol)
           Bond          Angle    Proper Dih. Per. Imp. Dih.          LJ-14
    1.69584e+02    5.90505e+02    5.29794e+02    2.20518e+01    2.15193e+02
     Coulomb-14        LJ (SR)  Disper. corr.   Coulomb (SR)   Coul. recip.
    4.13031e+03    1.09714e+04   -6.76520e+02   -9.19462e+04    5.97942e+02
 Position Rest.      Potential    Kinetic En.   Total Energy  Conserved En.
    7.45464e+01   -7.53214e+04    1.35698e+04   -6.17516e+04   -6.07512e+04
    Temperature Pres. DC (bar) Pressure (bar)   Constr. rmsd
    2.98205e+02   -2.07453e+02    4.36556e+02    0.00000e+00

           Step           Time
          33000       66.00000

   Energies (kJ/mol)
           Bond          Angle    Proper Dih. Per. Imp. Dih.          LJ-14
    2.00489e+02    6.54639e+02    5.56864e+02    1.77793e+01    1.84378e+02
     Coulomb-14        LJ (SR)  Disper. corr.   Coulomb (SR)   Coul. recip.
    4.14114e+03    1.08289e+04   -6.74793e+02   -9.17732e+04    6.15594e+02
 Position Rest.      Potential    Kinetic En.   Total Energy  Conserved En.
    6.43242e+01   -7.51839e+04    1.37683e+04   -6.14156e+04   -6.07607e+04
    Temperature Pres. DC (bar) Pressure (bar)   Constr. rmsd
    3.02567e+02   -2.06396e+02   -1.66827e+02    0.00000e+00

           Step           Time
          33500       67.00000

   Energies (kJ/mol)
           Bond          Angle    Proper Dih. Per. Imp. Dih.          LJ-14
    1.90675e+02    5.55082e+02    5.68078e+02    1.96828e+01    1.99808e+02
     Coulomb-14        LJ (SR)  Disper. corr.   Coulomb (SR)   Coul. recip.
    4.08722e+03    1.10750e+04   -6.75409e+02   -9.25863e+04    5.65052e+02
 Position Rest.      Potential    Kinetic En.   Total Energy  Conserved En.
    6.58069e+01   -7.59353e+04    1.35386e+04   -6.23967e+04   -6.07622e+04
    Temperature Pres. DC (bar) Pressure (bar)   Constr. rmsd
    2.97518e+02   -2.06773e+02    4.31209e+01    0.00000e+00

           Step           Time
          34000       68.00000

   Energies (kJ/mol)
           Bond          Angle    Proper Dih. Per. Imp. Dih.          LJ-14
    2.00714e+02    5.56300e+02    5.35426e+02    2.71875e+01    2.22419e+02
     Coulomb-14        LJ (SR)  Disper. corr.   Coulomb (SR)   Coul. recip.
    4.13100e+03    1.08067e+04   -6.65229e+02   -9.18098e+04    6.04485e+02
 Position Rest.      Potential    Kinetic En.   Total Energy  Conserved En.
    5.92257e+01   -7.53316e+04    1.36135e+04   -6.17181e+04   -6.07637e+04
    Temperature Pres. DC (bar) Pressure (bar)   Constr. rmsd
    2.99164e+02   -2.00594e+02   -2.39118e+02    0.00000e+00

           Step           Time
          34500       69.00000

   Energies (kJ/mol)
           Bond          Angle    Proper Dih. Per. Imp. Dih.          LJ-14
    2.15703e+02    6.25180e+02    5.46606e+02    2.48121e+01    1.84882e+02
     Coulomb-14        LJ (SR)  Disper. corr.   Coulomb (SR)   Coul. recip.
    4.12743e+03    1.11341e+04   -6.75855e+02   -9.25801e+04    5.71437e+02
 Position Rest.      Potential    Kinetic En.   Total Energy  Conserved En.
    7.71266e+01   -7.57486e+04    1.38279e+04   -6.19208e+04   -6.07426e+04
    Temperature Pres. DC (bar) Pressure (bar)   Constr. rmsd
    3.03875e+02   -2.07046e+02    1.87374e+00    0.00000e+00

           Step           Time
          35000       70.00000

   Energies (kJ/mol)
           Bond          Angle    Proper Dih. Per. Imp. Dih.          LJ-14
    1.64489e+02    5.14229e+02    5.34024e+02    2.25941e+01    2.07659e+02
     Coulomb-14        LJ (SR)  Disper. corr.   Coulomb (SR)   Coul. recip.
    4.14579e+03    1.09257e+04   -6.69055e+02   -9.18355e+04    5.75596e+02
 Position Rest.      Potential    Kinetic En.   Total Energy  Conserved En.
    7.32041e+01   -7.53413e+04    1.34999e+04   -6.18414e+04   -6.07242e+04
    Temperature Pres. DC (bar) Pressure (bar)   Constr. rmsd
    2.96668e+02   -2.02905e+02   -1.22087e+02    0.00000e+00

           Step           Time
          35500       71.00000

   Energies (kJ/mol)
           Bond          Angle    Proper Dih. Per. Imp. Dih.          LJ-14
    1.53051e+02    5.85175e+02    5.57595e+02    1.63175e+01    2.05531e+02
     Coulomb-14        LJ (SR)  Disper. corr.   Coulomb (SR)   Coul. recip.
    4.11517e+03    1.05728e+04   -6.75065e+02   -9.19073e+04    6.00456e+02
 Position Rest.      Potential    Kinetic En.   Total Energy  Conserved En.
    5.64932e+01   -7.57198e+04    1.39486e+04   -6.17712e+04   -6.06764e+04
    Temperature Pres. DC (bar) Pressure (bar)   Constr. rmsd
    3.06529e+02   -2.06562e+02   -1.31125e+02    0.00000e+00

           Step           Time
          36000       72.00000

   Energies (kJ/mol)
           Bond          Angle    Proper Dih. Per. Imp. Dih.          LJ-14
    1.78539e+02    5.66616e+02    5.28813e+02    1.68995e+01    1.94234e+02
     Coulomb-14        LJ (SR)  Disper. corr.   Coulomb (SR)   Coul. recip.
    4.14596e+03    1.06831e+04   -6.73439e+02   -9.15854e+04    6.03010e+02
 Position Rest.      Potential    Kinetic En.   Total Energy  Conserved En.
    6.62107e+01   -7.52755e+04    1.36721e+04   -6.16034e+04   -6.06719e+04
    Temperature Pres. DC (bar) Pressure (bar)   Constr. rmsd
    3.00453e+02   -2.05570e+02   -4.21320e+02    0.00000e+00

           Step           Time
          36500       73.00000

   Energies (kJ/mol)
           Bond          Angle    Proper Dih. Per. Imp. Dih.          LJ-14
    1.49388e+02    5.72114e+02    5.60051e+02    1.37290e+01    2.08978e+02
     Coulomb-14        LJ (SR)  Disper. corr.   Coulomb (SR)   Coul. recip.
    4.14191e+03    1.08960e+04   -6.68728e+02   -9.20660e+04    5.78826e+02
 Position Rest.      Potential    Kinetic En.   Total Energy  Conserved En.
    6.04651e+01   -7.55533e+04    1.34487e+04   -6.21045e+04   -6.06763e+04
    Temperature Pres. DC (bar) Pressure (bar)   Constr. rmsd
    2.95544e+02   -2.02708e+02    9.67684e+01    0.00000e+00

           Step           Time
          37000       74.00000

   Energies (kJ/mol)
           Bond          Angle    Proper Dih. Per. Imp. Dih.          LJ-14
    2.06595e+02    5.78587e+02    5.51065e+02    3.35432e+01    2.15275e+02
     Coulomb-14        LJ (SR)  Disper. corr.   Coulomb (SR)   Coul. recip.
    4.12844e+03    1.11267e+04   -6.58787e+02   -9.19509e+04    6.17711e+02
 Position Rest.      Potential    Kinetic En.   Total Energy  Conserved En.
    7.37934e+01   -7.50779e+04    1.36985e+04   -6.13794e+04   -6.06655e+04
    Temperature Pres. DC (bar) Pressure (bar)   Constr. rmsd
    3.01033e+02   -1.96733e+02   -9.85920e+01    0.00000e+00

           Step           Time
          37500       75.00000

   Energies (kJ/mol)
           Bond          Angle    Proper Dih. Per. Imp. Dih.          LJ-14
    1.42251e+02    5.68915e+02    5.36757e+02    1.87982e+01    2.25846e+02
     Coulomb-14        LJ (SR)  Disper. corr.   Coulomb (SR)   Coul. recip.
    4.15874e+03    1.13005e+04   -6.70486e+02   -9.25070e+04    5.95838e+02
 Position Rest.      Potential    Kinetic En.   Total Energy  Conserved En.
    5.53440e+01   -7.55746e+04    1.36908e+04   -6.18838e+04   -6.06510e+04
    Temperature Pres. DC (bar) Pressure (bar)   Constr. rmsd
    3.00863e+02   -2.03773e+02    5.51115e+02    0.00000e+00

           Step           Time
          38000       76.00000

   Energies (kJ/mol)
           Bond          Angle    Proper Dih. Per. Imp. Dih.          LJ-14
    1.84110e+02    5.60248e+02    5.33390e+02    2.89702e+01    2.09079e+02
     Coulomb-14        LJ (SR)  Disper. corr.   Coulomb (SR)   Coul. recip.
    4.16915e+03    1.16037e+04   -6.77252e+02   -9.30208e+04    5.68071e+02
 Position Rest.      Potential    Kinetic En.   Total Energy  Conserved En.
    4.86351e+01   -7.57927e+04    1.36977e+04   -6.20950e+04   -6.06373e+04
    Temperature Pres. DC (bar) Pressure (bar)   Constr. rmsd
    3.01015e+02   -2.07902e+02    5.24509e+02    0.00000e+00

           Step           Time
          38500       77.00000

   Energies (kJ/mol)
           Bond          Angle    Proper Dih. Per. Imp. Dih.          LJ-14
    1.73444e+02    4.81782e+02    5.41720e+02    2.26560e+01    1.95009e+02
     Coulomb-14        LJ (SR)  Disper. corr.   Coulomb (SR)   Coul. recip.
    4.16621e+03    1.05787e+04   -6.75076e+02   -9.16819e+04    5.51630e+02
 Position Rest.      Potential    Kinetic En.   Total Energy  Conserved En.
    6.02389e+01   -7.55855e+04    1.34009e+04   -6.21847e+04   -6.06487e+04
    Temperature Pres. DC (bar) Pressure (bar)   Constr. rmsd
    2.94492e+02   -2.06570e+02   -3.13289e+02    0.00000e+00

           Step           Time
          39000       78.00000

   Energies (kJ/mol)
           Bond          Angle    Proper Dih. Per. Imp. Dih.          LJ-14
    1.40875e+02    5.43462e+02    5.35691e+02    2.86517e+01    2.05436e+02
     Coulomb-14        LJ (SR)  Disper. corr.   Coulomb (SR)   Coul. recip.
    4.13689e+03    1.11434e+04   -6.84958e+02   -9.27462e+04    6.06414e+02
 Position Rest.      Potential    Kinetic En.   Total Energy  Conserved En.
    7.32466e+01   -7.60171e+04    1.36186e+04   -6.23986e+04   -6.06423e+04
    Temperature Pres. DC (bar) Pressure (bar)   Constr. rmsd
    2.99276e+02   -2.12654e+02    5.25184e+02    0.00000e+00

           Step           Time
          39500       79.00000

   Energies (kJ/mol)
           Bond          Angle    Proper Dih. Per. Imp. Dih.          LJ-14
    1.60962e+02    5.81191e+02    5.57125e+02    2.06694e+01    1.89235e+02
     Coulomb-14        LJ (SR)  Disper. corr.   Coulomb (SR)   Coul. recip.
    4.12568e+03    1.08189e+04   -6.74176e+02   -9.20813e+04    5.87407e+02
 Position Rest.      Potential    Kinetic En.   Total Energy  Conserved En.
    5.57140e+01   -7.56586e+04    1.37017e+04   -6.19569e+04   -6.06324e+04
    Temperature Pres. DC (bar) Pressure (bar)   Constr. rmsd
    3.01103e+02   -2.06019e+02   -1.87017e+02    0.00000e+00

           Step           Time
          40000       80.00000

   Energies (kJ/mol)
           Bond          Angle    Proper Dih. Per. Imp. Dih.          LJ-14
    1.60109e+02    6.33180e+02    5.69599e+02    8.89575e+00    2.04142e+02
     Coulomb-14        LJ (SR)  Disper. corr.   Coulomb (SR)   Coul. recip.
    4.15919e+03    1.08812e+04   -6.80442e+02   -9.22601e+04    5.53840e+02
 Position Rest.      Potential    Kinetic En.   Total Energy  Conserved En.
    7.03346e+01   -7.57001e+04    1.38249e+04   -6.18752e+04   -6.06206e+04
    Temperature Pres. DC (bar) Pressure (bar)   Constr. rmsd
    3.03810e+02   -2.09863e+02    3.24307e+01    0.00000e+00

           Step           Time
          40500       81.00000

   Energies (kJ/mol)
           Bond          Angle    Proper Dih. Per. Imp. Dih.          LJ-14
    1.38604e+02    5.73934e+02    5.67854e+02    2.10361e+01    2.01304e+02
     Coulomb-14        LJ (SR)  Disper. corr.   Coulomb (SR)   Coul. recip.
    4.12257e+03    1.06108e+04   -6.63316e+02   -9.14416e+04    5.61795e+02
 Position Rest.      Potential    Kinetic En.   Total Energy  Conserved En.
    6.15698e+01   -7.52455e+04    1.36461e+04   -6.15994e+04   -6.06159e+04
    Temperature Pres. DC (bar) Pressure (bar)   Constr. rmsd
    2.99880e+02   -1.99444e+02   -2.43452e+02    0.00000e+00

           Step           Time
          41000       82.00000

   Energies (kJ/mol)
           Bond          Angle    Proper Dih. Per. Imp. Dih.          LJ-14
    1.42171e+02    6.00161e+02    5.83149e+02    2.01391e+01    2.07343e+02
     Coulomb-14        LJ (SR)  Disper. corr.   Coulomb (SR)   Coul. recip.
    4.17290e+03    1.03790e+04   -6.75816e+02   -9.16803e+04    5.68346e+02
 Position Rest.      Potential    Kinetic En.   Total Energy  Conserved En.
    7.57093e+01   -7.56072e+04    1.35844e+04   -6.20228e+04   -6.05975e+04
    Temperature Pres. DC (bar) Pressure (bar)   Constr. rmsd
    2.98525e+02   -2.07022e+02   -5.44423e+02    0.00000e+00

           Step           Time
          41500       83.00000

   Energies (kJ/mol)
           Bond          Angle    Proper Dih. Per. Imp. Dih.          LJ-14
    1.59692e+02    5.73861e+02    5.69990e+02    2.51209e+01    2.23739e+02
     Coulomb-14        LJ (SR)  Disper. corr.   Coulomb (SR)   Coul. recip.
    4.12019e+03    1.06998e+04   -6.69676e+02   -9.14413e+04    6.08406e+02
 Position Rest.      Potential    Kinetic En.   Total Energy  Conserved En.
    6.51271e+01   -7.50650e+04    1.37465e+04   -6.13185e+04   -6.06134e+04
    Temperature Pres. DC (bar) Pressure (bar)   Constr. rmsd
    3.02087e+02   -2.03282e+02   -4.93882e+01    0.00000e+00

           Step           Time
          42000       84.00000

   Energies (kJ/mol)
           Bond          Angle    Proper Dih. Per. Imp. Dih.          LJ-14
    1.87969e+02    5.53357e+02    5.61103e+02    1.61464e+01    1.96687e+02
     Coulomb-14        LJ (SR)  Disper. corr.   Coulomb (SR)   Coul. recip.
    4.13384e+03    1.05703e+04   -6.71839e+02   -9.17215e+04    5.51404e+02
 Position Rest.      Potential    Kinetic En.   Total Energy  Conserved En.
    6.19627e+01   -7.55606e+04    1.35820e+04   -6.19786e+04   -6.05858e+04
    Temperature Pres. DC (bar) Pressure (bar)   Constr. rmsd
    2.98473e+02   -2.04596e+02   -5.68294e+02    0.00000e+00

           Step           Time
          42500       85.00000

   Energies (kJ/mol)
           Bond          Angle    Proper Dih. Per. Imp. Dih.          LJ-14
    2.03279e+02    5.10721e+02    5.34158e+02    2.15186e+01    2.19197e+02
     Coulomb-14        LJ (SR)  Disper. corr.   Coulomb (SR)   Coul. recip.
    4.12287e+03    1.08256e+04   -6.68814e+02   -9.16462e+04    5.92486e+02
 Position Rest.      Potential    Kinetic En.   Total Energy  Conserved En.
    7.12674e+01   -7.52140e+04    1.37132e+04   -6.15008e+04   -6.05957e+04
    Temperature Pres. DC (bar) Pressure (bar)   Constr. rmsd
    3.01356e+02   -2.02760e+02    2.31357e+02    0.00000e+00

           Step           Time
          43000       86.00000

   Energies (kJ/mol)
           Bond          Angle    Proper Dih. Per. Imp. Dih.          LJ-14
    1.67218e+02    5.63676e+02    5.38520e+02    2.70042e+01    2.00751e+02
     Coulomb-14        LJ (SR)  Disper. corr.   Coulomb (SR)   Coul. recip.
    4.14617e+03    1.05142e+04   -6.65569e+02   -9.13615e+04    6.13994e+02
 Position Rest.      Potential    Kinetic En.   Total Energy  Conserved En.
    5.76978e+01   -7.51978e+04    1.35704e+04   -6.16274e+04   -6.06025e+04
    Temperature Pres. DC (bar) Pressure (bar)   Constr. rmsd
    2.98217e+02   -2.00799e+02   -5.02178e+02    0.00000e+00

           Step           Time
          43500       87.00000

   Energies (kJ/mol)
           Bond          Angle    Proper Dih. Per. Imp. Dih.          LJ-14
    1.58728e+02    5.55023e+02    5.47042e+02    3.99487e+01    2.16000e+02
     Coulomb-14        LJ (SR)  Disper. corr.   Coulomb (SR)   Coul. recip.
    4.17050e+03    1.07708e+04   -6.78841e+02   -9.20076e+04    5.59392e+02
 Position Rest.      Potential    Kinetic En.   Total Energy  Conserved En.
    8.12158e+01   -7.55878e+04    1.39132e+04   -6.16746e+04   -6.05993e+04
    Temperature Pres. DC (bar) Pressure (bar)   Constr. rmsd
    3.05750e+02   -2.08877e+02    7.40789e+01    0.00000e+00

           Step           Time
          44000       88.00000

   Energies (kJ/mol)
           Bond          Angle    Proper Dih. Per. Imp. Dih.          LJ-14
    1.61178e+02    5.39312e+02    5.36585e+02    2.72508e+01    1.97264e+02
     Coulomb-14        LJ (SR)  Disper. corr.   Coulomb (SR)   Coul. recip.
    4.12827e+03    1.08012e+04   -6.67470e+02   -9.20970e+04    5.63154e+02
 Position Rest.      Potential    Kinetic En.   Total Energy  Conserved En.
    6.98316e+01   -7.57405e+04    1.36331e+04   -6.21073e+04   -6.05995e+04
    Temperature Pres. DC (bar) Pressure (bar)   Constr. rmsd
    2.99596e+02   -2.01946e+02   -2.75307e+02    0.00000e+00

           Step           Time
          44500       89.00000

   Energies (kJ/mol)
           Bond          Angle    Proper Dih. Per. Imp. Dih.          LJ-14
    1.43368e+02    5.55832e+02    5.63227e+02    1.87222e+01    2.15732e+02
     Coulomb-14        LJ (SR)  Disper. corr.   Coulomb (SR)   Coul. recip.
    4.13711e+03    1.06253e+04   -6.76642e+02   -9.22012e+04    5.72739e+02
 Position Rest.      Potential    Kinetic En.   Total Energy  Conserved En.
    5.29242e+01   -7.59929e+04    1.36933e+04   -6.22996e+04   -6.05935e+04
    Temperature Pres. DC (bar) Pressure (bar)   Constr. rmsd
    3.00919e+02   -2.07528e+02   -3.42722e+02    0.00000e+00

           Step           Time
          45000       90.00000

   Energies (kJ/mol)
           Bond          Angle    Proper Dih. Per. Imp. Dih.          LJ-14
    1.17472e+02    5.35349e+02    5.71287e+02    3.28730e+01    2.23580e+02
     Coulomb-14        LJ (SR)  Disper. corr.   Coulomb (SR)   Coul. recip.
    4.14392e+03    1.06940e+04   -6.72391e+02   -9.15106e+04    5.53793e+02
 Position Rest.      Potential    Kinetic En.   Total Energy  Conserved En.
    4.83403e+01   -7.52624e+04    1.34139e+04   -6.18485e+04   -6.04974e+04
    Temperature Pres. DC (bar) Pressure (bar)   Constr. rmsd
    2.94778e+02   -2.04931e+02    5.79537e+01    0.00000e+00

           Step           Time
          45500       91.00000

   Energies (kJ/mol)
           Bond          Angle    Proper Dih. Per. Imp. Dih.          LJ-14
    1.17617e+02    5.81342e+02    5.31045e+02    1.43667e+01    2.05654e+02
     Coulomb-14        LJ (SR)  Disper. corr.   Coulomb (SR)   Coul. recip.
    4.17240e+03    1.15595e+04   -6.68610e+02   -9.25219e+04    5.86103e+02
 Position Rest.      Potential    Kinetic En.   Total Energy  Conserved En.
    5.55960e+01   -7.53670e+04    1.37411e+04   -6.16259e+04   -6.03771e+04
    Temperature Pres. DC (bar) Pressure (bar)   Constr. rmsd
    3.01968e+02   -2.02636e+02    7.46992e+02    0.00000e+00

           Step           Time
          46000       92.00000

   Energies (kJ/mol)
           Bond          Angle    Proper Dih. Per. Imp. Dih.          LJ-14
    1.37120e+02    5.69856e+02    5.45087e+02    1.47494e+01    2.17730e+02
     Coulomb-14        LJ (SR)  Disper. corr.   Coulomb (SR)   Coul. recip.
    4.18375e+03    1.11322e+04   -6.79217e+02   -9.26809e+04    5.81274e+02
 Position Rest.      Potential    Kinetic En.   Total Energy  Conserved En.
    7.76774e+01   -7.59007e+04    1.36498e+04   -6.22509e+04   -6.03373e+04
    Temperature Pres. DC (bar) Pressure (bar)   Constr. rmsd
    2.99963e+02   -2.09108e+02    3.00782e+02    0.00000e+00

           Step           Time
          46500       93.00000

   Energies (kJ/mol)
           Bond          Angle    Proper Dih. Per. Imp. Dih.          LJ-14
    1.46955e+02    5.71297e+02    5.32399e+02    2.00142e+01    1.95038e+02
     Coulomb-14        LJ (SR)  Disper. corr.   Coulomb (SR)   Coul. recip.
    4.15400e+03    1.12678e+04   -6.79081e+02   -9.27459e+04    5.61937e+02
 Position Rest.      Potential    Kinetic En.   Total Energy  Conserved En.
    6.92502e+01   -7.59063e+04    1.36665e+04   -6.22398e+04   -6.03098e+04
    Temperature Pres. DC (bar) Pressure (bar)   Constr. rmsd
    3.00329e+02   -2.09025e+02    3.36601e+02    0.00000e+00

           Step           Time
          47000       94.00000

   Energies (kJ/mol)
           Bond          Angle    Proper Dih. Per. Imp. Dih.          LJ-14
    1.94009e+02    5.84616e+02    5.60660e+02    2.24059e+01    2.10260e+02
     Coulomb-14        LJ (SR)  Disper. corr.   Coulomb (SR)   Coul. recip.
    4.12993e+03    1.08005e+04   -6.74562e+02   -9.19473e+04    5.65879e+02
 Position Rest.      Potential    Kinetic En.   Total Energy  Conserved En.
    5.58210e+01   -7.54978e+04    1.38379e+04   -6.16599e+04   -6.03065e+04
    Temperature Pres. DC (bar) Pressure (bar)   Constr. rmsd
    3.04096e+02   -2.06255e+02   -5.55932e+01    0.00000e+00

           Step           Time
          47500       95.00000

   Energies (kJ/mol)
           Bond          Angle    Proper Dih. Per. Imp. Dih.          LJ-14
    1.77696e+02    5.27453e+02    5.30762e+02    1.33791e+01    1.89436e+02
     Coulomb-14        LJ (SR)  Disper. corr.   Coulomb (SR)   Coul. recip.
    4.12785e+03    1.07318e+04   -6.77618e+02   -9.19283e+04    5.97124e+02
 Position Rest.      Potential    Kinetic En.   Total Energy  Conserved En.
    6.12307e+01   -7.56492e+04    1.36030e+04   -6.20461e+04   -6.02877e+04
    Temperature Pres. DC (bar) Pressure (bar)   Constr. rmsd
    2.98935e+02   -2.08126e+02   -3.13796e+02    0.00000e+00

           Step           Time
          48000       96.00000

   Energies (kJ/mol)
           Bond          Angle    Proper Dih. Per. Imp. Dih.          LJ-14
    1.61976e+02    5.94131e+02    5.56473e+02    2.14661e+01    2.01609e+02
     Coulomb-14        LJ (SR)  Disper. corr.   Coulomb (SR)   Coul. recip.
    4.14794e+03    1.09105e+04   -6.70199e+02   -9.19540e+04    5.90191e+02
 Position Rest.      Potential    Kinetic En.   Total Energy  Conserved En.
    5.82781e+01   -7.53816e+04    1.33681e+04   -6.20134e+04   -6.02578e+04
    Temperature Pres. DC (bar) Pressure (bar)   Constr. rmsd
    2.93773e+02   -2.03599e+02    1.47758e+01    0.00000e+00

           Step           Time
          48500       97.00000

   Energies (kJ/mol)
           Bond          Angle    Proper Dih. Per. Imp. Dih.          LJ-14
    1.39314e+02    6.09317e+02    5.58107e+02    2.16065e+01    2.26232e+02
     Coulomb-14        LJ (SR)  Disper. corr.   Coulomb (SR)   Coul. recip.
    4.15095e+03    1.09010e+04   -6.83273e+02   -9.17422e+04    5.84131e+02
 Position Rest.      Potential    Kinetic En.   Total Energy  Conserved En.
    5.72239e+01   -7.51775e+04    1.38321e+04   -6.13454e+04   -6.02541e+04
    Temperature Pres. DC (bar) Pressure (bar)   Constr. rmsd
    3.03969e+02   -2.11610e+02    5.49372e+02    0.00000e+00

           Step           Time
          49000       98.00000

   Energies (kJ/mol)
           Bond          Angle    Proper Dih. Per. Imp. Dih.          LJ-14
    1.27533e+02    5.64960e+02    5.41699e+02    1.88177e+01    1.95736e+02
     Coulomb-14        LJ (SR)  Disper. corr.   Coulomb (SR)   Coul. recip.
    4.15794e+03    1.09027e+04   -6.70618e+02   -9.20276e+04    5.46026e+02
 Position Rest.      Potential    Kinetic En.   Total Energy  Conserved En.
    5.91490e+01   -7.55837e+04    1.34791e+04   -6.21045e+04   -6.02579e+04
    Temperature Pres. DC (bar) Pressure (bar)   Constr. rmsd
    2.96211e+02   -2.03853e+02    1.38497e+02    0.00000e+00

           Step           Time
          49500       99.00000

   Energies (kJ/mol)
           Bond          Angle    Proper Dih. Per. Imp. Dih.          LJ-14
    2.23526e+02    5.78156e+02    5.47904e+02    2.79651e+01    2.01157e+02
     Coulomb-14        LJ (SR)  Disper. corr.   Coulomb (SR)   Coul. recip.
    4.15764e+03    1.12127e+04   -6.74158e+02   -9.25399e+04    5.71009e+02
 Position Rest.      Potential    Kinetic En.   Total Energy  Conserved En.
    8.15662e+01   -7.56124e+04    1.36887e+04   -6.19237e+04   -6.02475e+04
    Temperature Pres. DC (bar) Pressure (bar)   Constr. rmsd
    3.00818e+02   -2.06009e+02    1.59648e+02    0.00000e+00

           Step           Time
          50000      100.00000

Writing checkpoint, step 50000 at Fri Apr  7 15:03:18 2023


   Energies (kJ/mol)
           Bond          Angle    Proper Dih. Per. Imp. Dih.          LJ-14
    1.69601e+02    5.44075e+02    5.75802e+02    2.49077e+01    2.19820e+02
     Coulomb-14        LJ (SR)  Disper. corr.   Coulomb (SR)   Coul. recip.
    4.14791e+03    1.05645e+04   -6.54065e+02   -9.13630e+04    6.18468e+02
 Position Rest.      Potential    Kinetic En.   Total Energy  Conserved En.
    7.17437e+01   -7.50803e+04    1.37614e+04   -6.13188e+04   -6.02223e+04
    Temperature Pres. DC (bar) Pressure (bar)   Constr. rmsd
    3.02416e+02   -1.93926e+02   -5.33073e+02    0.00000e+00


Energy conservation over simulation part #1 of length 100 ps, time 0 to 100 ps
  Conserved energy drift: 3.04e-03 kJ/mol/ps per atom


	<======  ###############  ==>
	<====  A V E R A G E S  ====>
	<==  ###############  ======>

	Statistics over 50001 steps using 501 frames

   Energies (kJ/mol)
           Bond          Angle    Proper Dih. Per. Imp. Dih.          LJ-14
    1.63865e+02    5.65448e+02    5.50130e+02    2.14386e+01    2.10976e+02
     Coulomb-14        LJ (SR)  Disper. corr.   Coulomb (SR)   Coul. recip.
    4.14346e+03    1.08264e+04   -6.72592e+02   -9.18941e+04    5.82552e+02
 Position Rest.      Potential    Kinetic En.   Total Energy  Conserved En.
    6.63289e+01   -7.54361e+04    1.36575e+04   -6.17786e+04   -6.09722e+04
    Temperature Pres. DC (bar) Pressure (bar)   Constr. rmsd
    3.00131e+02   -2.05082e+02   -4.11818e+00    0.00000e+00

          Box-X          Box-Y          Box-Z
    4.25667e+00    4.25667e+00    3.00992e+00

   Total Virial (kJ/mol)
    4.56111e+03    1.20037e+01   -1.44166e+01
    1.20027e+01    4.55778e+03    3.10306e+01
   -1.44164e+01    3.10305e+01    4.57297e+03

   Pressure (bar)
   -9.44603e+00   -6.68413e+00    7.98610e+00
   -6.68353e+00    7.78813e+00   -2.25827e+01
    7.98600e+00   -2.25827e+01   -1.06966e+01

      T-Protein  T-non-Protein
    3.00179e+02    3.00128e+02


	M E G A - F L O P S   A C C O U N T I N G

 NB=Group-cutoff nonbonded kernels    NxN=N-by-N cluster Verlet kernels
 RF=Reaction-Field  VdW=Van der Waals  QSTab=quadratic-spline table
 W3=SPC/TIP3p  W4=TIP4p (single or pairs)
 V&F=Potential and force  V=Potential only  F=Force only

 Computing:                               M-Number         M-Flops  % Flops
-----------------------------------------------------------------------------
 Pair Search distance check             290.014640        2610.132     0.0
 NxN Ewald Elec. + LJ [F]            253675.217664    16742564.366    98.3
 NxN Ewald Elec. + LJ [V&F]            2567.369728      274708.561     1.6
 1,4 nonbonded interactions              35.250705        3172.563     0.0
 Shift-X                                  2.711412          16.268     0.0
 Bonds                                    5.400108         318.606     0.0
 Angles                                  24.500490        4116.082     0.0
 Propers                                 38.350767        8782.326     0.1
 Impropers                                1.250025         260.005     0.0
 Pos. Restr.                              5.450109         272.505     0.0
 Virial                                   5.462457          98.324     0.0
 Stop-CM                                  2.711412          27.114     0.0
 Calc-Ekin                               54.130824        1461.532     0.0
-----------------------------------------------------------------------------
 Total                                                17038408.386   100.0
-----------------------------------------------------------------------------


      R E A L   C Y C L E   A N D   T I M E   A C C O U N T I N G

On 1 MPI rank, each using 4 OpenMP threads

 Activity:              Num   Num      Call    Wall time         Giga-Cycles
                        Ranks Threads  Count      (s)         total sum    %
--------------------------------------------------------------------------------
 Neighbor search           1    4        501       0.875          9.076   1.5
 Launch PP GPU ops.        1    4      99501       3.798         39.381   6.5
 Force                     1    4      50001       6.925         71.801  11.9
 PME GPU mesh              1    4      50001       3.197         33.150   5.5
 Wait GPU NB local         1    4      49000       0.179          1.853   0.3
 Wait GPU state copy       1    4      62003      39.954        414.246  68.7
 NB X/F buffer ops.        1    4       1001       0.071          0.732   0.1
 Write traj.               1    4        101       0.545          5.646   0.9
 Rest                                              2.645         27.425   4.5
--------------------------------------------------------------------------------
 Total                                            58.189        603.309 100.0
--------------------------------------------------------------------------------
 Breakdown of PME mesh activities
--------------------------------------------------------------------------------
 Wait PME GPU gather       1    4      50001       0.186          1.928   0.3
 Reduce GPU PME F          1    4      50001       0.039          0.399   0.1
 Launch PME GPU ops.       1    4     450009       2.851         29.560   4.9
--------------------------------------------------------------------------------

               Core t (s)   Wall t (s)        (%)
       Time:      232.751       58.189      400.0
                 (ns/day)    (hour/ns)
Performance:      148.485        0.162
Finished mdrun on rank 0 Fri Apr  7 15:03:18 2023

