                       :-) GROMACS - gmx mdrun, 2023 (-:

Copyright 1991-2023 The GROMACS Authors.
GROMACS is free software; you can redistribute it and/or modify it
under the terms of the GNU Lesser General Public License
as published by the Free Software Foundation; either version 2.1
of the License, or (at your option) any later version.

                         Current GROMACS contributors:
       Mark Abraham           Andrey Alekseenko           Cathrine Bergh      
      Christian Blau            Eliane Briand             Mahesh Doijade      
    Stefan Fleischmann           Vytas Gapsys              Gaurav Garg        
      Sergey Gorelov         Gilles Gouaillardet            Alan Gray         
     M. Eric Irrgang         Farzaneh Jalalypour            Joe Jordan        
    Christoph Junghans        Prashanth Kanduri          Sebastian Keller     
     Carsten Kutzner           Justin A. Lemkul          Magnus Lundborg      
       Pascal Merz              Vedran Miletic            Dmitry Morozov      
       Szilard Pall             Roland Schulz             Michael Shirts      
     Alexey Shvetsov            Balint Soproni         David van der Spoel    
      Philip Turner             Carsten Uphoff           Alessandra Villa     
 Sebastian Wingbermuehle        Artem Zhmurov       

                         Previous GROMACS contributors:
        Emile Apol             Rossen Apostolov           James Barnett       
  Herman J.C. Berendsen          Par Bjelkmar           Viacheslav Bolnykh    
        Kevin Boyd            Aldert van Buuren          Carlo Camilloni      
     Rudi van Drunen            Anton Feenstra           Oliver Fleetwood     
     Gerrit Groenhof            Bert de Groot             Anca Hamuraru       
    Vincent Hindriksen          Victor Holanda           Aleksei Iupinov      
   Dimitrios Karkoulis           Peter Kasson             Sebastian Kehl      
        Jiri Kraus               Per Larsson              Viveca Lindahl      
      Erik Marklund           Pieter Meulenhoff           Teemu Murtola       
       Sander Pronk             Alfons Sijbers            Peter Tieleman      
       Jon Vincent             Teemu Virolainen         Christian Wennberg    
       Maarten Wolf       

                  Coordinated by the GROMACS project leaders:
                    Paul Bauer, Berk Hess, and Erik Lindahl

GROMACS:      gmx mdrun, version 2023
Executable:   /usr/local/gromacs/bin/gmx
Data prefix:  /usr/local/gromacs
Working dir:  /home/mirjr/Documents/github/bioinfo/gmx/6a5j
Process ID:   14990
Command line:
  gmx mdrun -v -deffnm prod

GROMACS version:    2023
Precision:          mixed
Memory model:       64 bit
MPI library:        thread_mpi
OpenMP support:     enabled (GMX_OPENMP_MAX_THREADS = 128)
GPU support:        CUDA
NB cluster size:    8
SIMD instructions:  AVX2_256
CPU FFT library:    fftw-3.3.8-sse2-avx-avx2-avx2_128
GPU FFT library:    cuFFT
Multi-GPU FFT:      none
RDTSCP usage:       enabled
TNG support:        enabled
Hwloc support:      disabled
Tracing support:    disabled
C compiler:         /usr/bin/cc GNU 11.3.0
C compiler flags:   -fexcess-precision=fast -funroll-all-loops -mavx2 -mfma -Wno-missing-field-initializers -O3 -DNDEBUG
C++ compiler:       /usr/bin/c++ GNU 11.3.0
C++ compiler flags: -fexcess-precision=fast -funroll-all-loops -mavx2 -mfma -Wno-missing-field-initializers -Wno-cast-function-type-strict -fopenmp -O3 -DNDEBUG
BLAS library:       
LAPACK library:     
CUDA compiler:      /usr/local/cuda/bin/nvcc nvcc: NVIDIA (R) Cuda compiler driver;Copyright (c) 2005-2023 NVIDIA Corporation;Built on Tue_Feb__7_19:32:13_PST_2023;Cuda compilation tools, release 12.1, V12.1.66;Build cuda_12.1.r12.1/compiler.32415258_0
CUDA compiler flags:-std=c++17;--generate-code=arch=compute_50,code=sm_50;--generate-code=arch=compute_52,code=sm_52;--generate-code=arch=compute_60,code=sm_60;--generate-code=arch=compute_61,code=sm_61;--generate-code=arch=compute_70,code=sm_70;--generate-code=arch=compute_75,code=sm_75;--generate-code=arch=compute_80,code=sm_80;--generate-code=arch=compute_86,code=sm_86;--generate-code=arch=compute_89,code=sm_89;--generate-code=arch=compute_90,code=sm_90;-Wno-deprecated-gpu-targets;--generate-code=arch=compute_53,code=sm_53;--generate-code=arch=compute_80,code=sm_80;-use_fast_math;-Xptxas;-warn-double-usage;-Xptxas;-Werror;-D_FORCE_INLINES;-fexcess-precision=fast -funroll-all-loops -mavx2 -mfma -Wno-missing-field-initializers -Wno-cast-function-type-strict -fopenmp -O3 -DNDEBUG
CUDA driver:        12.10
CUDA runtime:       12.10


Running on 1 node with total 2 cores, 4 processing units, 1 compatible GPU
Hardware detected on host dev:
  CPU info:
    Vendor: Intel
    Brand:  Intel(R) Core(TM) i3-10110U CPU @ 2.10GHz
    Family: 6   Model: 142   Stepping: 12
    Features: aes apic avx avx2 clfsh cmov cx8 cx16 f16c fma htt intel lahf mmx msr nonstop_tsc pcid pclmuldq pdcm pdpe1gb popcnt pse rdrnd rdtscp sse2 sse3 sse4.1 sse4.2 ssse3 tdt x2apic
  Hardware topology: Basic
    Packages, cores, and logical processors:
    [indices refer to OS logical processors]
      Package  0: [   0   2] [   1   3]
    CPU limit set by OS: -1   Recommended max number of threads: 4
  GPU info:
    Number of GPUs detected: 1
    #0: NVIDIA NVIDIA GeForce MX230, compute cap.: 6.1, ECC:  no, stat: compatible


++++ PLEASE READ AND CITE THE FOLLOWING REFERENCE ++++
M. J. Abraham, T. Murtola, R. Schulz, S. Páll, J. C. Smith, B. Hess, E.
Lindahl
GROMACS: High performance molecular simulations through multi-level
parallelism from laptops to supercomputers
SoftwareX 1 (2015) pp. 19-25
-------- -------- --- Thank You --- -------- --------


++++ PLEASE READ AND CITE THE FOLLOWING REFERENCE ++++
S. Páll, M. J. Abraham, C. Kutzner, B. Hess, E. Lindahl
Tackling Exascale Software Challenges in Molecular Dynamics Simulations with
GROMACS
In S. Markidis & E. Laure (Eds.), Solving Software Challenges for Exascale 8759 (2015) pp. 3-27
-------- -------- --- Thank You --- -------- --------


++++ PLEASE READ AND CITE THE FOLLOWING REFERENCE ++++
S. Pronk, S. Páll, R. Schulz, P. Larsson, P. Bjelkmar, R. Apostolov, M. R.
Shirts, J. C. Smith, P. M. Kasson, D. van der Spoel, B. Hess, and E. Lindahl
GROMACS 4.5: a high-throughput and highly parallel open source molecular
simulation toolkit
Bioinformatics 29 (2013) pp. 845-54
-------- -------- --- Thank You --- -------- --------


++++ PLEASE READ AND CITE THE FOLLOWING REFERENCE ++++
B. Hess and C. Kutzner and D. van der Spoel and E. Lindahl
GROMACS 4: Algorithms for highly efficient, load-balanced, and scalable
molecular simulation
J. Chem. Theory Comput. 4 (2008) pp. 435-447
-------- -------- --- Thank You --- -------- --------


++++ PLEASE READ AND CITE THE FOLLOWING REFERENCE ++++
D. van der Spoel, E. Lindahl, B. Hess, G. Groenhof, A. E. Mark and H. J. C.
Berendsen
GROMACS: Fast, Flexible and Free
J. Comp. Chem. 26 (2005) pp. 1701-1719
-------- -------- --- Thank You --- -------- --------


++++ PLEASE READ AND CITE THE FOLLOWING REFERENCE ++++
E. Lindahl and B. Hess and D. van der Spoel
GROMACS 3.0: A package for molecular simulation and trajectory analysis
J. Mol. Mod. 7 (2001) pp. 306-317
-------- -------- --- Thank You --- -------- --------


++++ PLEASE READ AND CITE THE FOLLOWING REFERENCE ++++
H. J. C. Berendsen, D. van der Spoel and R. van Drunen
GROMACS: A message-passing parallel molecular dynamics implementation
Comp. Phys. Comm. 91 (1995) pp. 43-56
-------- -------- --- Thank You --- -------- --------


++++ PLEASE CITE THE DOI FOR THIS VERSION OF GROMACS ++++
https://doi.org/10.5281/zenodo.7588619
-------- -------- --- Thank You --- -------- --------

Input Parameters:
   integrator                     = md
   tinit                          = 0
   dt                             = 0.002
   nsteps                         = 500000
   init-step                      = 0
   simulation-part                = 1
   mts                            = false
   comm-mode                      = Linear
   nstcomm                        = 100
   bd-fric                        = 0
   ld-seed                        = 1207959287
   emtol                          = 10
   emstep                         = 0.01
   niter                          = 20
   fcstep                         = 0
   nstcgsteep                     = 1000
   nbfgscorr                      = 10
   rtpi                           = 0.05
   nstxout                        = 500
   nstvout                        = 0
   nstfout                        = 0
   nstlog                         = 5000
   nstcalcenergy                  = 100
   nstenergy                      = 5000
   nstxout-compressed             = 5000
   compressed-x-precision         = 1000
   cutoff-scheme                  = Verlet
   nstlist                        = 10
   pbc                            = xyz
   periodic-molecules             = false
   verlet-buffer-tolerance        = 0.005
   rlist                          = 1
   coulombtype                    = PME
   coulomb-modifier               = Potential-shift
   rcoulomb-switch                = 0
   rcoulomb                       = 1
   epsilon-r                      = 1
   epsilon-rf                     = inf
   vdw-type                       = Cut-off
   vdw-modifier                   = Potential-shift
   rvdw-switch                    = 0
   rvdw                           = 1
   DispCorr                       = EnerPres
   table-extension                = 1
   fourierspacing                 = 0.16
   fourier-nx                     = 28
   fourier-ny                     = 28
   fourier-nz                     = 28
   pme-order                      = 4
   ewald-rtol                     = 1e-05
   ewald-rtol-lj                  = 0.001
   lj-pme-comb-rule               = Geometric
   ewald-geometry                 = 3d
   epsilon-surface                = 0
   ensemble-temperature-setting   = constant
   ensemble-temperature           = 300
   tcoupl                         = V-rescale
   nsttcouple                     = 10
   nh-chain-length                = 0
   print-nose-hoover-chain-variables = false
   pcoupl                         = Parrinello-Rahman
   pcoupltype                     = Isotropic
   nstpcouple                     = 50
   tau-p                          = 2
   compressibility (3x3):
      compressibility[    0]={ 4.50000e-05,  0.00000e+00,  0.00000e+00}
      compressibility[    1]={ 0.00000e+00,  4.50000e-05,  0.00000e+00}
      compressibility[    2]={ 0.00000e+00,  0.00000e+00,  4.50000e-05}
   ref-p (3x3):
      ref-p[    0]={ 1.00000e+00,  0.00000e+00,  0.00000e+00}
      ref-p[    1]={ 0.00000e+00,  1.00000e+00,  0.00000e+00}
      ref-p[    2]={ 0.00000e+00,  0.00000e+00,  1.00000e+00}
   refcoord-scaling               = No
   posres-com (3):
      posres-com[0]= 0.00000e+00
      posres-com[1]= 0.00000e+00
      posres-com[2]= 0.00000e+00
   posres-comB (3):
      posres-comB[0]= 0.00000e+00
      posres-comB[1]= 0.00000e+00
      posres-comB[2]= 0.00000e+00
   QMMM                           = false
qm-opts:
   ngQM                           = 0
   constraint-algorithm           = Lincs
   continuation                   = true
   Shake-SOR                      = false
   shake-tol                      = 0.0001
   lincs-order                    = 4
   lincs-iter                     = 1
   lincs-warnangle                = 30
   nwall                          = 0
   wall-type                      = 9-3
   wall-r-linpot                  = -1
   wall-atomtype[0]               = -1
   wall-atomtype[1]               = -1
   wall-density[0]                = 0
   wall-density[1]                = 0
   wall-ewald-zfac                = 3
   pull                           = false
   awh                            = false
   rotation                       = false
   interactiveMD                  = false
   disre                          = No
   disre-weighting                = Conservative
   disre-mixed                    = false
   dr-fc                          = 1000
   dr-tau                         = 0
   nstdisreout                    = 100
   orire-fc                       = 0
   orire-tau                      = 0
   nstorireout                    = 100
   free-energy                    = no
   cos-acceleration               = 0
   deform (3x3):
      deform[    0]={ 0.00000e+00,  0.00000e+00,  0.00000e+00}
      deform[    1]={ 0.00000e+00,  0.00000e+00,  0.00000e+00}
      deform[    2]={ 0.00000e+00,  0.00000e+00,  0.00000e+00}
   simulated-tempering            = false
   swapcoords                     = no
   userint1                       = 0
   userint2                       = 0
   userint3                       = 0
   userint4                       = 0
   userreal1                      = 0
   userreal2                      = 0
   userreal3                      = 0
   userreal4                      = 0
   applied-forces:
     electric-field:
       x:
         E0                       = 0
         omega                    = 0
         t0                       = 0
         sigma                    = 0
       y:
         E0                       = 0
         omega                    = 0
         t0                       = 0
         sigma                    = 0
       z:
         E0                       = 0
         omega                    = 0
         t0                       = 0
         sigma                    = 0
     density-guided-simulation:
       active                     = false
       group                      = protein
       similarity-measure         = inner-product
       atom-spreading-weight      = unity
       force-constant             = 1e+09
       gaussian-transform-spreading-width = 0.2
       gaussian-transform-spreading-range-in-multiples-of-width = 4
       reference-density-filename = reference.mrc
       nst                        = 1
       normalize-densities        = true
       adaptive-force-scaling     = false
       adaptive-force-scaling-time-constant = 4
       shift-vector               = 
       transformation-matrix      = 
     qmmm-cp2k:
       active                     = false
       qmgroup                    = System
       qmmethod                   = PBE
       qmfilenames                = 
       qmcharge                   = 0
       qmmultiplicity             = 1
grpopts:
   nrdf:     628.828     10317.2
   ref-t:         300         300
   tau-t:         0.1         0.1
annealing:          No          No
annealing-npoints:           0           0
   acc:	           0           0           0
   nfreeze:           N           N           N
   energygrp-flags[  0]: 0

Changing nstlist from 10 to 100, rlist from 1 to 1.156

When checking whether update groups are usable:
  Domain decomposition is not active, so there is no need for update groups
1 GPU selected for this run.
Mapping of GPU IDs to the 2 GPU tasks in the 1 rank on this node:
  PP:0,PME:0
PP tasks will do (non-perturbed) short-ranged interactions on the GPU
PP task will update and constrain coordinates on the GPU
PME tasks will do all aspects on the GPU
Using 1 MPI thread
Using 4 OpenMP threads 

System total charge: -0.000
Will do PME sum in reciprocal space for electrostatic interactions.

++++ PLEASE READ AND CITE THE FOLLOWING REFERENCE ++++
U. Essmann, L. Perera, M. L. Berkowitz, T. Darden, H. Lee and L. G. Pedersen 
A smooth particle mesh Ewald method
J. Chem. Phys. 103 (1995) pp. 8577-8592
-------- -------- --- Thank You --- -------- --------

Using a Gaussian width (1/beta) of 0.320163 nm for Ewald
Potential shift: LJ r^-12: -1.000e+00 r^-6: -1.000e+00, Ewald -1.000e-05
Initialized non-bonded Coulomb Ewald tables, spacing: 9.33e-04 size: 1073

Generated table with 1078 data points for 1-4 COUL.
Tabscale = 500 points/nm
Generated table with 1078 data points for 1-4 LJ6.
Tabscale = 500 points/nm
Generated table with 1078 data points for 1-4 LJ12.
Tabscale = 500 points/nm
Long Range LJ corr.: <C6> 2.9931e-04


Using GPU 8x8 nonbonded short-range kernels

Using a dual 8x8 pair-list setup updated with dynamic, rolling pruning:
  outer list: updated every 100 steps, buffer 0.156 nm, rlist 1.156 nm
  inner list: updated every  12 steps, buffer 0.006 nm, rlist 1.006 nm
At tolerance 0.005 kJ/mol/ps per atom, equivalent classical 1x1 list would be:
  outer list: updated every 100 steps, buffer 0.305 nm, rlist 1.305 nm
  inner list: updated every  12 steps, buffer 0.054 nm, rlist 1.054 nm

Using Lorentz-Berthelot Lennard-Jones combination rule

Pinning threads with an auto-selected logical cpu stride of 1

Initializing LINear Constraint Solver

++++ PLEASE READ AND CITE THE FOLLOWING REFERENCE ++++
B. Hess and H. Bekker and H. J. C. Berendsen and J. G. E. M. Fraaije
LINCS: A Linear Constraint Solver for molecular simulations
J. Comp. Chem. 18 (1997) pp. 1463-1472
-------- -------- --- Thank You --- -------- --------

The number of constraints is 151

++++ PLEASE READ AND CITE THE FOLLOWING REFERENCE ++++
S. Miyamoto and P. A. Kollman
SETTLE: An Analytical Version of the SHAKE and RATTLE Algorithms for Rigid
Water Models
J. Comp. Chem. 13 (1992) pp. 952-962
-------- -------- --- Thank You --- -------- --------


++++ PLEASE READ AND CITE THE FOLLOWING REFERENCE ++++
G. Bussi, D. Donadio and M. Parrinello
Canonical sampling through velocity rescaling
J. Chem. Phys. 126 (2007) pp. 014101
-------- -------- --- Thank You --- -------- --------

There are: 5412 Atoms

Updating coordinates and applying constraints on the GPU.
Center of mass motion removal mode is Linear
We have the following groups for center of mass motion removal:
  0:  rest

Started mdrun on rank 0 Fri Apr  7 15:04:12 2023

           Step           Time
              0        0.00000

   Energies (kJ/mol)
           Bond          Angle    Proper Dih. Per. Imp. Dih.          LJ-14
    1.69601e+02    5.44075e+02    5.75802e+02    2.49077e+01    2.19820e+02
     Coulomb-14        LJ (SR)  Disper. corr.   Coulomb (SR)   Coul. recip.
    4.14791e+03    1.05645e+04   -6.54065e+02   -9.13630e+04    6.18468e+02
      Potential    Kinetic En.   Total Energy  Conserved En.    Temperature
   -7.51520e+04    1.37614e+04   -6.13906e+04   -6.13872e+04    3.02415e+02
 Pres. DC (bar) Pressure (bar)   Constr. rmsd
   -1.93926e+02   -4.89349e+02    0.00000e+00

step 4900: timed with pme grid 28 28 28, coulomb cutoff 1.000: 269.3 M-cycles
           Step           Time
           5000       10.00000

   Energies (kJ/mol)
           Bond          Angle    Proper Dih. Per. Imp. Dih.          LJ-14
    1.24862e+02    5.18084e+02    5.67149e+02    1.76378e+01    2.13691e+02
     Coulomb-14        LJ (SR)  Disper. corr.   Coulomb (SR)   Coul. recip.
    4.19601e+03    1.10079e+04   -6.77433e+02   -9.25003e+04    3.61289e+02
      Potential    Kinetic En.   Total Energy  Conserved En.    Temperature
   -7.61711e+04    1.33053e+04   -6.28657e+04   -6.12345e+04    2.92392e+02
 Pres. DC (bar) Pressure (bar)   Constr. rmsd
   -2.08013e+02    1.98098e+02    0.00000e+00

step 5100: timed with pme grid 24 24 24, coulomb cutoff 1.119: 313.6 M-cycles
step 5300: timed with pme grid 25 25 25, coulomb cutoff 1.074: 299.0 M-cycles
step 5500: timed with pme grid 28 28 28, coulomb cutoff 1.000: 280.5 M-cycles
              optimal pme grid 28 28 28, coulomb cutoff 1.000
           Step           Time
          10000       20.00000

   Energies (kJ/mol)
           Bond          Angle    Proper Dih. Per. Imp. Dih.          LJ-14
    1.49585e+02    5.16395e+02    5.37340e+02    1.97161e+01    2.11657e+02
     Coulomb-14        LJ (SR)  Disper. corr.   Coulomb (SR)   Coul. recip.
    4.16643e+03    1.09436e+04   -6.71166e+02   -9.21123e+04    6.61618e+02
      Potential    Kinetic En.   Total Energy  Conserved En.    Temperature
   -7.55771e+04    1.37201e+04   -6.18570e+04   -6.09002e+04    3.01507e+02
 Pres. DC (bar) Pressure (bar)   Constr. rmsd
   -2.04186e+02    1.81751e+02    0.00000e+00

           Step           Time
          15000       30.00000

   Energies (kJ/mol)
           Bond          Angle    Proper Dih. Per. Imp. Dih.          LJ-14
    1.70438e+02    5.53075e+02    5.26576e+02    2.22623e+01    1.98150e+02
     Coulomb-14        LJ (SR)  Disper. corr.   Coulomb (SR)   Coul. recip.
    4.12073e+03    1.05578e+04   -6.63202e+02   -9.12504e+04    5.93103e+02
      Potential    Kinetic En.   Total Energy  Conserved En.    Temperature
   -7.51715e+04    1.35263e+04   -6.16452e+04   -6.07496e+04    2.97247e+02
 Pres. DC (bar) Pressure (bar)   Constr. rmsd
   -1.99375e+02   -4.50894e+02    0.00000e+00

           Step           Time
          20000       40.00000

   Energies (kJ/mol)
           Bond          Angle    Proper Dih. Per. Imp. Dih.          LJ-14
    1.91302e+02    5.91428e+02    5.14235e+02    1.77830e+01    2.00050e+02
     Coulomb-14        LJ (SR)  Disper. corr.   Coulomb (SR)   Coul. recip.
    4.13178e+03    1.05630e+04   -6.80438e+02   -9.12817e+04    5.57578e+02
      Potential    Kinetic En.   Total Energy  Conserved En.    Temperature
   -7.51950e+04    1.35150e+04   -6.16800e+04   -6.05996e+04    2.97000e+02
 Pres. DC (bar) Pressure (bar)   Constr. rmsd
   -2.09860e+02   -1.91333e+02    0.00000e+00

           Step           Time
          25000       50.00000

   Energies (kJ/mol)
           Bond          Angle    Proper Dih. Per. Imp. Dih.          LJ-14
    1.61216e+02    5.36348e+02    5.23793e+02    2.18672e+01    2.21281e+02
     Coulomb-14        LJ (SR)  Disper. corr.   Coulomb (SR)   Coul. recip.
    4.14133e+03    1.07358e+04   -6.71444e+02   -9.18737e+04    5.71835e+02
      Potential    Kinetic En.   Total Energy  Conserved En.    Temperature
   -7.56318e+04    1.37040e+04   -6.19277e+04   -6.03368e+04    3.01154e+02
 Pres. DC (bar) Pressure (bar)   Constr. rmsd
   -2.04355e+02    6.17729e+01    0.00000e+00

           Step           Time
          30000       60.00000

   Energies (kJ/mol)
           Bond          Angle    Proper Dih. Per. Imp. Dih.          LJ-14
    1.63480e+02    5.45372e+02    5.09012e+02    1.55775e+01    2.14056e+02
     Coulomb-14        LJ (SR)  Disper. corr.   Coulomb (SR)   Coul. recip.
    4.17046e+03    1.08120e+04   -6.74217e+02   -9.18067e+04    5.75652e+02
      Potential    Kinetic En.   Total Energy  Conserved En.    Temperature
   -7.54754e+04    1.38863e+04   -6.15891e+04   -6.00137e+04    3.05160e+02
 Pres. DC (bar) Pressure (bar)   Constr. rmsd
   -2.06045e+02    1.97406e+01    0.00000e+00

           Step           Time
          35000       70.00000

   Energies (kJ/mol)
           Bond          Angle    Proper Dih. Per. Imp. Dih.          LJ-14
    1.95021e+02    5.05061e+02    5.35841e+02    1.62879e+01    2.17701e+02
     Coulomb-14        LJ (SR)  Disper. corr.   Coulomb (SR)   Coul. recip.
    4.17540e+03    1.12851e+04   -6.80966e+02   -9.26018e+04    5.47480e+02
      Potential    Kinetic En.   Total Energy  Conserved En.    Temperature
   -7.58049e+04    1.37465e+04   -6.20584e+04   -5.99188e+04    3.02087e+02
 Pres. DC (bar) Pressure (bar)   Constr. rmsd
   -2.10185e+02    4.95820e+02    0.00000e+00

           Step           Time
          40000       80.00000

   Energies (kJ/mol)
           Bond          Angle    Proper Dih. Per. Imp. Dih.          LJ-14
    1.62877e+02    5.60725e+02    5.17977e+02    1.82683e+01    2.08240e+02
     Coulomb-14        LJ (SR)  Disper. corr.   Coulomb (SR)   Coul. recip.
    4.15600e+03    1.10763e+04   -6.65814e+02   -9.20741e+04    5.87514e+02
      Potential    Kinetic En.   Total Energy  Conserved En.    Temperature
   -7.54520e+04    1.39405e+04   -6.15115e+04   -5.97677e+04    3.06350e+02
 Pres. DC (bar) Pressure (bar)   Constr. rmsd
   -2.00947e+02    1.54887e+02    0.00000e+00

           Step           Time
          45000       90.00000

   Energies (kJ/mol)
           Bond          Angle    Proper Dih. Per. Imp. Dih.          LJ-14
    1.52728e+02    5.72039e+02    5.24929e+02    1.84276e+01    2.03851e+02
     Coulomb-14        LJ (SR)  Disper. corr.   Coulomb (SR)   Coul. recip.
    4.16171e+03    1.08652e+04   -6.77877e+02   -9.17327e+04    5.62099e+02
      Potential    Kinetic En.   Total Energy  Conserved En.    Temperature
   -7.53495e+04    1.40063e+04   -6.13433e+04   -5.95971e+04    3.07796e+02
 Pres. DC (bar) Pressure (bar)   Constr. rmsd
   -2.08285e+02    2.88640e+02    0.00000e+00

           Step           Time
          50000      100.00000

   Energies (kJ/mol)
           Bond          Angle    Proper Dih. Per. Imp. Dih.          LJ-14
    1.90213e+02    5.00237e+02    4.71117e+02    1.56870e+01    2.01685e+02
     Coulomb-14        LJ (SR)  Disper. corr.   Coulomb (SR)   Coul. recip.
    4.11035e+03    1.07194e+04   -6.66434e+02   -9.17276e+04    5.57390e+02
      Potential    Kinetic En.   Total Energy  Conserved En.    Temperature
   -7.56280e+04    1.34547e+04   -6.21733e+04   -5.93353e+04    2.95675e+02
 Pres. DC (bar) Pressure (bar)   Constr. rmsd
   -2.01321e+02   -5.16591e+02    0.00000e+00

           Step           Time
          55000      110.00000

   Energies (kJ/mol)
           Bond          Angle    Proper Dih. Per. Imp. Dih.          LJ-14
    1.70044e+02    5.22961e+02    5.62951e+02    1.79312e+01    2.27819e+02
     Coulomb-14        LJ (SR)  Disper. corr.   Coulomb (SR)   Coul. recip.
    4.16204e+03    1.08409e+04   -6.71838e+02   -9.17171e+04    6.10177e+02
      Potential    Kinetic En.   Total Energy  Conserved En.    Temperature
   -7.52741e+04    1.37783e+04   -6.14958e+04   -5.91651e+04    3.02786e+02
 Pres. DC (bar) Pressure (bar)   Constr. rmsd
   -2.04595e+02    1.92942e+02    0.00000e+00

           Step           Time
          60000      120.00000

   Energies (kJ/mol)
           Bond          Angle    Proper Dih. Per. Imp. Dih.          LJ-14
    1.46147e+02    5.33558e+02    5.05902e+02    3.42473e+01    2.16252e+02
     Coulomb-14        LJ (SR)  Disper. corr.   Coulomb (SR)   Coul. recip.
    4.09101e+03    1.07226e+04   -6.65806e+02   -9.18001e+04    5.80534e+02
      Potential    Kinetic En.   Total Energy  Conserved En.    Temperature
   -7.56356e+04    1.34658e+04   -6.21698e+04   -5.90629e+04    2.95919e+02
 Pres. DC (bar) Pressure (bar)   Constr. rmsd
   -2.00942e+02   -1.99366e+02    0.00000e+00

           Step           Time
          65000      130.00000

   Energies (kJ/mol)
           Bond          Angle    Proper Dih. Per. Imp. Dih.          LJ-14
    1.58335e+02    5.91385e+02    5.06352e+02    2.00928e+01    2.12246e+02
     Coulomb-14        LJ (SR)  Disper. corr.   Coulomb (SR)   Coul. recip.
    4.20755e+03    1.09003e+04   -6.75595e+02   -9.22836e+04    5.61081e+02
      Potential    Kinetic En.   Total Energy  Conserved En.    Temperature
   -7.58019e+04    1.36341e+04   -6.21678e+04   -5.86961e+04    2.99617e+02
 Pres. DC (bar) Pressure (bar)   Constr. rmsd
   -2.06887e+02   -3.19707e+01    0.00000e+00

           Step           Time
          70000      140.00000

   Energies (kJ/mol)
           Bond          Angle    Proper Dih. Per. Imp. Dih.          LJ-14
    1.83702e+02    5.45463e+02    5.10292e+02    2.29215e+01    2.04651e+02
     Coulomb-14        LJ (SR)  Disper. corr.   Coulomb (SR)   Coul. recip.
    4.13891e+03    1.06227e+04   -6.84782e+02   -9.16985e+04    5.59378e+02
      Potential    Kinetic En.   Total Energy  Conserved En.    Temperature
   -7.55953e+04    1.34073e+04   -6.21880e+04   -5.86211e+04    2.94634e+02
 Pres. DC (bar) Pressure (bar)   Constr. rmsd
   -2.12545e+02   -1.23877e+02    0.00000e+00

           Step           Time
          75000      150.00000

   Energies (kJ/mol)
           Bond          Angle    Proper Dih. Per. Imp. Dih.          LJ-14
    1.40721e+02    5.18745e+02    5.14854e+02    2.02476e+01    2.13359e+02
     Coulomb-14        LJ (SR)  Disper. corr.   Coulomb (SR)   Coul. recip.
    4.20169e+03    1.06275e+04   -6.59241e+02   -9.12106e+04    5.75559e+02
      Potential    Kinetic En.   Total Energy  Conserved En.    Temperature
   -7.50572e+04    1.38231e+04   -6.12341e+04   -5.84522e+04    3.03770e+02
 Pres. DC (bar) Pressure (bar)   Constr. rmsd
   -1.97003e+02   -2.77005e+02    0.00000e+00

           Step           Time
          80000      160.00000

   Energies (kJ/mol)
           Bond          Angle    Proper Dih. Per. Imp. Dih.          LJ-14
    1.84315e+02    6.27436e+02    5.32759e+02    2.20933e+01    2.06362e+02
     Coulomb-14        LJ (SR)  Disper. corr.   Coulomb (SR)   Coul. recip.
    4.15280e+03    1.08568e+04   -6.81915e+02   -9.20010e+04    5.52030e+02
      Potential    Kinetic En.   Total Energy  Conserved En.    Temperature
   -7.55483e+04    1.39220e+04   -6.16263e+04   -5.80386e+04    3.05945e+02
 Pres. DC (bar) Pressure (bar)   Constr. rmsd
   -2.10771e+02    4.72458e+02    0.00000e+00

           Step           Time
          85000      170.00000

   Energies (kJ/mol)
           Bond          Angle    Proper Dih. Per. Imp. Dih.          LJ-14
    1.73071e+02    5.37353e+02    5.37243e+02    1.73394e+01    2.00415e+02
     Coulomb-14        LJ (SR)  Disper. corr.   Coulomb (SR)   Coul. recip.
    4.17240e+03    1.08454e+04   -6.66203e+02   -9.18473e+04    5.65295e+02
      Potential    Kinetic En.   Total Energy  Conserved En.    Temperature
   -7.54650e+04    1.34552e+04   -6.20098e+04   -5.78636e+04    2.95685e+02
 Pres. DC (bar) Pressure (bar)   Constr. rmsd
   -2.01182e+02   -1.48073e+02    0.00000e+00

           Step           Time
          90000      180.00000

   Energies (kJ/mol)
           Bond          Angle    Proper Dih. Per. Imp. Dih.          LJ-14
    1.55096e+02    5.63282e+02    5.06149e+02    1.89507e+01    1.98183e+02
     Coulomb-14        LJ (SR)  Disper. corr.   Coulomb (SR)   Coul. recip.
    4.14350e+03    1.05531e+04   -6.84487e+02   -9.14573e+04    5.89398e+02
      Potential    Kinetic En.   Total Energy  Conserved En.    Temperature
   -7.54142e+04    1.37777e+04   -6.16365e+04   -5.76964e+04    3.02772e+02
 Pres. DC (bar) Pressure (bar)   Constr. rmsd
   -2.12362e+02   -2.32992e+01    0.00000e+00

           Step           Time
          95000      190.00000

   Energies (kJ/mol)
           Bond          Angle    Proper Dih. Per. Imp. Dih.          LJ-14
    1.58366e+02    5.84529e+02    5.16889e+02    1.85871e+01    2.05973e+02
     Coulomb-14        LJ (SR)  Disper. corr.   Coulomb (SR)   Coul. recip.
    4.06994e+03    1.05438e+04   -6.76605e+02   -9.16619e+04    5.92471e+02
      Potential    Kinetic En.   Total Energy  Conserved En.    Temperature
   -7.56479e+04    1.42347e+04   -6.14132e+04   -5.71541e+04    3.12816e+02
 Pres. DC (bar) Pressure (bar)   Constr. rmsd
   -2.07505e+02   -3.05019e+02    0.00000e+00

           Step           Time
         100000      200.00000

   Energies (kJ/mol)
           Bond          Angle    Proper Dih. Per. Imp. Dih.          LJ-14
    1.35670e+02    5.21961e+02    5.14357e+02    2.49710e+01    2.16672e+02
     Coulomb-14        LJ (SR)  Disper. corr.   Coulomb (SR)   Coul. recip.
    4.14387e+03    1.03617e+04   -6.69774e+02   -9.14209e+04    5.70474e+02
      Potential    Kinetic En.   Total Energy  Conserved En.    Temperature
   -7.56010e+04    1.36199e+04   -6.19811e+04   -5.67841e+04    2.99305e+02
 Pres. DC (bar) Pressure (bar)   Constr. rmsd
   -2.03341e+02   -3.94700e+02    0.00000e+00

           Step           Time
         105000      210.00000

   Energies (kJ/mol)
           Bond          Angle    Proper Dih. Per. Imp. Dih.          LJ-14
    2.11996e+02    5.35025e+02    5.19450e+02    1.99560e+01    2.09998e+02
     Coulomb-14        LJ (SR)  Disper. corr.   Coulomb (SR)   Coul. recip.
    4.12682e+03    1.10683e+04   -6.72110e+02   -9.18478e+04    5.88026e+02
      Potential    Kinetic En.   Total Energy  Conserved En.    Temperature
   -7.52404e+04    1.34612e+04   -6.17792e+04   -5.66758e+04    2.95818e+02
 Pres. DC (bar) Pressure (bar)   Constr. rmsd
   -2.04760e+02    3.14671e+02    0.00000e+00

           Step           Time
         110000      220.00000

   Energies (kJ/mol)
           Bond          Angle    Proper Dih. Per. Imp. Dih.          LJ-14
    1.52612e+02    5.47699e+02    5.39718e+02    2.47944e+01    2.00342e+02
     Coulomb-14        LJ (SR)  Disper. corr.   Coulomb (SR)   Coul. recip.
    4.09966e+03    1.11344e+04   -6.87182e+02   -9.27960e+04    5.39101e+02
      Potential    Kinetic En.   Total Energy  Conserved En.    Temperature
   -7.62448e+04    1.35446e+04   -6.27002e+04   -5.64103e+04    2.97651e+02
 Pres. DC (bar) Pressure (bar)   Constr. rmsd
   -2.14035e+02    4.02232e+02    0.00000e+00

           Step           Time
         115000      230.00000

   Energies (kJ/mol)
           Bond          Angle    Proper Dih. Per. Imp. Dih.          LJ-14
    1.72164e+02    5.17679e+02    5.32945e+02    1.09282e+01    2.13029e+02
     Coulomb-14        LJ (SR)  Disper. corr.   Coulomb (SR)   Coul. recip.
    4.15219e+03    1.07238e+04   -6.69561e+02   -9.14423e+04    5.25336e+02
      Potential    Kinetic En.   Total Energy  Conserved En.    Temperature
   -7.52639e+04    1.36559e+04   -6.16079e+04   -5.62244e+04    3.00097e+02
 Pres. DC (bar) Pressure (bar)   Constr. rmsd
   -2.03212e+02   -1.82754e+02    0.00000e+00

           Step           Time
         120000      240.00000

   Energies (kJ/mol)
           Bond          Angle    Proper Dih. Per. Imp. Dih.          LJ-14
    1.60358e+02    5.53589e+02    5.20451e+02    1.62682e+01    2.15070e+02
     Coulomb-14        LJ (SR)  Disper. corr.   Coulomb (SR)   Coul. recip.
    4.13245e+03    1.07451e+04   -6.79525e+02   -9.19390e+04    6.17481e+02
      Potential    Kinetic En.   Total Energy  Conserved En.    Temperature
   -7.56578e+04    1.36508e+04   -6.20070e+04   -5.60675e+04    2.99984e+02
 Pres. DC (bar) Pressure (bar)   Constr. rmsd
   -2.09298e+02    1.02255e+02    0.00000e+00

           Step           Time
         125000      250.00000

   Energies (kJ/mol)
           Bond          Angle    Proper Dih. Per. Imp. Dih.          LJ-14
    1.68294e+02    5.47176e+02    4.99347e+02    2.67843e+01    2.15468e+02
     Coulomb-14        LJ (SR)  Disper. corr.   Coulomb (SR)   Coul. recip.
    4.16103e+03    1.04954e+04   -6.80860e+02   -9.16370e+04    5.57297e+02
      Potential    Kinetic En.   Total Energy  Conserved En.    Temperature
   -7.56470e+04    1.39092e+04   -6.17378e+04   -5.59021e+04    3.05663e+02
 Pres. DC (bar) Pressure (bar)   Constr. rmsd
   -2.10120e+02   -7.11244e+01    0.00000e+00

           Step           Time
         130000      260.00000

   Energies (kJ/mol)
           Bond          Angle    Proper Dih. Per. Imp. Dih.          LJ-14
    1.55585e+02    5.03086e+02    5.08570e+02    1.38625e+01    2.04959e+02
     Coulomb-14        LJ (SR)  Disper. corr.   Coulomb (SR)   Coul. recip.
    4.14316e+03    1.06520e+04   -6.75665e+02   -9.19556e+04    5.62555e+02
      Potential    Kinetic En.   Total Energy  Conserved En.    Temperature
   -7.58875e+04    1.31107e+04   -6.27768e+04   -5.55888e+04    2.88115e+02
 Pres. DC (bar) Pressure (bar)   Constr. rmsd
   -2.06929e+02   -1.37645e+02    0.00000e+00

           Step           Time
         135000      270.00000

   Energies (kJ/mol)
           Bond          Angle    Proper Dih. Per. Imp. Dih.          LJ-14
    1.40740e+02    5.32189e+02    5.27173e+02    3.72808e+01    2.17054e+02
     Coulomb-14        LJ (SR)  Disper. corr.   Coulomb (SR)   Coul. recip.
    4.11892e+03    1.04436e+04   -6.71718e+02   -9.17457e+04    5.48510e+02
      Potential    Kinetic En.   Total Energy  Conserved En.    Temperature
   -7.58520e+04    1.39127e+04   -6.19393e+04   -5.55186e+04    3.05740e+02
 Pres. DC (bar) Pressure (bar)   Constr. rmsd
   -2.04522e+02   -4.89945e+02    0.00000e+00

           Step           Time
         140000      280.00000

   Energies (kJ/mol)
           Bond          Angle    Proper Dih. Per. Imp. Dih.          LJ-14
    1.95884e+02    5.68590e+02    5.10093e+02    2.35504e+01    2.09150e+02
     Coulomb-14        LJ (SR)  Disper. corr.   Coulomb (SR)   Coul. recip.
    4.15399e+03    1.01837e+04   -6.67660e+02   -9.10941e+04    5.75687e+02
      Potential    Kinetic En.   Total Energy  Conserved En.    Temperature
   -7.53411e+04    1.39636e+04   -6.13776e+04   -5.52292e+04    3.06857e+02
 Pres. DC (bar) Pressure (bar)   Constr. rmsd
   -2.02061e+02   -9.05196e+02    0.00000e+00

           Step           Time
         145000      290.00000

   Energies (kJ/mol)
           Bond          Angle    Proper Dih. Per. Imp. Dih.          LJ-14
    1.59623e+02    5.00096e+02    5.20652e+02    1.91190e+01    2.20559e+02
     Coulomb-14        LJ (SR)  Disper. corr.   Coulomb (SR)   Coul. recip.
    4.16017e+03    1.13627e+04   -6.77484e+02   -9.27733e+04    5.50521e+02
      Potential    Kinetic En.   Total Energy  Conserved En.    Temperature
   -7.59574e+04    1.35693e+04   -6.23881e+04   -5.49447e+04    2.98193e+02
 Pres. DC (bar) Pressure (bar)   Constr. rmsd
   -2.08044e+02    3.31538e+02    0.00000e+00

           Step           Time
         150000      300.00000

   Energies (kJ/mol)
           Bond          Angle    Proper Dih. Per. Imp. Dih.          LJ-14
    1.50119e+02    5.51050e+02    5.27217e+02    1.19715e+01    2.33391e+02
     Coulomb-14        LJ (SR)  Disper. corr.   Coulomb (SR)   Coul. recip.
    4.13569e+03    1.04563e+04   -6.73427e+02   -9.15219e+04    5.59961e+02
      Potential    Kinetic En.   Total Energy  Conserved En.    Temperature
   -7.55696e+04    1.34700e+04   -6.20996e+04   -5.47635e+04    2.96011e+02
 Pres. DC (bar) Pressure (bar)   Constr. rmsd
   -2.05563e+02   -2.84161e+02    0.00000e+00

           Step           Time
         155000      310.00000

   Energies (kJ/mol)
           Bond          Angle    Proper Dih. Per. Imp. Dih.          LJ-14
    1.87056e+02    6.10350e+02    5.14641e+02    1.52675e+01    2.12739e+02
     Coulomb-14        LJ (SR)  Disper. corr.   Coulomb (SR)   Coul. recip.
    4.17674e+03    1.11294e+04   -6.69596e+02   -9.18973e+04    5.48772e+02
      Potential    Kinetic En.   Total Energy  Conserved En.    Temperature
   -7.51720e+04    1.37826e+04   -6.13893e+04   -5.46934e+04    3.02882e+02
 Pres. DC (bar) Pressure (bar)   Constr. rmsd
   -2.03234e+02    4.09212e+02    0.00000e+00

           Step           Time
         160000      320.00000

   Energies (kJ/mol)
           Bond          Angle    Proper Dih. Per. Imp. Dih.          LJ-14
    1.81186e+02    5.83627e+02    5.30108e+02    2.09757e+01    2.13642e+02
     Coulomb-14        LJ (SR)  Disper. corr.   Coulomb (SR)   Coul. recip.
    4.11920e+03    1.01512e+04   -6.67905e+02   -9.09402e+04    6.21721e+02
      Potential    Kinetic En.   Total Energy  Conserved En.    Temperature
   -7.51864e+04    1.38318e+04   -6.13546e+04   -5.45548e+04    3.03961e+02
 Pres. DC (bar) Pressure (bar)   Constr. rmsd
   -2.02209e+02   -9.17403e+02    0.00000e+00

           Step           Time
         165000      330.00000

   Energies (kJ/mol)
           Bond          Angle    Proper Dih. Per. Imp. Dih.          LJ-14
    1.75045e+02    6.27721e+02    5.20593e+02    1.44466e+01    1.98100e+02
     Coulomb-14        LJ (SR)  Disper. corr.   Coulomb (SR)   Coul. recip.
    4.11344e+03    1.08348e+04   -6.75322e+02   -9.20526e+04    5.70093e+02
      Potential    Kinetic En.   Total Energy  Conserved En.    Temperature
   -7.56737e+04    1.36490e+04   -6.20247e+04   -5.43502e+04    2.99945e+02
 Pres. DC (bar) Pressure (bar)   Constr. rmsd
   -2.06720e+02   -1.25753e+02    0.00000e+00

           Step           Time
         170000      340.00000

   Energies (kJ/mol)
           Bond          Angle    Proper Dih. Per. Imp. Dih.          LJ-14
    1.65857e+02    5.73253e+02    4.92768e+02    9.67370e+00    2.05888e+02
     Coulomb-14        LJ (SR)  Disper. corr.   Coulomb (SR)   Coul. recip.
    4.09265e+03    1.12485e+04   -6.74833e+02   -9.26775e+04    5.75031e+02
      Potential    Kinetic En.   Total Energy  Conserved En.    Temperature
   -7.59887e+04    1.35869e+04   -6.24018e+04   -5.42081e+04    2.98579e+02
 Pres. DC (bar) Pressure (bar)   Constr. rmsd
   -2.06421e+02    3.68336e+02    0.00000e+00

           Step           Time
         175000      350.00000

   Energies (kJ/mol)
           Bond          Angle    Proper Dih. Per. Imp. Dih.          LJ-14
    1.44321e+02    6.06016e+02    5.05649e+02    2.48030e+01    2.11584e+02
     Coulomb-14        LJ (SR)  Disper. corr.   Coulomb (SR)   Coul. recip.
    4.13129e+03    1.05305e+04   -6.75012e+02   -9.13379e+04    5.50694e+02
      Potential    Kinetic En.   Total Energy  Conserved En.    Temperature
   -7.53080e+04    1.37032e+04   -6.16049e+04   -5.40134e+04    3.01135e+02
 Pres. DC (bar) Pressure (bar)   Constr. rmsd
   -2.06530e+02   -1.19912e+00    0.00000e+00

           Step           Time
         180000      360.00000

   Energies (kJ/mol)
           Bond          Angle    Proper Dih. Per. Imp. Dih.          LJ-14
    1.68692e+02    6.21657e+02    5.44607e+02    1.35031e+01    1.89906e+02
     Coulomb-14        LJ (SR)  Disper. corr.   Coulomb (SR)   Coul. recip.
    4.13531e+03    1.07917e+04   -6.66943e+02   -9.17009e+04    5.68314e+02
      Potential    Kinetic En.   Total Energy  Conserved En.    Temperature
   -7.53342e+04    1.37373e+04   -6.15969e+04   -5.36467e+04    3.01886e+02
 Pres. DC (bar) Pressure (bar)   Constr. rmsd
   -2.01628e+02   -3.13257e+02    0.00000e+00

           Step           Time
         185000      370.00000

   Energies (kJ/mol)
           Bond          Angle    Proper Dih. Per. Imp. Dih.          LJ-14
    1.62261e+02    6.30831e+02    5.22702e+02    1.60608e+01    1.92256e+02
     Coulomb-14        LJ (SR)  Disper. corr.   Coulomb (SR)   Coul. recip.
    4.13151e+03    1.04973e+04   -6.70358e+02   -9.16431e+04    5.79019e+02
      Potential    Kinetic En.   Total Energy  Conserved En.    Temperature
   -7.55816e+04    1.35447e+04   -6.20369e+04   -5.33617e+04    2.97653e+02
 Pres. DC (bar) Pressure (bar)   Constr. rmsd
   -2.03696e+02   -4.34094e+02    0.00000e+00

           Step           Time
         190000      380.00000

   Energies (kJ/mol)
           Bond          Angle    Proper Dih. Per. Imp. Dih.          LJ-14
    1.89903e+02    5.72500e+02    5.55548e+02    2.18297e+01    2.32005e+02
     Coulomb-14        LJ (SR)  Disper. corr.   Coulomb (SR)   Coul. recip.
    4.13424e+03    1.09148e+04   -6.76115e+02   -9.20725e+04    6.11576e+02
      Potential    Kinetic En.   Total Energy  Conserved En.    Temperature
   -7.55162e+04    1.37716e+04   -6.17445e+04   -5.32830e+04    3.02640e+02
 Pres. DC (bar) Pressure (bar)   Constr. rmsd
   -2.07205e+02    2.21533e+02    0.00000e+00

           Step           Time
         195000      390.00000

   Energies (kJ/mol)
           Bond          Angle    Proper Dih. Per. Imp. Dih.          LJ-14
    1.51154e+02    5.50153e+02    5.15080e+02    1.54808e+01    2.21245e+02
     Coulomb-14        LJ (SR)  Disper. corr.   Coulomb (SR)   Coul. recip.
    4.19720e+03    1.08119e+04   -6.76110e+02   -9.18056e+04    5.37664e+02
      Potential    Kinetic En.   Total Energy  Conserved En.    Temperature
   -7.54818e+04    1.35379e+04   -6.19439e+04   -5.30102e+04    2.97503e+02
 Pres. DC (bar) Pressure (bar)   Constr. rmsd
   -2.07202e+02    3.65374e+02    0.00000e+00

           Step           Time
         200000      400.00000

   Energies (kJ/mol)
           Bond          Angle    Proper Dih. Per. Imp. Dih.          LJ-14
    1.89187e+02    5.57774e+02    5.31544e+02    1.75156e+01    2.29897e+02
     Coulomb-14        LJ (SR)  Disper. corr.   Coulomb (SR)   Coul. recip.
    4.19667e+03    1.02902e+04   -6.67953e+02   -9.08910e+04    5.71116e+02
      Potential    Kinetic En.   Total Energy  Conserved En.    Temperature
   -7.49750e+04    1.36093e+04   -6.13658e+04   -5.28717e+04    2.99071e+02
 Pres. DC (bar) Pressure (bar)   Constr. rmsd
   -2.02238e+02   -3.44686e+02    0.00000e+00

           Step           Time
         205000      410.00000

   Energies (kJ/mol)
           Bond          Angle    Proper Dih. Per. Imp. Dih.          LJ-14
    1.65601e+02    5.00741e+02    5.25869e+02    2.24419e+01    2.05192e+02
     Coulomb-14        LJ (SR)  Disper. corr.   Coulomb (SR)   Coul. recip.
    4.19509e+03    1.03966e+04   -6.69108e+02   -9.12526e+04    5.74666e+02
      Potential    Kinetic En.   Total Energy  Conserved En.    Temperature
   -7.53355e+04    1.34656e+04   -6.18699e+04   -5.26597e+04    2.95914e+02
 Pres. DC (bar) Pressure (bar)   Constr. rmsd
   -2.02938e+02   -3.91235e+02    0.00000e+00

           Step           Time
         210000      420.00000

   Energies (kJ/mol)
           Bond          Angle    Proper Dih. Per. Imp. Dih.          LJ-14
    1.67116e+02    4.91456e+02    5.36839e+02    1.78161e+01    1.91765e+02
     Coulomb-14        LJ (SR)  Disper. corr.   Coulomb (SR)   Coul. recip.
    4.15977e+03    1.01609e+04   -6.61310e+02   -9.10474e+04    5.23838e+02
      Potential    Kinetic En.   Total Energy  Conserved En.    Temperature
   -7.54592e+04    1.35030e+04   -6.19562e+04   -5.25536e+04    2.96736e+02
 Pres. DC (bar) Pressure (bar)   Constr. rmsd
   -1.98241e+02   -7.43894e+02    0.00000e+00

           Step           Time
         215000      430.00000

   Energies (kJ/mol)
           Bond          Angle    Proper Dih. Per. Imp. Dih.          LJ-14
    1.55901e+02    4.85376e+02    5.47325e+02    1.62275e+01    1.87946e+02
     Coulomb-14        LJ (SR)  Disper. corr.   Coulomb (SR)   Coul. recip.
    4.19210e+03    1.10582e+04   -6.72590e+02   -9.24744e+04    5.72221e+02
      Potential    Kinetic En.   Total Energy  Conserved En.    Temperature
   -7.59317e+04    1.36970e+04   -6.22347e+04   -5.24408e+04    3.00999e+02
 Pres. DC (bar) Pressure (bar)   Constr. rmsd
   -2.05053e+02    3.72044e+01    0.00000e+00

           Step           Time
         220000      440.00000

   Energies (kJ/mol)
           Bond          Angle    Proper Dih. Per. Imp. Dih.          LJ-14
    1.59023e+02    5.54620e+02    5.48399e+02    1.65454e+01    2.23976e+02
     Coulomb-14        LJ (SR)  Disper. corr.   Coulomb (SR)   Coul. recip.
    4.16758e+03    1.09032e+04   -6.79034e+02   -9.20614e+04    5.89015e+02
      Potential    Kinetic En.   Total Energy  Conserved En.    Temperature
   -7.55781e+04    1.34817e+04   -6.20964e+04   -5.23425e+04    2.96267e+02
 Pres. DC (bar) Pressure (bar)   Constr. rmsd
   -2.08996e+02    3.44227e+02    0.00000e+00

           Step           Time
         225000      450.00000

   Energies (kJ/mol)
           Bond          Angle    Proper Dih. Per. Imp. Dih.          LJ-14
    1.76802e+02    5.47375e+02    5.21019e+02    2.91547e+01    2.16705e+02
     Coulomb-14        LJ (SR)  Disper. corr.   Coulomb (SR)   Coul. recip.
    4.16760e+03    1.04559e+04   -6.75657e+02   -9.15000e+04    5.80040e+02
      Potential    Kinetic En.   Total Energy  Conserved En.    Temperature
   -7.54811e+04    1.37641e+04   -6.17170e+04   -5.22363e+04    3.02474e+02
 Pres. DC (bar) Pressure (bar)   Constr. rmsd
   -2.06925e+02   -3.91434e+02    0.00000e+00

           Step           Time
         230000      460.00000

   Energies (kJ/mol)
           Bond          Angle    Proper Dih. Per. Imp. Dih.          LJ-14
    1.62938e+02    4.69562e+02    5.40059e+02    4.85745e+00    2.16105e+02
     Coulomb-14        LJ (SR)  Disper. corr.   Coulomb (SR)   Coul. recip.
    4.19496e+03    1.15190e+04   -6.73179e+02   -9.24917e+04    5.83567e+02
      Potential    Kinetic En.   Total Energy  Conserved En.    Temperature
   -7.54738e+04    1.36660e+04   -6.18079e+04   -5.20101e+04    3.00318e+02
 Pres. DC (bar) Pressure (bar)   Constr. rmsd
   -2.05411e+02    7.54732e+02    0.00000e+00

           Step           Time
         235000      470.00000

   Energies (kJ/mol)
           Bond          Angle    Proper Dih. Per. Imp. Dih.          LJ-14
    1.55885e+02    5.73429e+02    5.29281e+02    1.04614e+01    1.93628e+02
     Coulomb-14        LJ (SR)  Disper. corr.   Coulomb (SR)   Coul. recip.
    4.19122e+03    1.05582e+04   -6.70703e+02   -9.15424e+04    5.84167e+02
      Potential    Kinetic En.   Total Energy  Conserved En.    Temperature
   -7.54168e+04    1.37111e+04   -6.17056e+04   -5.17963e+04    3.01310e+02
 Pres. DC (bar) Pressure (bar)   Constr. rmsd
   -2.03905e+02   -3.22191e+02    0.00000e+00

           Step           Time
         240000      480.00000

   Energies (kJ/mol)
           Bond          Angle    Proper Dih. Per. Imp. Dih.          LJ-14
    1.70354e+02    5.31067e+02    5.11455e+02    2.00620e+01    2.20921e+02
     Coulomb-14        LJ (SR)  Disper. corr.   Coulomb (SR)   Coul. recip.
    4.17327e+03    1.13747e+04   -6.83470e+02   -9.27579e+04    5.34843e+02
      Potential    Kinetic En.   Total Energy  Conserved En.    Temperature
   -7.59047e+04    1.35814e+04   -6.23233e+04   -5.17282e+04    2.98460e+02
 Pres. DC (bar) Pressure (bar)   Constr. rmsd
   -2.11732e+02    7.65896e+02    0.00000e+00

           Step           Time
         245000      490.00000

   Energies (kJ/mol)
           Bond          Angle    Proper Dih. Per. Imp. Dih.          LJ-14
    1.54270e+02    4.95352e+02    5.55348e+02    2.57630e+01    2.07336e+02
     Coulomb-14        LJ (SR)  Disper. corr.   Coulomb (SR)   Coul. recip.
    4.17474e+03    1.06714e+04   -6.57081e+02   -9.09731e+04    5.95807e+02
      Potential    Kinetic En.   Total Energy  Conserved En.    Temperature
   -7.47502e+04    1.34644e+04   -6.12857e+04   -5.15133e+04    2.95889e+02
 Pres. DC (bar) Pressure (bar)   Constr. rmsd
   -1.95716e+02   -3.03950e+02    0.00000e+00

           Step           Time
         250000      500.00000

   Energies (kJ/mol)
           Bond          Angle    Proper Dih. Per. Imp. Dih.          LJ-14
    1.95652e+02    5.16348e+02    4.74662e+02    1.81642e+01    2.14318e+02
     Coulomb-14        LJ (SR)  Disper. corr.   Coulomb (SR)   Coul. recip.
    4.12129e+03    1.01341e+04   -6.65002e+02   -9.13733e+04    5.26907e+02
      Potential    Kinetic En.   Total Energy  Conserved En.    Temperature
   -7.58369e+04    1.34528e+04   -6.23841e+04   -5.13809e+04    2.95633e+02
 Pres. DC (bar) Pressure (bar)   Constr. rmsd
   -2.00458e+02   -1.02625e+03    0.00000e+00

           Step           Time
         255000      510.00000

   Energies (kJ/mol)
           Bond          Angle    Proper Dih. Per. Imp. Dih.          LJ-14
    1.58261e+02    5.36179e+02    5.32210e+02    2.76391e+01    2.04999e+02
     Coulomb-14        LJ (SR)  Disper. corr.   Coulomb (SR)   Coul. recip.
    4.14477e+03    1.15926e+04   -6.90731e+02   -9.33349e+04    5.72507e+02
      Potential    Kinetic En.   Total Energy  Conserved En.    Temperature
   -7.62564e+04    1.37316e+04   -6.25248e+04   -5.10838e+04    3.01759e+02
 Pres. DC (bar) Pressure (bar)   Constr. rmsd
   -2.16250e+02    1.04725e+03    0.00000e+00

           Step           Time
         260000      520.00000

   Energies (kJ/mol)
           Bond          Angle    Proper Dih. Per. Imp. Dih.          LJ-14
    1.40732e+02    4.96773e+02    5.20495e+02    3.47232e+01    2.06250e+02
     Coulomb-14        LJ (SR)  Disper. corr.   Coulomb (SR)   Coul. recip.
    4.12878e+03    1.07522e+04   -6.75314e+02   -9.23188e+04    5.60079e+02
      Potential    Kinetic En.   Total Energy  Conserved En.    Temperature
   -7.61541e+04    1.33311e+04   -6.28230e+04   -5.10066e+04    2.92958e+02
 Pres. DC (bar) Pressure (bar)   Constr. rmsd
   -2.06715e+02   -4.46124e+02    0.00000e+00

           Step           Time
         265000      530.00000

   Energies (kJ/mol)
           Bond          Angle    Proper Dih. Per. Imp. Dih.          LJ-14
    1.84268e+02    5.84227e+02    5.17242e+02    1.67628e+01    2.14880e+02
     Coulomb-14        LJ (SR)  Disper. corr.   Coulomb (SR)   Coul. recip.
    4.15122e+03    1.01167e+04   -6.76263e+02   -9.07318e+04    5.62730e+02
      Potential    Kinetic En.   Total Energy  Conserved En.    Temperature
   -7.50601e+04    1.39560e+04   -6.11041e+04   -5.07914e+04    3.06692e+02
 Pres. DC (bar) Pressure (bar)   Constr. rmsd
   -2.07296e+02   -2.20472e+02    0.00000e+00

           Step           Time
         270000      540.00000

   Energies (kJ/mol)
           Bond          Angle    Proper Dih. Per. Imp. Dih.          LJ-14
    1.82485e+02    6.07512e+02    5.15352e+02    1.84978e+01    2.03962e+02
     Coulomb-14        LJ (SR)  Disper. corr.   Coulomb (SR)   Coul. recip.
    4.17246e+03    1.07201e+04   -6.80829e+02   -9.19135e+04    5.23081e+02
      Potential    Kinetic En.   Total Energy  Conserved En.    Temperature
   -7.56509e+04    1.36181e+04   -6.20328e+04   -5.03485e+04    2.99266e+02
 Pres. DC (bar) Pressure (bar)   Constr. rmsd
   -2.10101e+02    1.50208e+02    0.00000e+00

           Step           Time
         275000      550.00000

   Energies (kJ/mol)
           Bond          Angle    Proper Dih. Per. Imp. Dih.          LJ-14
    1.71096e+02    6.14612e+02    5.09208e+02    2.45492e+01    2.18391e+02
     Coulomb-14        LJ (SR)  Disper. corr.   Coulomb (SR)   Coul. recip.
    4.13605e+03    1.10438e+04   -6.76608e+02   -9.20598e+04    5.49868e+02
      Potential    Kinetic En.   Total Energy  Conserved En.    Temperature
   -7.54689e+04    1.37851e+04   -6.16837e+04   -5.02742e+04    3.02936e+02
 Pres. DC (bar) Pressure (bar)   Constr. rmsd
   -2.07507e+02    2.95207e+02    0.00000e+00

           Step           Time
         280000      560.00000

   Energies (kJ/mol)
           Bond          Angle    Proper Dih. Per. Imp. Dih.          LJ-14
    1.63359e+02    5.11187e+02    5.32095e+02    3.61759e+01    2.28752e+02
     Coulomb-14        LJ (SR)  Disper. corr.   Coulomb (SR)   Coul. recip.
    4.16973e+03    1.12683e+04   -6.82826e+02   -9.27572e+04    5.65800e+02
      Potential    Kinetic En.   Total Energy  Conserved En.    Temperature
   -7.59646e+04    1.37391e+04   -6.22254e+04   -5.01277e+04    3.01926e+02
 Pres. DC (bar) Pressure (bar)   Constr. rmsd
   -2.11334e+02    4.68186e+02    0.00000e+00

           Step           Time
         285000      570.00000

   Energies (kJ/mol)
           Bond          Angle    Proper Dih. Per. Imp. Dih.          LJ-14
    1.73771e+02    5.84171e+02    5.21645e+02    1.03941e+01    2.00682e+02
     Coulomb-14        LJ (SR)  Disper. corr.   Coulomb (SR)   Coul. recip.
    4.17216e+03    1.06240e+04   -6.78768e+02   -9.19103e+04    5.32437e+02
      Potential    Kinetic En.   Total Energy  Conserved En.    Temperature
   -7.57698e+04    1.37084e+04   -6.20614e+04   -4.99325e+04    3.01251e+02
 Pres. DC (bar) Pressure (bar)   Constr. rmsd
   -2.08833e+02   -2.71755e+02    0.00000e+00

           Step           Time
         290000      580.00000

   Energies (kJ/mol)
           Bond          Angle    Proper Dih. Per. Imp. Dih.          LJ-14
    1.66496e+02    4.99912e+02    5.12744e+02    1.11261e+01    2.09733e+02
     Coulomb-14        LJ (SR)  Disper. corr.   Coulomb (SR)   Coul. recip.
    4.18520e+03    1.10763e+04   -6.73831e+02   -9.23345e+04    5.83210e+02
      Potential    Kinetic En.   Total Energy  Conserved En.    Temperature
   -7.57636e+04    1.38068e+04   -6.19567e+04   -4.98265e+04    3.03413e+02
 Pres. DC (bar) Pressure (bar)   Constr. rmsd
   -2.05809e+02    2.54273e+02    0.00000e+00

           Step           Time
         295000      590.00000

   Energies (kJ/mol)
           Bond          Angle    Proper Dih. Per. Imp. Dih.          LJ-14
    1.93079e+02    5.84341e+02    5.17301e+02    1.77026e+01    2.08751e+02
     Coulomb-14        LJ (SR)  Disper. corr.   Coulomb (SR)   Coul. recip.
    4.19093e+03    1.09840e+04   -6.80265e+02   -9.22322e+04    5.54194e+02
      Potential    Kinetic En.   Total Energy  Conserved En.    Temperature
   -7.56622e+04    1.37671e+04   -6.18951e+04   -4.96513e+04    3.02539e+02
 Pres. DC (bar) Pressure (bar)   Constr. rmsd
   -2.09753e+02    2.76906e+02    0.00000e+00

           Step           Time
         300000      600.00000

   Energies (kJ/mol)
           Bond          Angle    Proper Dih. Per. Imp. Dih.          LJ-14
    1.87909e+02    5.52732e+02    5.34948e+02    1.42907e+01    2.05009e+02
     Coulomb-14        LJ (SR)  Disper. corr.   Coulomb (SR)   Coul. recip.
    4.17511e+03    1.05850e+04   -6.73964e+02   -9.16281e+04    5.77957e+02
      Potential    Kinetic En.   Total Energy  Conserved En.    Temperature
   -7.54691e+04    1.36018e+04   -6.18673e+04   -4.94998e+04    2.98907e+02
 Pres. DC (bar) Pressure (bar)   Constr. rmsd
   -2.05890e+02   -3.55370e+02    0.00000e+00

           Step           Time
         305000      610.00000

   Energies (kJ/mol)
           Bond          Angle    Proper Dih. Per. Imp. Dih.          LJ-14
    2.04847e+02    5.51033e+02    4.95983e+02    2.78799e+01    1.87781e+02
     Coulomb-14        LJ (SR)  Disper. corr.   Coulomb (SR)   Coul. recip.
    4.18638e+03    1.06434e+04   -6.84385e+02   -9.20833e+04    5.76286e+02
      Potential    Kinetic En.   Total Energy  Conserved En.    Temperature
   -7.58941e+04    1.34806e+04   -6.24135e+04   -4.93650e+04    2.96244e+02
 Pres. DC (bar) Pressure (bar)   Constr. rmsd
   -2.12299e+02   -3.10610e+02    0.00000e+00

           Step           Time
         310000      620.00000

   Energies (kJ/mol)
           Bond          Angle    Proper Dih. Per. Imp. Dih.          LJ-14
    1.38400e+02    5.39085e+02    5.30485e+02    1.84361e+01    1.97473e+02
     Coulomb-14        LJ (SR)  Disper. corr.   Coulomb (SR)   Coul. recip.
    4.12092e+03    1.04659e+04   -6.70733e+02   -9.17300e+04    5.32721e+02
      Potential    Kinetic En.   Total Energy  Conserved En.    Temperature
   -7.58573e+04    1.35652e+04   -6.22922e+04   -4.90876e+04    2.98102e+02
 Pres. DC (bar) Pressure (bar)   Constr. rmsd
   -2.03923e+02   -5.92478e+02    0.00000e+00

           Step           Time
         315000      630.00000

   Energies (kJ/mol)
           Bond          Angle    Proper Dih. Per. Imp. Dih.          LJ-14
    1.31546e+02    5.37121e+02    5.13859e+02    2.82621e+01    2.20964e+02
     Coulomb-14        LJ (SR)  Disper. corr.   Coulomb (SR)   Coul. recip.
    4.19483e+03    1.03437e+04   -6.61525e+02   -9.10153e+04    5.43003e+02
      Potential    Kinetic En.   Total Energy  Conserved En.    Temperature
   -7.51636e+04    1.35079e+04   -6.16557e+04   -4.89457e+04    2.96843e+02
 Pres. DC (bar) Pressure (bar)   Constr. rmsd
   -1.98370e+02   -6.05359e+02    0.00000e+00

           Step           Time
         320000      640.00000

   Energies (kJ/mol)
           Bond          Angle    Proper Dih. Per. Imp. Dih.          LJ-14
    1.85910e+02    5.44193e+02    5.19508e+02    1.16262e+01    2.05235e+02
     Coulomb-14        LJ (SR)  Disper. corr.   Coulomb (SR)   Coul. recip.
    4.18434e+03    1.06876e+04   -6.82507e+02   -9.19198e+04    5.21408e+02
      Potential    Kinetic En.   Total Energy  Conserved En.    Temperature
   -7.57425e+04    1.34962e+04   -6.22463e+04   -4.88349e+04    2.96587e+02
 Pres. DC (bar) Pressure (bar)   Constr. rmsd
   -2.11137e+02   -4.20630e+01    0.00000e+00

           Step           Time
         325000      650.00000

   Energies (kJ/mol)
           Bond          Angle    Proper Dih. Per. Imp. Dih.          LJ-14
    1.50046e+02    4.44217e+02    5.29616e+02    1.99433e+01    2.15302e+02
     Coulomb-14        LJ (SR)  Disper. corr.   Coulomb (SR)   Coul. recip.
    4.23691e+03    1.02710e+04   -6.51626e+02   -9.10569e+04    5.71703e+02
      Potential    Kinetic En.   Total Energy  Conserved En.    Temperature
   -7.52698e+04    1.34932e+04   -6.17767e+04   -4.86722e+04    2.96520e+02
 Pres. DC (bar) Pressure (bar)   Constr. rmsd
   -1.92484e+02   -7.40779e+02    0.00000e+00

           Step           Time
         330000      660.00000

   Energies (kJ/mol)
           Bond          Angle    Proper Dih. Per. Imp. Dih.          LJ-14
    1.61292e+02    5.39119e+02    5.04710e+02    1.18720e+01    2.03310e+02
     Coulomb-14        LJ (SR)  Disper. corr.   Coulomb (SR)   Coul. recip.
    4.14940e+03    1.12203e+04   -6.83868e+02   -9.29699e+04    5.80634e+02
      Potential    Kinetic En.   Total Energy  Conserved En.    Temperature
   -7.62831e+04    1.35437e+04   -6.27393e+04   -4.81905e+04    2.97631e+02
 Pres. DC (bar) Pressure (bar)   Constr. rmsd
   -2.11978e+02    4.77995e+02    0.00000e+00

           Step           Time
         335000      670.00000

   Energies (kJ/mol)
           Bond          Angle    Proper Dih. Per. Imp. Dih.          LJ-14
    1.72615e+02    5.99204e+02    5.04204e+02    2.09194e+01    2.18061e+02
     Coulomb-14        LJ (SR)  Disper. corr.   Coulomb (SR)   Coul. recip.
    4.20501e+03    1.11209e+04   -6.79478e+02   -9.20635e+04    5.63002e+02
      Potential    Kinetic En.   Total Energy  Conserved En.    Temperature
   -7.53391e+04    1.39935e+04   -6.13455e+04   -4.80386e+04    3.07516e+02
 Pres. DC (bar) Pressure (bar)   Constr. rmsd
   -2.09269e+02    5.63607e+02    0.00000e+00

           Step           Time
         340000      680.00000

   Energies (kJ/mol)
           Bond          Angle    Proper Dih. Per. Imp. Dih.          LJ-14
    2.18480e+02    5.50217e+02    5.13233e+02    2.17768e+01    2.03887e+02
     Coulomb-14        LJ (SR)  Disper. corr.   Coulomb (SR)   Coul. recip.
    4.15662e+03    1.05326e+04   -6.74674e+02   -9.21042e+04    5.95846e+02
      Potential    Kinetic En.   Total Energy  Conserved En.    Temperature
   -7.59863e+04    1.35748e+04   -6.24115e+04   -4.78865e+04    2.98314e+02
 Pres. DC (bar) Pressure (bar)   Constr. rmsd
   -2.06324e+02   -7.32573e+02    0.00000e+00

           Step           Time
         345000      690.00000

   Energies (kJ/mol)
           Bond          Angle    Proper Dih. Per. Imp. Dih.          LJ-14
    1.70113e+02    5.28410e+02    5.08309e+02    2.28737e+01    2.24509e+02
     Coulomb-14        LJ (SR)  Disper. corr.   Coulomb (SR)   Coul. recip.
    4.24233e+03    1.05427e+04   -6.73911e+02   -9.17341e+04    5.52825e+02
      Potential    Kinetic En.   Total Energy  Conserved En.    Temperature
   -7.56159e+04    1.35340e+04   -6.20820e+04   -4.76601e+04    2.97417e+02
 Pres. DC (bar) Pressure (bar)   Constr. rmsd
   -2.05858e+02   -1.15300e+02    0.00000e+00

           Step           Time
         350000      700.00000

   Energies (kJ/mol)
           Bond          Angle    Proper Dih. Per. Imp. Dih.          LJ-14
    1.43143e+02    5.79924e+02    5.40804e+02    9.51017e+00    2.20179e+02
     Coulomb-14        LJ (SR)  Disper. corr.   Coulomb (SR)   Coul. recip.
    4.15312e+03    1.12420e+04   -6.67253e+02   -9.22194e+04    5.60084e+02
      Potential    Kinetic En.   Total Energy  Conserved En.    Temperature
   -7.54379e+04    1.38343e+04   -6.16036e+04   -4.74188e+04    3.04016e+02
 Pres. DC (bar) Pressure (bar)   Constr. rmsd
   -2.01815e+02    4.42296e+02    0.00000e+00

           Step           Time
         355000      710.00000

   Energies (kJ/mol)
           Bond          Angle    Proper Dih. Per. Imp. Dih.          LJ-14
    1.53295e+02    5.08841e+02    5.36139e+02    2.09996e+01    2.21798e+02
     Coulomb-14        LJ (SR)  Disper. corr.   Coulomb (SR)   Coul. recip.
    4.14968e+03    1.04334e+04   -6.65208e+02   -9.13190e+04    5.47749e+02
      Potential    Kinetic En.   Total Energy  Conserved En.    Temperature
   -7.54123e+04    1.36597e+04   -6.17526e+04   -4.72533e+04    3.00180e+02
 Pres. DC (bar) Pressure (bar)   Constr. rmsd
   -2.00581e+02   -3.78379e+02    0.00000e+00

           Step           Time
         360000      720.00000

   Energies (kJ/mol)
           Bond          Angle    Proper Dih. Per. Imp. Dih.          LJ-14
    1.40634e+02    5.51346e+02    5.26293e+02    2.38297e+01    2.21054e+02
     Coulomb-14        LJ (SR)  Disper. corr.   Coulomb (SR)   Coul. recip.
    4.12143e+03    1.06426e+04   -6.68675e+02   -9.17284e+04    5.85176e+02
      Potential    Kinetic En.   Total Energy  Conserved En.    Temperature
   -7.55846e+04    1.35903e+04   -6.19943e+04   -4.69612e+04    2.98656e+02
 Pres. DC (bar) Pressure (bar)   Constr. rmsd
   -2.02675e+02   -3.52616e+02    0.00000e+00

           Step           Time
         365000      730.00000

   Energies (kJ/mol)
           Bond          Angle    Proper Dih. Per. Imp. Dih.          LJ-14
    2.03627e+02    5.28894e+02    5.23985e+02    1.65278e+01    2.25436e+02
     Coulomb-14        LJ (SR)  Disper. corr.   Coulomb (SR)   Coul. recip.
    4.18562e+03    1.08213e+04   -6.58437e+02   -9.17039e+04    5.97047e+02
      Potential    Kinetic En.   Total Energy  Conserved En.    Temperature
   -7.52599e+04    1.37212e+04   -6.15387e+04   -4.69185e+04    3.01530e+02
 Pres. DC (bar) Pressure (bar)   Constr. rmsd
   -1.96524e+02   -3.68948e+02    0.00000e+00

           Step           Time
         370000      740.00000

   Energies (kJ/mol)
           Bond          Angle    Proper Dih. Per. Imp. Dih.          LJ-14
    2.00827e+02    6.07823e+02    5.16254e+02    2.60772e+01    1.91591e+02
     Coulomb-14        LJ (SR)  Disper. corr.   Coulomb (SR)   Coul. recip.
    4.18709e+03    1.11079e+04   -6.68003e+02   -9.19966e+04    5.62651e+02
      Potential    Kinetic En.   Total Energy  Conserved En.    Temperature
   -7.52644e+04    1.38215e+04   -6.14429e+04   -4.67616e+04    3.03734e+02
 Pres. DC (bar) Pressure (bar)   Constr. rmsd
   -2.02268e+02    1.62083e+02    0.00000e+00

           Step           Time
         375000      750.00000

   Energies (kJ/mol)
           Bond          Angle    Proper Dih. Per. Imp. Dih.          LJ-14
    1.83223e+02    5.47484e+02    5.18288e+02    2.12138e+01    2.03551e+02
     Coulomb-14        LJ (SR)  Disper. corr.   Coulomb (SR)   Coul. recip.
    4.16177e+03    1.13815e+04   -6.88664e+02   -9.29710e+04    5.63838e+02
      Potential    Kinetic En.   Total Energy  Conserved En.    Temperature
   -7.60789e+04    1.34639e+04   -6.26149e+04   -4.66109e+04    2.95878e+02
 Pres. DC (bar) Pressure (bar)   Constr. rmsd
   -2.14959e+02    5.11224e+02    0.00000e+00

           Step           Time
         380000      760.00000

   Energies (kJ/mol)
           Bond          Angle    Proper Dih. Per. Imp. Dih.          LJ-14
    1.23733e+02    4.57604e+02    5.39950e+02    1.20967e+01    2.11376e+02
     Coulomb-14        LJ (SR)  Disper. corr.   Coulomb (SR)   Coul. recip.
    4.17075e+03    1.11968e+04   -6.72783e+02   -9.30219e+04    5.51945e+02
      Potential    Kinetic En.   Total Energy  Conserved En.    Temperature
   -7.64305e+04    1.34972e+04   -6.29332e+04   -4.65388e+04    2.96610e+02
 Pres. DC (bar) Pressure (bar)   Constr. rmsd
   -2.05170e+02    8.12152e+00    0.00000e+00

           Step           Time
         385000      770.00000

   Energies (kJ/mol)
           Bond          Angle    Proper Dih. Per. Imp. Dih.          LJ-14
    1.69882e+02    6.06299e+02    5.18384e+02    2.35683e+01    2.17404e+02
     Coulomb-14        LJ (SR)  Disper. corr.   Coulomb (SR)   Coul. recip.
    4.07910e+03    1.10249e+04   -6.73419e+02   -9.23418e+04    5.69740e+02
      Potential    Kinetic En.   Total Energy  Conserved En.    Temperature
   -7.58060e+04    1.35800e+04   -6.22260e+04   -4.63413e+04    2.98429e+02
 Pres. DC (bar) Pressure (bar)   Constr. rmsd
   -2.05558e+02    1.34647e+02    0.00000e+00

           Step           Time
         390000      780.00000

   Energies (kJ/mol)
           Bond          Angle    Proper Dih. Per. Imp. Dih.          LJ-14
    1.86203e+02    5.35345e+02    5.18076e+02    2.75890e+01    2.26193e+02
     Coulomb-14        LJ (SR)  Disper. corr.   Coulomb (SR)   Coul. recip.
    4.15828e+03    1.07180e+04   -6.81014e+02   -9.19141e+04    5.45042e+02
      Potential    Kinetic En.   Total Energy  Conserved En.    Temperature
   -7.56804e+04    1.38529e+04   -6.18275e+04   -4.61392e+04    3.04425e+02
 Pres. DC (bar) Pressure (bar)   Constr. rmsd
   -2.10215e+02    2.23498e+01    0.00000e+00

           Step           Time
         395000      790.00000

   Energies (kJ/mol)
           Bond          Angle    Proper Dih. Per. Imp. Dih.          LJ-14
    1.91764e+02    5.93508e+02    5.57039e+02    1.66560e+01    2.03957e+02
     Coulomb-14        LJ (SR)  Disper. corr.   Coulomb (SR)   Coul. recip.
    4.20639e+03    1.07971e+04   -6.85167e+02   -9.20875e+04    5.71861e+02
      Potential    Kinetic En.   Total Energy  Conserved En.    Temperature
   -7.56344e+04    1.37446e+04   -6.18897e+04   -4.60813e+04    3.02046e+02
 Pres. DC (bar) Pressure (bar)   Constr. rmsd
   -2.12784e+02    7.85097e+01    0.00000e+00

           Step           Time
         400000      800.00000

   Energies (kJ/mol)
           Bond          Angle    Proper Dih. Per. Imp. Dih.          LJ-14
    1.54962e+02    5.81488e+02    5.26527e+02    1.73120e+01    2.08662e+02
     Coulomb-14        LJ (SR)  Disper. corr.   Coulomb (SR)   Coul. recip.
    4.11442e+03    1.00307e+04   -6.59180e+02   -9.08625e+04    5.49931e+02
      Potential    Kinetic En.   Total Energy  Conserved En.    Temperature
   -7.53377e+04    1.35532e+04   -6.17844e+04   -4.59845e+04    2.97840e+02
 Pres. DC (bar) Pressure (bar)   Constr. rmsd
   -1.96967e+02   -1.09292e+03    0.00000e+00

           Step           Time
         405000      810.00000

   Energies (kJ/mol)
           Bond          Angle    Proper Dih. Per. Imp. Dih.          LJ-14
    1.60891e+02    5.58521e+02    5.06386e+02    1.37845e+01    2.18973e+02
     Coulomb-14        LJ (SR)  Disper. corr.   Coulomb (SR)   Coul. recip.
    4.12627e+03    1.11939e+04   -6.80377e+02   -9.22262e+04    5.79390e+02
      Potential    Kinetic En.   Total Energy  Conserved En.    Temperature
   -7.55484e+04    1.36396e+04   -6.19088e+04   -4.57459e+04    2.99738e+02
 Pres. DC (bar) Pressure (bar)   Constr. rmsd
   -2.09822e+02    6.05366e+02    0.00000e+00

           Step           Time
         410000      820.00000

   Energies (kJ/mol)
           Bond          Angle    Proper Dih. Per. Imp. Dih.          LJ-14
    1.66374e+02    5.62635e+02    5.32014e+02    2.04768e+01    1.95128e+02
     Coulomb-14        LJ (SR)  Disper. corr.   Coulomb (SR)   Coul. recip.
    4.14352e+03    1.06188e+04   -6.80180e+02   -9.15810e+04    5.54676e+02
      Potential    Kinetic En.   Total Energy  Conserved En.    Temperature
   -7.54675e+04    1.37978e+04   -6.16697e+04   -4.55399e+04    3.03214e+02
 Pres. DC (bar) Pressure (bar)   Constr. rmsd
   -2.09701e+02   -2.68437e+02    0.00000e+00

           Step           Time
         415000      830.00000

   Energies (kJ/mol)
           Bond          Angle    Proper Dih. Per. Imp. Dih.          LJ-14
    1.97057e+02    5.44776e+02    5.29625e+02    3.50244e+01    2.14299e+02
     Coulomb-14        LJ (SR)  Disper. corr.   Coulomb (SR)   Coul. recip.
    4.14722e+03    1.10854e+04   -6.70562e+02   -9.19731e+04    5.81164e+02
      Potential    Kinetic En.   Total Energy  Conserved En.    Temperature
   -7.53091e+04    1.36843e+04   -6.16248e+04   -4.53944e+04    3.00720e+02
 Pres. DC (bar) Pressure (bar)   Constr. rmsd
   -2.03820e+02    1.11430e+02    0.00000e+00

           Step           Time
         420000      840.00000

   Energies (kJ/mol)
           Bond          Angle    Proper Dih. Per. Imp. Dih.          LJ-14
    1.67458e+02    5.50289e+02    5.21310e+02    1.41610e+01    2.25393e+02
     Coulomb-14        LJ (SR)  Disper. corr.   Coulomb (SR)   Coul. recip.
    4.17727e+03    1.08380e+04   -6.71319e+02   -9.18226e+04    5.85532e+02
      Potential    Kinetic En.   Total Energy  Conserved En.    Temperature
   -7.54145e+04    1.37554e+04   -6.16591e+04   -4.52677e+04    3.02284e+02
 Pres. DC (bar) Pressure (bar)   Constr. rmsd
   -2.04279e+02    7.97921e+01    0.00000e+00

           Step           Time
         425000      850.00000

   Energies (kJ/mol)
           Bond          Angle    Proper Dih. Per. Imp. Dih.          LJ-14
    1.75704e+02    5.24551e+02    5.44343e+02    1.11389e+01    2.29800e+02
     Coulomb-14        LJ (SR)  Disper. corr.   Coulomb (SR)   Coul. recip.
    4.19734e+03    1.09353e+04   -6.84156e+02   -9.28756e+04    5.52431e+02
      Potential    Kinetic En.   Total Energy  Conserved En.    Temperature
   -7.63891e+04    1.38929e+04   -6.24962e+04   -4.50856e+04    3.05304e+02
 Pres. DC (bar) Pressure (bar)   Constr. rmsd
   -2.12157e+02   -2.10431e+01    0.00000e+00

           Step           Time
         430000      860.00000

   Energies (kJ/mol)
           Bond          Angle    Proper Dih. Per. Imp. Dih.          LJ-14
    1.69922e+02    5.39003e+02    5.30688e+02    2.12560e+01    1.94543e+02
     Coulomb-14        LJ (SR)  Disper. corr.   Coulomb (SR)   Coul. recip.
    4.11219e+03    1.03852e+04   -6.58142e+02   -9.11391e+04    5.77725e+02
      Potential    Kinetic En.   Total Energy  Conserved En.    Temperature
   -7.52667e+04    1.38361e+04   -6.14306e+04   -4.49316e+04    3.04055e+02
 Pres. DC (bar) Pressure (bar)   Constr. rmsd
   -1.96348e+02   -9.83689e+02    0.00000e+00

           Step           Time
         435000      870.00000

   Energies (kJ/mol)
           Bond          Angle    Proper Dih. Per. Imp. Dih.          LJ-14
    1.99132e+02    5.17394e+02    5.30230e+02    2.24903e+01    2.03075e+02
     Coulomb-14        LJ (SR)  Disper. corr.   Coulomb (SR)   Coul. recip.
    4.17364e+03    1.06941e+04   -6.58323e+02   -9.12689e+04    5.62762e+02
      Potential    Kinetic En.   Total Energy  Conserved En.    Temperature
   -7.50244e+04    1.37662e+04   -6.12581e+04   -4.45266e+04    3.02521e+02
 Pres. DC (bar) Pressure (bar)   Constr. rmsd
   -1.96456e+02   -3.36021e+02    0.00000e+00

           Step           Time
         440000      880.00000

   Energies (kJ/mol)
           Bond          Angle    Proper Dih. Per. Imp. Dih.          LJ-14
    1.74062e+02    5.98012e+02    5.42606e+02    1.91941e+01    1.90031e+02
     Coulomb-14        LJ (SR)  Disper. corr.   Coulomb (SR)   Coul. recip.
    4.18202e+03    1.05111e+04   -6.54427e+02   -9.11601e+04    5.38076e+02
      Potential    Kinetic En.   Total Energy  Conserved En.    Temperature
   -7.50595e+04    1.36567e+04   -6.14028e+04   -4.43548e+04    3.00114e+02
 Pres. DC (bar) Pressure (bar)   Constr. rmsd
   -1.94141e+02   -6.11164e+02    0.00000e+00

           Step           Time
         445000      890.00000

   Energies (kJ/mol)
           Bond          Angle    Proper Dih. Per. Imp. Dih.          LJ-14
    1.91168e+02    5.76405e+02    5.46485e+02    1.98940e+01    2.29609e+02
     Coulomb-14        LJ (SR)  Disper. corr.   Coulomb (SR)   Coul. recip.
    4.20057e+03    1.06436e+04   -6.69150e+02   -9.18153e+04    5.99020e+02
      Potential    Kinetic En.   Total Energy  Conserved En.    Temperature
   -7.54777e+04    1.37518e+04   -6.17259e+04   -4.43011e+04    3.02203e+02
 Pres. DC (bar) Pressure (bar)   Constr. rmsd
   -2.02963e+02   -3.38315e+02    0.00000e+00

           Step           Time
         450000      900.00000

   Energies (kJ/mol)
           Bond          Angle    Proper Dih. Per. Imp. Dih.          LJ-14
    2.09749e+02    5.71447e+02    5.15960e+02    2.20720e+01    2.04686e+02
     Coulomb-14        LJ (SR)  Disper. corr.   Coulomb (SR)   Coul. recip.
    4.16998e+03    1.06169e+04   -6.63143e+02   -9.14954e+04    5.48230e+02
      Potential    Kinetic En.   Total Energy  Conserved En.    Temperature
   -7.52995e+04    1.37991e+04   -6.15004e+04   -4.41946e+04    3.03244e+02
 Pres. DC (bar) Pressure (bar)   Constr. rmsd
   -1.99340e+02   -6.51081e+02    0.00000e+00

           Step           Time
         455000      910.00000

   Energies (kJ/mol)
           Bond          Angle    Proper Dih. Per. Imp. Dih.          LJ-14
    1.74201e+02    5.22311e+02    5.18165e+02    1.89714e+01    1.97124e+02
     Coulomb-14        LJ (SR)  Disper. corr.   Coulomb (SR)   Coul. recip.
    4.17304e+03    1.09821e+04   -6.75027e+02   -9.25284e+04    5.59440e+02
      Potential    Kinetic En.   Total Energy  Conserved En.    Temperature
   -7.60581e+04    1.34303e+04   -6.26278e+04   -4.38861e+04    2.95139e+02
 Pres. DC (bar) Pressure (bar)   Constr. rmsd
   -2.06539e+02    6.38480e+01    0.00000e+00

           Step           Time
         460000      920.00000

   Energies (kJ/mol)
           Bond          Angle    Proper Dih. Per. Imp. Dih.          LJ-14
    1.82798e+02    5.57607e+02    5.36566e+02    1.47620e+01    2.25090e+02
     Coulomb-14        LJ (SR)  Disper. corr.   Coulomb (SR)   Coul. recip.
    4.18899e+03    1.09255e+04   -6.82150e+02   -9.23036e+04    5.29397e+02
      Potential    Kinetic En.   Total Energy  Conserved En.    Temperature
   -7.58250e+04    1.35592e+04   -6.22658e+04   -4.37896e+04    2.97972e+02
 Pres. DC (bar) Pressure (bar)   Constr. rmsd
   -2.10916e+02    1.60115e+02    0.00000e+00

           Step           Time
         465000      930.00000

   Energies (kJ/mol)
           Bond          Angle    Proper Dih. Per. Imp. Dih.          LJ-14
    1.78928e+02    6.17773e+02    5.05887e+02    2.67539e+01    1.97994e+02
     Coulomb-14        LJ (SR)  Disper. corr.   Coulomb (SR)   Coul. recip.
    4.19056e+03    1.06781e+04   -6.69414e+02   -9.14861e+04    5.39150e+02
      Potential    Kinetic En.   Total Energy  Conserved En.    Temperature
   -7.52204e+04    1.41659e+04   -6.10545e+04   -4.37427e+04    3.11304e+02
 Pres. DC (bar) Pressure (bar)   Constr. rmsd
   -2.03123e+02   -3.19283e+01    0.00000e+00

           Step           Time
         470000      940.00000

   Energies (kJ/mol)
           Bond          Angle    Proper Dih. Per. Imp. Dih.          LJ-14
    1.48635e+02    5.64099e+02    5.10914e+02    1.55192e+01    2.20424e+02
     Coulomb-14        LJ (SR)  Disper. corr.   Coulomb (SR)   Coul. recip.
    4.15755e+03    1.11019e+04   -6.67359e+02   -9.22600e+04    5.66490e+02
      Potential    Kinetic En.   Total Energy  Conserved En.    Temperature
   -7.56418e+04    1.36552e+04   -6.19866e+04   -4.35314e+04    3.00081e+02
 Pres. DC (bar) Pressure (bar)   Constr. rmsd
   -2.01880e+02    5.98815e+01    0.00000e+00

           Step           Time
         475000      950.00000

   Energies (kJ/mol)
           Bond          Angle    Proper Dih. Per. Imp. Dih.          LJ-14
    1.58480e+02    5.50718e+02    5.25943e+02    2.79012e+01    2.14433e+02
     Coulomb-14        LJ (SR)  Disper. corr.   Coulomb (SR)   Coul. recip.
    4.13052e+03    1.08881e+04   -6.70582e+02   -9.20520e+04    6.05871e+02
      Potential    Kinetic En.   Total Energy  Conserved En.    Temperature
   -7.56206e+04    1.38216e+04   -6.17990e+04   -4.33112e+04    3.03737e+02
 Pres. DC (bar) Pressure (bar)   Constr. rmsd
   -2.03832e+02    1.85985e+02    0.00000e+00

           Step           Time
         480000      960.00000

   Energies (kJ/mol)
           Bond          Angle    Proper Dih. Per. Imp. Dih.          LJ-14
    1.95055e+02    6.12293e+02    5.19884e+02    1.42660e+01    2.04239e+02
     Coulomb-14        LJ (SR)  Disper. corr.   Coulomb (SR)   Coul. recip.
    4.15568e+03    1.10644e+04   -6.77124e+02   -9.21791e+04    5.84096e+02
      Potential    Kinetic En.   Total Energy  Conserved En.    Temperature
   -7.55064e+04    1.38261e+04   -6.16802e+04   -4.31536e+04    3.03838e+02
 Pres. DC (bar) Pressure (bar)   Constr. rmsd
   -2.07823e+02    3.09276e+02    0.00000e+00

           Step           Time
         485000      970.00000

   Energies (kJ/mol)
           Bond          Angle    Proper Dih. Per. Imp. Dih.          LJ-14
    1.47054e+02    5.79120e+02    4.95818e+02    1.62231e+01    2.11902e+02
     Coulomb-14        LJ (SR)  Disper. corr.   Coulomb (SR)   Coul. recip.
    4.16971e+03    1.03559e+04   -6.63600e+02   -9.11122e+04    5.73461e+02
      Potential    Kinetic En.   Total Energy  Conserved En.    Temperature
   -7.52266e+04    1.35859e+04   -6.16407e+04   -4.27761e+04    2.98558e+02
 Pres. DC (bar) Pressure (bar)   Constr. rmsd
   -1.99614e+02   -4.90526e+02    0.00000e+00

           Step           Time
         490000      980.00000

   Energies (kJ/mol)
           Bond          Angle    Proper Dih. Per. Imp. Dih.          LJ-14
    1.58609e+02    5.14755e+02    4.91095e+02    2.74216e+01    2.16966e+02
     Coulomb-14        LJ (SR)  Disper. corr.   Coulomb (SR)   Coul. recip.
    4.11020e+03    1.10972e+04   -6.78441e+02   -9.23043e+04    5.43553e+02
      Potential    Kinetic En.   Total Energy  Conserved En.    Temperature
   -7.58229e+04    1.35988e+04   -6.22241e+04   -4.24402e+04    2.98842e+02
 Pres. DC (bar) Pressure (bar)   Constr. rmsd
   -2.08632e+02    4.79951e+02    0.00000e+00

           Step           Time
         495000      990.00000

   Energies (kJ/mol)
           Bond          Angle    Proper Dih. Per. Imp. Dih.          LJ-14
    1.39343e+02    5.83522e+02    4.94726e+02    1.02240e+01    2.24898e+02
     Coulomb-14        LJ (SR)  Disper. corr.   Coulomb (SR)   Coul. recip.
    4.13250e+03    1.08821e+04   -6.71090e+02   -9.17266e+04    5.61509e+02
      Potential    Kinetic En.   Total Energy  Conserved En.    Temperature
   -7.53688e+04    1.35176e+04   -6.18513e+04   -4.22911e+04    2.97056e+02
 Pres. DC (bar) Pressure (bar)   Constr. rmsd
   -2.04140e+02    3.26506e+02    0.00000e+00

           Step           Time
         500000     1000.00000

Writing checkpoint, step 500000 at Fri Apr  7 15:13:32 2023


   Energies (kJ/mol)
           Bond          Angle    Proper Dih. Per. Imp. Dih.          LJ-14
    1.80463e+02    5.87427e+02    5.17570e+02    1.37858e+01    2.10350e+02
     Coulomb-14        LJ (SR)  Disper. corr.   Coulomb (SR)   Coul. recip.
    4.19799e+03    1.07779e+04   -6.74656e+02   -9.20476e+04    5.45410e+02
      Potential    Kinetic En.   Total Energy  Conserved En.    Temperature
   -7.56914e+04    1.35257e+04   -6.21657e+04   -4.20765e+04    2.97235e+02
 Pres. DC (bar) Pressure (bar)   Constr. rmsd
   -2.06313e+02    8.76169e+01    0.00000e+00


Energy conservation over simulation part #1 of length 1000 ps, time 0 to 1000 ps
  Conserved energy drift: 3.57e-03 kJ/mol/ps per atom


	<======  ###############  ==>
	<====  A V E R A G E S  ====>
	<==  ###############  ======>

	Statistics over 500001 steps using 5001 frames

   Energies (kJ/mol)
           Bond          Angle    Proper Dih. Per. Imp. Dih.          LJ-14
    1.64719e+02    5.51268e+02    5.24959e+02    1.98836e+01    2.11998e+02
     Coulomb-14        LJ (SR)  Disper. corr.   Coulomb (SR)   Coul. recip.
    4.16155e+03    1.08194e+04   -6.73332e+02   -9.19302e+04    5.65278e+02
      Potential    Kinetic En.   Total Energy  Conserved En.    Temperature
   -7.55844e+04    1.36567e+04   -6.19277e+04   -5.14212e+04    3.00115e+02
 Pres. DC (bar) Pressure (bar)   Constr. rmsd
   -2.05534e+02    6.36844e+00    0.00000e+00

          Box-X          Box-Y          Box-Z
    4.25512e+00    4.25512e+00    3.00882e+00

   Total Virial (kJ/mol)
    4.54057e+03    5.51532e+00    1.24124e+01
    5.51515e+00    4.54915e+03    2.20469e+00
    1.24125e+01    2.20474e+00    4.55035e+03

   Pressure (bar)
    6.78532e+00   -2.65296e+00   -1.01113e+01
   -2.65286e+00    5.10081e+00    2.43262e+00
   -1.01114e+01    2.43259e+00    7.21921e+00

      T-Protein  T-non-Protein
    3.00366e+02    3.00099e+02


	M E G A - F L O P S   A C C O U N T I N G

 NB=Group-cutoff nonbonded kernels    NxN=N-by-N cluster Verlet kernels
 RF=Reaction-Field  VdW=Van der Waals  QSTab=quadratic-spline table
 W3=SPC/TIP3p  W4=TIP4p (single or pairs)
 V&F=Potential and force  V=Potential only  F=Force only

 Computing:                               M-Number         M-Flops  % Flops
-----------------------------------------------------------------------------
 Pair Search distance check            2893.034928       26037.314     0.0
 NxN Ewald Elec. + LJ [F]           2528460.443520   166878389.272    98.3
 NxN Ewald Elec. + LJ [V&F]           25545.096320     2733325.306     1.6
 1,4 nonbonded interactions             352.500705       31725.063     0.0
 Shift-X                                 27.065412         162.392     0.0
 Bonds                                   54.000108        3186.006     0.0
 Angles                                 245.000490       41160.082     0.0
 Propers                                383.500767       87821.676     0.1
 Impropers                               12.500025        2600.005     0.0
 Virial                                  54.575457         982.358     0.0
 Stop-CM                                 27.065412         270.654     0.0
 Calc-Ekin                              541.210824       14612.692     0.0
-----------------------------------------------------------------------------
 Total                                               169820272.823   100.0
-----------------------------------------------------------------------------


      R E A L   C Y C L E   A N D   T I M E   A C C O U N T I N G

On 1 MPI rank, each using 4 OpenMP threads

 Activity:              Num   Num      Call    Wall time         Giga-Cycles
                        Ranks Threads  Count      (s)         total sum    %
--------------------------------------------------------------------------------
 Neighbor search           1    4       5001       7.649         79.310   1.4
 Launch PP GPU ops.        1    4     995001      35.226        365.232   6.3
 Force                     1    4     500001      41.561        430.905   7.4
 PME GPU mesh              1    4     500001      29.801        308.981   5.3
 Wait GPU NB local         1    4     490000       1.903         19.726   0.3
 Wait GPU state copy       1    4     620003     422.576       4381.310  75.4
 NB X/F buffer ops.        1    4      10001       0.344          3.567   0.1
 Write traj.               1    4       1001       1.457         15.104   0.3
 Rest                                             19.810        205.396   3.5
--------------------------------------------------------------------------------
 Total                                           560.327       5809.531 100.0
--------------------------------------------------------------------------------
 Breakdown of PME mesh activities
--------------------------------------------------------------------------------
 Wait PME GPU gather       1    4     500001       2.003         20.771   0.4
 Reduce GPU PME F          1    4     500001       0.206          2.134   0.0
 Launch PME GPU ops.       1    4    4500009      26.461        274.348   4.7
--------------------------------------------------------------------------------

               Core t (s)   Wall t (s)        (%)
       Time:     2241.303      560.327      400.0
                 (ns/day)    (hour/ns)
Performance:      154.196        0.156
Finished mdrun on rank 0 Fri Apr  7 15:13:33 2023

